2025-08-20 00:26:39.118 INFO  c.k.katalon.core.main.TestSuiteExecutor  - START Test Suites/TS2_Data Driven Suite
2025-08-20 00:26:39.258 INFO  c.k.katalon.core.main.TestSuiteExecutor  - userFullName = Win Eng
2025-08-20 00:26:39.259 INFO  c.k.katalon.core.main.TestSuiteExecutor  - projectName = ProjectTestForm
2025-08-20 00:26:39.260 INFO  c.k.katalon.core.main.TestSuiteExecutor  - hostName = Winnie Lim - LAPTOP-B1MJ4OTP
2025-08-20 00:26:39.261 INFO  c.k.katalon.core.main.TestSuiteExecutor  - os = Windows 11 64bit
2025-08-20 00:26:39.262 INFO  c.k.katalon.core.main.TestSuiteExecutor  - hostAddress = 192.168.0.5
2025-08-20 00:26:39.262 INFO  c.k.katalon.core.main.TestSuiteExecutor  - katalonVersion = 10.3.0.0
2025-08-20 00:26:40.147 INFO  c.k.katalon.core.main.TestCaseExecutor   - --------------------
2025-08-20 00:26:40.147 INFO  c.k.katalon.core.main.TestCaseExecutor   - START Test Cases/FormPage/TC10_DataDriven_Successful Submission
2025-08-20 00:26:40.246 INFO  c.k.katalon.core.main.TestCaseExecutor   - FirstName = Mark
2025-08-20 00:26:40.248 INFO  c.k.katalon.core.main.TestCaseExecutor   - LastName = Tan
2025-08-20 00:26:40.250 INFO  c.k.katalon.core.main.TestCaseExecutor   - Email = bt@yahoo.com
2025-08-20 00:26:40.250 INFO  c.k.katalon.core.main.TestCaseExecutor   - MobileNumber = 98765432
2025-08-20 00:26:40.251 INFO  c.k.katalon.core.main.TestCaseExecutor   - DateOfBirth = 12091970
2025-08-20 00:26:40.251 INFO  c.k.katalon.core.main.TestCaseExecutor   - Address = 712 Bukit Batok Singapore
2025-08-20 00:26:40.251 INFO  c.k.katalon.core.main.TestCaseExecutor   - Gender = Male
2025-08-20 00:26:40.251 INFO  c.k.katalon.core.main.TestCaseExecutor   - Hobby = Sport
2025-08-20 00:26:40.251 INFO  c.k.katalon.core.main.TestCaseExecutor   - Location = East
2025-08-20 00:26:41.095 DEBUG t.TC10_DataDriven_Successful Submission  - 1: callTestCase(findTestCase("Common/TC_Launch Browser"), [:], STOP_ON_FAILURE)
2025-08-20 00:26:41.306 INFO  c.k.katalon.core.main.TestCaseExecutor   - --------------------
2025-08-20 00:26:41.306 INFO  c.k.katalon.core.main.TestCaseExecutor   - CALL Test Cases/Common/TC_Launch Browser
2025-08-20 00:26:41.405 DEBUG testcase.TC_Launch Browser               - 1: openBrowser("http://go.gov.sg/gt-qe")
2025-08-20 00:26:41.711 INFO  c.k.k.core.webui.driver.DriverFactory    - Starting 'Chrome' driver
2025-08-20 00:26:41.800 INFO  c.k.k.core.webui.driver.DriverFactory    - Action delay is set to 0 milliseconds
Aug 20, 2025 12:26:43 AM org.openqa.selenium.devtools.CdpVersionFinder findNearestMatch
WARNING: Unable to find an exact match for CDP version 139, returning the closest version; found: 135; Please update to a Selenium version that supports CDP version 139
2025-08-20 00:26:44.144 INFO  c.k.k.core.webui.driver.DriverFactory    - sessionId = da0cf51ed20f9ffb3e360a1eda1d5007
2025-08-20 00:26:44.146 INFO  c.k.k.core.webui.driver.DriverFactory    - browser = Chrome 139.0.7258.128
2025-08-20 00:26:44.147 INFO  c.k.k.core.webui.driver.DriverFactory    - platform = Windows 11
2025-08-20 00:26:44.148 INFO  c.k.k.core.webui.driver.DriverFactory    - seleniumVersion = 4.28.1
2025-08-20 00:26:44.156 INFO  c.k.k.core.webui.driver.DriverFactory    - proxyInformation = ProxyInformation { proxyOption=NO_PROXY, proxyServerType=HTTP, username=, password=********, proxyServerAddress=, proxyServerPort=0, executionList="", isApplyToDesiredCapabilities=true }
2025-08-20 00:26:44.515 DEBUG testcase.TC_Launch Browser               - 2: maximizeWindow()
2025-08-20 00:26:44.680 DEBUG testcase.TC_Launch Browser               - 3: navigateToUrl("http://go.gov.sg/gt-qe")
2025-08-20 00:26:44.692 WARN  testcase.TC_Launch Browser               - SKIPPED NOT_RUN: navigateToUrl("http://go.gov.sg/gt-qe")
2025-08-20 00:26:44.700 DEBUG testcase.TC_Launch Browser               - 4: delay(5)
2025-08-20 00:26:49.760 INFO  c.k.katalon.core.main.TestCaseExecutor   - END CALL Test Cases/Common/TC_Launch Browser
2025-08-20 00:26:49.761 INFO  c.k.katalon.core.main.TestCaseExecutor   - --------------------
2025-08-20 00:26:49.778 DEBUG t.TC10_DataDriven_Successful Submission  - 2: setText(findTestObject("Module/Test Form/input_First Name"), FirstName)
2025-08-20 00:26:53.730 DEBUG t.TC10_DataDriven_Successful Submission  - 3: setText(findTestObject("Module/Test Form/input_Last Name"), LastName)
2025-08-20 00:26:54.656 DEBUG t.TC10_DataDriven_Successful Submission  - 4: setText(findTestObject("Module/Test Form/input_Email"), Email)
2025-08-20 00:26:55.429 DEBUG t.TC10_DataDriven_Successful Submission  - 5: if (Gender == "Male")
2025-08-20 00:26:55.436 DEBUG t.TC10_DataDriven_Successful Submission  - 1: click(findTestObject("Module/Test Form/radiobutton_Male"))
2025-08-20 00:26:55.898 DEBUG t.TC10_DataDriven_Successful Submission  - 7: setText(findTestObject("Module/Test Form/input_Mobile number"), MobileNumber)
2025-08-20 00:26:56.729 DEBUG t.TC10_DataDriven_Successful Submission  - 8: click(findTestObject("Module/Test Form/input_Date of Birth"))
2025-08-20 00:26:57.219 DEBUG t.TC10_DataDriven_Successful Submission  - 9: delay(3)
2025-08-20 00:27:00.228 DEBUG t.TC10_DataDriven_Successful Submission  - 10: focus(findTestObject("Module/Test Form/input_Date of Birth"), STOP_ON_FAILURE)
2025-08-20 00:27:00.542 DEBUG t.TC10_DataDriven_Successful Submission  - 11: sendKeys(findTestObject("Module/Test Form/input_Date of Birth"), DateOfBirth)
2025-08-20 00:27:00.966 DEBUG t.TC10_DataDriven_Successful Submission  - 12: if (Hobby == "Sport")
2025-08-20 00:27:00.968 DEBUG t.TC10_DataDriven_Successful Submission  - 1: click(findTestObject("Module/Test Form/checkbox_Sports"))
2025-08-20 00:27:01.459 DEBUG t.TC10_DataDriven_Successful Submission  - 15: click(findTestObject("Module/Test Form/dropdown_SelectLocation"))
2025-08-20 00:27:02.121 DEBUG t.TC10_DataDriven_Successful Submission  - 16: setText(findTestObject("Module/Test Form/input_Location(optional)"), Location, STOP_ON_FAILURE)
2025-08-20 00:27:03.451 DEBUG t.TC10_DataDriven_Successful Submission  - 17: delay(3)
2025-08-20 00:27:06.463 DEBUG t.TC10_DataDriven_Successful Submission  - 18: sendKeys(findTestObject("Module/Test Form/input_Location(optional)"), Keys.chord(ENTER))
2025-08-20 00:27:06.851 DEBUG t.TC10_DataDriven_Successful Submission  - 19: setText(findTestObject("Module/Test Form/textarea_Address(optional)"), Address)
2025-08-20 00:27:08.127 DEBUG t.TC10_DataDriven_Successful Submission  - 20: click(findTestObject("Module/Test Form/button_Submit now"))
2025-08-20 00:27:08.637 DEBUG t.TC10_DataDriven_Successful Submission  - 21: verifyTextPresent("Thank you for filling out the form.", false)
2025-08-20 00:27:09.282 ERROR c.k.k.core.keyword.internal.KeywordMain  - ❌ Text 'Thank you for filling out the form.' is not present on page  (Root cause: com.kms.katalon.core.exception.StepFailedException: Text 'Thank you for filling out the form.' is not present on page 
	at com.kms.katalon.core.webui.keyword.internal.WebUIKeywordMain.stepFailed(WebUIKeywordMain.groovy:175)
	at com.kms.katalon.core.webui.keyword.builtin.VerifyTextPresentKeyword$_verifyTextPresent_closure1.doCall(VerifyTextPresentKeyword.groovy:79)
	at com.kms.katalon.core.webui.keyword.builtin.VerifyTextPresentKeyword$_verifyTextPresent_closure1.call(VerifyTextPresentKeyword.groovy)
	at com.kms.katalon.core.webui.keyword.internal.WebUIKeywordMain.runKeyword(WebUIKeywordMain.groovy:41)
	at com.kms.katalon.core.webui.keyword.builtin.VerifyTextPresentKeyword.verifyTextPresent(VerifyTextPresentKeyword.groovy:83)
	at com.kms.katalon.core.webui.keyword.builtin.VerifyTextPresentKeyword.execute(VerifyTextPresentKeyword.groovy:68)
	at com.kms.katalon.core.keyword.internal.KeywordExecutor.executeKeywordForPlatform(KeywordExecutor.groovy:79)
	at com.kms.katalon.core.webui.keyword.WebUiBuiltInKeywords.verifyTextPresent(WebUiBuiltInKeywords.groovy:1799)
	at TC10_DataDriven_Successful Submission.run(TC10_DataDriven_Successful Submission:67)
	at com.kms.katalon.core.main.ScriptEngine.run(ScriptEngine.java:194)
	at com.kms.katalon.core.main.ScriptEngine.runScriptAsRawText(ScriptEngine.java:119)
	at com.kms.katalon.core.main.TestCaseExecutor.runScript(TestCaseExecutor.java:486)
	at com.kms.katalon.core.main.TestCaseExecutor.doExecute(TestCaseExecutor.java:477)
	at com.kms.katalon.core.main.TestCaseExecutor.processExecutionPhase(TestCaseExecutor.java:456)
	at com.kms.katalon.core.main.TestCaseExecutor.accessMainPhase(TestCaseExecutor.java:448)
	at com.kms.katalon.core.main.TestCaseExecutor.execute(TestCaseExecutor.java:322)
	at com.kms.katalon.core.common.CommonExecutor.accessTestCaseMainPhase(CommonExecutor.java:71)
	at com.kms.katalon.core.main.TestSuiteExecutor.accessTestSuiteMainPhase(TestSuiteExecutor.java:145)
	at com.kms.katalon.core.main.TestSuiteExecutor.execute(TestSuiteExecutor.java:104)
	at com.kms.katalon.core.main.TestCaseMain.startTestSuite(TestCaseMain.java:205)
	at TempTestSuite1755620794647.run(TempTestSuite1755620794647.groovy:35)
	at java.base/jdk.internal.reflect.NativeMethodAccessorImpl.invoke0(Native Method)
	at java.base/jdk.internal.reflect.NativeMethodAccessorImpl.invoke(NativeMethodAccessorImpl.java:77)
	at java.base/jdk.internal.reflect.DelegatingMethodAccessorImpl.invoke(DelegatingMethodAccessorImpl.java:43)
)
2025-08-20 00:27:09.524 ERROR c.k.k.core.keyword.internal.KeywordMain  - ❌ Unable to verify text 'Thank you for filling out the form.' is present  (Root cause: com.kms.katalon.core.exception.StepFailedException: Unable to verify text 'Thank you for filling out the form.' is present 
	at com.kms.katalon.core.webui.keyword.internal.WebUIKeywordMain.stepFailed(WebUIKeywordMain.groovy:175)
	at com.kms.katalon.core.webui.keyword.internal.WebUIKeywordMain.runKeyword(WebUIKeywordMain.groovy:49)
	at com.kms.katalon.core.webui.keyword.builtin.VerifyTextPresentKeyword.verifyTextPresent(VerifyTextPresentKeyword.groovy:83)
	at com.kms.katalon.core.webui.keyword.builtin.VerifyTextPresentKeyword.execute(VerifyTextPresentKeyword.groovy:68)
	at com.kms.katalon.core.keyword.internal.KeywordExecutor.executeKeywordForPlatform(KeywordExecutor.groovy:79)
	at com.kms.katalon.core.webui.keyword.WebUiBuiltInKeywords.verifyTextPresent(WebUiBuiltInKeywords.groovy:1799)
	at TC10_DataDriven_Successful Submission.run(TC10_DataDriven_Successful Submission:67)
	at com.kms.katalon.core.main.ScriptEngine.run(ScriptEngine.java:194)
	at com.kms.katalon.core.main.ScriptEngine.runScriptAsRawText(ScriptEngine.java:119)
	at com.kms.katalon.core.main.TestCaseExecutor.runScript(TestCaseExecutor.java:486)
	at com.kms.katalon.core.main.TestCaseExecutor.doExecute(TestCaseExecutor.java:477)
	at com.kms.katalon.core.main.TestCaseExecutor.processExecutionPhase(TestCaseExecutor.java:456)
	at com.kms.katalon.core.main.TestCaseExecutor.accessMainPhase(TestCaseExecutor.java:448)
	at com.kms.katalon.core.main.TestCaseExecutor.execute(TestCaseExecutor.java:322)
	at com.kms.katalon.core.common.CommonExecutor.accessTestCaseMainPhase(CommonExecutor.java:71)
	at com.kms.katalon.core.main.TestSuiteExecutor.accessTestSuiteMainPhase(TestSuiteExecutor.java:145)
	at com.kms.katalon.core.main.TestSuiteExecutor.execute(TestSuiteExecutor.java:104)
	at com.kms.katalon.core.main.TestCaseMain.startTestSuite(TestCaseMain.java:205)
	at TempTestSuite1755620794647.run(TempTestSuite1755620794647.groovy:35)
	at java.base/jdk.internal.reflect.NativeMethodAccessorImpl.invoke0(Native Method)
	at java.base/jdk.internal.reflect.NativeMethodAccessorImpl.invoke(NativeMethodAccessorImpl.java:77)
	at java.base/jdk.internal.reflect.DelegatingMethodAccessorImpl.invoke(DelegatingMethodAccessorImpl.java:43)
Caused by: com.kms.katalon.core.exception.StepFailedException: Text 'Thank you for filling out the form.' is not present on page 
	at com.kms.katalon.core.webui.keyword.internal.WebUIKeywordMain.stepFailed(WebUIKeywordMain.groovy:175)
	at com.kms.katalon.core.webui.keyword.builtin.VerifyTextPresentKeyword$_verifyTextPresent_closure1.doCall(VerifyTextPresentKeyword.groovy:79)
	at com.kms.katalon.core.webui.keyword.builtin.VerifyTextPresentKeyword$_verifyTextPresent_closure1.call(VerifyTextPresentKeyword.groovy)
	at com.kms.katalon.core.webui.keyword.internal.WebUIKeywordMain.runKeyword(WebUIKeywordMain.groovy:41)
	... 20 more
)
2025-08-20 00:27:09.530 ERROR c.k.katalon.core.main.TestCaseExecutor   - ❌ Test Cases/FormPage/TC10_DataDriven_Successful Submission FAILED.
Reason:
com.kms.katalon.core.exception.StepFailedException: Unable to verify text 'Thank you for filling out the form.' is present 
	at com.kms.katalon.core.webui.keyword.internal.WebUIKeywordMain.stepFailed(WebUIKeywordMain.groovy:175)
	at com.kms.katalon.core.webui.keyword.internal.WebUIKeywordMain.runKeyword(WebUIKeywordMain.groovy:49)
	at com.kms.katalon.core.webui.keyword.builtin.VerifyTextPresentKeyword.verifyTextPresent(VerifyTextPresentKeyword.groovy:83)
	at com.kms.katalon.core.webui.keyword.builtin.VerifyTextPresentKeyword.execute(VerifyTextPresentKeyword.groovy:68)
	at com.kms.katalon.core.keyword.internal.KeywordExecutor.executeKeywordForPlatform(KeywordExecutor.groovy:79)
	at com.kms.katalon.core.webui.keyword.WebUiBuiltInKeywords.verifyTextPresent(WebUiBuiltInKeywords.groovy:1799)
	at TC10_DataDriven_Successful Submission.run(TC10_DataDriven_Successful Submission:67)
	at com.kms.katalon.core.main.ScriptEngine.run(ScriptEngine.java:194)
	at com.kms.katalon.core.main.ScriptEngine.runScriptAsRawText(ScriptEngine.java:119)
	at com.kms.katalon.core.main.TestCaseExecutor.runScript(TestCaseExecutor.java:486)
	at com.kms.katalon.core.main.TestCaseExecutor.doExecute(TestCaseExecutor.java:477)
	at com.kms.katalon.core.main.TestCaseExecutor.processExecutionPhase(TestCaseExecutor.java:456)
	at com.kms.katalon.core.main.TestCaseExecutor.accessMainPhase(TestCaseExecutor.java:448)
	at com.kms.katalon.core.main.TestCaseExecutor.execute(TestCaseExecutor.java:322)
	at com.kms.katalon.core.common.CommonExecutor.accessTestCaseMainPhase(CommonExecutor.java:71)
	at com.kms.katalon.core.main.TestSuiteExecutor.accessTestSuiteMainPhase(TestSuiteExecutor.java:145)
	at com.kms.katalon.core.main.TestSuiteExecutor.execute(TestSuiteExecutor.java:104)
	at com.kms.katalon.core.main.TestCaseMain.startTestSuite(TestCaseMain.java:205)
	at TempTestSuite1755620794647.run(TempTestSuite1755620794647.groovy:35)
	at java.base/jdk.internal.reflect.NativeMethodAccessorImpl.invoke0(Native Method)
	at java.base/jdk.internal.reflect.NativeMethodAccessorImpl.invoke(NativeMethodAccessorImpl.java:77)
	at java.base/jdk.internal.reflect.DelegatingMethodAccessorImpl.invoke(DelegatingMethodAccessorImpl.java:43)
Caused by: com.kms.katalon.core.exception.StepFailedException: Text 'Thank you for filling out the form.' is not present on page 
	at com.kms.katalon.core.webui.keyword.internal.WebUIKeywordMain.stepFailed(WebUIKeywordMain.groovy:175)
	at com.kms.katalon.core.webui.keyword.builtin.VerifyTextPresentKeyword$_verifyTextPresent_closure1.doCall(VerifyTextPresentKeyword.groovy:79)
	at com.kms.katalon.core.webui.keyword.builtin.VerifyTextPresentKeyword$_verifyTextPresent_closure1.call(VerifyTextPresentKeyword.groovy)
	at com.kms.katalon.core.webui.keyword.internal.WebUIKeywordMain.runKeyword(WebUIKeywordMain.groovy:41)
	... 20 more

2025-08-20 00:27:09.544 INFO  c.k.katalon.core.main.TestCaseExecutor   - END Test Cases/FormPage/TC10_DataDriven_Successful Submission
2025-08-20 00:27:09.552 INFO  c.k.katalon.core.main.TestCaseExecutor   - --------------------
2025-08-20 00:27:09.553 INFO  c.k.katalon.core.main.TestCaseExecutor   - START Test Cases/FormPage/TC10_DataDriven_Successful Submission
2025-08-20 00:27:09.587 INFO  c.k.katalon.core.main.TestCaseExecutor   - FirstName = Mark
2025-08-20 00:27:09.588 INFO  c.k.katalon.core.main.TestCaseExecutor   - LastName = Tan
2025-08-20 00:27:09.588 INFO  c.k.katalon.core.main.TestCaseExecutor   - Email = bt@yahoo.com
2025-08-20 00:27:09.589 INFO  c.k.katalon.core.main.TestCaseExecutor   - MobileNumber = 98765432
2025-08-20 00:27:09.589 INFO  c.k.katalon.core.main.TestCaseExecutor   - DateOfBirth = 12091970
2025-08-20 00:27:09.590 INFO  c.k.katalon.core.main.TestCaseExecutor   - Address = 712 Bukit Batok Singapore
2025-08-20 00:27:09.590 INFO  c.k.katalon.core.main.TestCaseExecutor   - Gender = Male
2025-08-20 00:27:09.591 INFO  c.k.katalon.core.main.TestCaseExecutor   - Hobby = Sport
2025-08-20 00:27:09.592 INFO  c.k.katalon.core.main.TestCaseExecutor   - Location = East
2025-08-20 00:27:09.597 DEBUG t.TC10_DataDriven_Successful Submission  - 1: callTestCase(findTestCase("Common/TC_Launch Browser"), [:], STOP_ON_FAILURE)
2025-08-20 00:27:09.662 INFO  c.k.katalon.core.main.TestCaseExecutor   - --------------------
2025-08-20 00:27:09.663 INFO  c.k.katalon.core.main.TestCaseExecutor   - CALL Test Cases/Common/TC_Launch Browser
2025-08-20 00:27:09.683 DEBUG testcase.TC_Launch Browser               - 1: openBrowser("http://go.gov.sg/gt-qe")
2025-08-20 00:27:09.688 WARN  c.k.k.core.webui.driver.DriverFactory    - A browser is already opened. Closing browser and opening a new one
2025-08-20 00:27:09.994 INFO  c.k.k.core.webui.driver.DriverFactory    - Starting 'Chrome' driver
2025-08-20 00:27:09.995 INFO  c.k.k.core.webui.driver.DriverFactory    - Action delay is set to 0 milliseconds
Aug 20, 2025 12:27:10 AM org.openqa.selenium.devtools.CdpVersionFinder findNearestMatch
WARNING: Unable to find an exact match for CDP version 139, returning the closest version; found: 135; Please update to a Selenium version that supports CDP version 139
2025-08-20 00:27:11.124 INFO  c.k.k.core.webui.driver.DriverFactory    - sessionId = 30217805a8f003e2af79b3a60ef63acf
2025-08-20 00:27:11.125 INFO  c.k.k.core.webui.driver.DriverFactory    - browser = Chrome 139.0.7258.128
2025-08-20 00:27:11.126 INFO  c.k.k.core.webui.driver.DriverFactory    - platform = Windows 11
2025-08-20 00:27:11.126 INFO  c.k.k.core.webui.driver.DriverFactory    - seleniumVersion = 4.28.1
2025-08-20 00:27:11.127 INFO  c.k.k.core.webui.driver.DriverFactory    - proxyInformation = ProxyInformation { proxyOption=NO_PROXY, proxyServerType=HTTP, username=, password=********, proxyServerAddress=, proxyServerPort=0, executionList="", isApplyToDesiredCapabilities=true }
2025-08-20 00:27:11.560 DEBUG testcase.TC_Launch Browser               - 2: maximizeWindow()
2025-08-20 00:27:11.631 DEBUG testcase.TC_Launch Browser               - 3: navigateToUrl("http://go.gov.sg/gt-qe")
2025-08-20 00:27:11.633 WARN  testcase.TC_Launch Browser               - SKIPPED NOT_RUN: navigateToUrl("http://go.gov.sg/gt-qe")
2025-08-20 00:27:11.634 DEBUG testcase.TC_Launch Browser               - 4: delay(5)
2025-08-20 00:27:16.645 INFO  c.k.katalon.core.main.TestCaseExecutor   - END CALL Test Cases/Common/TC_Launch Browser
2025-08-20 00:27:16.645 INFO  c.k.katalon.core.main.TestCaseExecutor   - --------------------
2025-08-20 00:27:16.646 DEBUG t.TC10_DataDriven_Successful Submission  - 2: setText(findTestObject("Module/Test Form/input_First Name"), FirstName)
2025-08-20 00:27:20.731 DEBUG t.TC10_DataDriven_Successful Submission  - 3: setText(findTestObject("Module/Test Form/input_Last Name"), LastName)
2025-08-20 00:27:21.691 DEBUG t.TC10_DataDriven_Successful Submission  - 4: setText(findTestObject("Module/Test Form/input_Email"), Email)
2025-08-20 00:27:22.484 DEBUG t.TC10_DataDriven_Successful Submission  - 5: if (Gender == "Male")
2025-08-20 00:27:22.485 DEBUG t.TC10_DataDriven_Successful Submission  - 1: click(findTestObject("Module/Test Form/radiobutton_Male"))
2025-08-20 00:27:22.982 DEBUG t.TC10_DataDriven_Successful Submission  - 7: setText(findTestObject("Module/Test Form/input_Mobile number"), MobileNumber)
2025-08-20 00:27:23.840 DEBUG t.TC10_DataDriven_Successful Submission  - 8: click(findTestObject("Module/Test Form/input_Date of Birth"))
2025-08-20 00:27:24.313 DEBUG t.TC10_DataDriven_Successful Submission  - 9: delay(3)
2025-08-20 00:27:27.319 DEBUG t.TC10_DataDriven_Successful Submission  - 10: focus(findTestObject("Module/Test Form/input_Date of Birth"), STOP_ON_FAILURE)
2025-08-20 00:27:27.592 DEBUG t.TC10_DataDriven_Successful Submission  - 11: sendKeys(findTestObject("Module/Test Form/input_Date of Birth"), DateOfBirth)
2025-08-20 00:27:27.991 DEBUG t.TC10_DataDriven_Successful Submission  - 12: if (Hobby == "Sport")
2025-08-20 00:27:27.992 DEBUG t.TC10_DataDriven_Successful Submission  - 1: click(findTestObject("Module/Test Form/checkbox_Sports"))
2025-08-20 00:27:27.991 DEBUG t.TC10_DataDriven_Successful Submission  - 12: if (Hobby == "Sport")
2025-08-20 00:27:27.992 DEBUG t.TC10_DataDriven_Successful Submission  - 1: click(findTestObject("Module/Test Form/checkbox_Sports"))
2025-08-20 00:27:28.447 DEBUG t.TC10_DataDriven_Successful Submission  - 15: click(findTestObject("Module/Test Form/dropdown_SelectLocation"))
2025-08-20 00:27:29.108 DEBUG t.TC10_DataDriven_Successful Submission  - 16: setText(findTestObject("Module/Test Form/input_Location(optional)"), Location, STOP_ON_FAILURE)
2025-08-20 00:27:30.249 DEBUG t.TC10_DataDriven_Successful Submission  - 17: delay(3)
2025-08-20 00:27:33.253 DEBUG t.TC10_DataDriven_Successful Submission  - 18: sendKeys(findTestObject("Module/Test Form/input_Location(optional)"), Keys.chord(ENTER))
2025-08-20 00:27:33.584 DEBUG t.TC10_DataDriven_Successful Submission  - 19: setText(findTestObject("Module/Test Form/textarea_Address(optional)"), Address)
2025-08-20 00:27:34.808 DEBUG t.TC10_DataDriven_Successful Submission  - 20: click(findTestObject("Module/Test Form/button_Submit now"))
2025-08-20 00:27:35.396 DEBUG t.TC10_DataDriven_Successful Submission  - 21: verifyTextPresent("Thank you for filling out the form.", false)
2025-08-20 00:27:36.023 ERROR c.k.k.core.keyword.internal.KeywordMain  - ❌ Text 'Thank you for filling out the form.' is not present on page  (Root cause: com.kms.katalon.core.exception.StepFailedException: Text 'Thank you for filling out the form.' is not present on page 
	at com.kms.katalon.core.webui.keyword.internal.WebUIKeywordMain.stepFailed(WebUIKeywordMain.groovy:175)
	at com.kms.katalon.core.webui.keyword.builtin.VerifyTextPresentKeyword$_verifyTextPresent_closure1.doCall(VerifyTextPresentKeyword.groovy:79)
	at com.kms.katalon.core.webui.keyword.builtin.VerifyTextPresentKeyword$_verifyTextPresent_closure1.call(VerifyTextPresentKeyword.groovy)
	at com.kms.katalon.core.webui.keyword.internal.WebUIKeywordMain.runKeyword(WebUIKeywordMain.groovy:41)
	at com.kms.katalon.core.webui.keyword.builtin.VerifyTextPresentKeyword.verifyTextPresent(VerifyTextPresentKeyword.groovy:83)
	at com.kms.katalon.core.webui.keyword.builtin.VerifyTextPresentKeyword.execute(VerifyTextPresentKeyword.groovy:68)
	at com.kms.katalon.core.keyword.internal.KeywordExecutor.executeKeywordForPlatform(KeywordExecutor.groovy:79)
	at com.kms.katalon.core.webui.keyword.WebUiBuiltInKeywords.verifyTextPresent(WebUiBuiltInKeywords.groovy:1799)
	at TC10_DataDriven_Successful Submission.run(TC10_DataDriven_Successful Submission:67)
	at com.kms.katalon.core.main.ScriptEngine.run(ScriptEngine.java:194)
	at com.kms.katalon.core.main.ScriptEngine.runScriptAsRawText(ScriptEngine.java:119)
	at com.kms.katalon.core.main.TestCaseExecutor.runScript(TestCaseExecutor.java:486)
	at com.kms.katalon.core.main.TestCaseExecutor.doExecute(TestCaseExecutor.java:477)
	at com.kms.katalon.core.main.TestCaseExecutor.processExecutionPhase(TestCaseExecutor.java:456)
	at com.kms.katalon.core.main.TestCaseExecutor.accessMainPhase(TestCaseExecutor.java:448)
	at com.kms.katalon.core.main.TestCaseExecutor.execute(TestCaseExecutor.java:322)
	at com.kms.katalon.core.main.TestCaseExecutor.execute(TestCaseExecutor.java:406)
	at com.kms.katalon.core.common.CommonExecutor.accessTestCaseMainPhase(CommonExecutor.java:71)
	at com.kms.katalon.core.main.TestSuiteExecutor.accessTestSuiteMainPhase(TestSuiteExecutor.java:145)
	at com.kms.katalon.core.main.TestSuiteExecutor.execute(TestSuiteExecutor.java:104)
	at com.kms.katalon.core.main.TestCaseMain.startTestSuite(TestCaseMain.java:205)
	at TempTestSuite1755620794647.run(TempTestSuite1755620794647.groovy:35)
	at java.base/jdk.internal.reflect.NativeMethodAccessorImpl.invoke0(Native Method)
	at java.base/jdk.internal.reflect.NativeMethodAccessorImpl.invoke(NativeMethodAccessorImpl.java:77)
	at java.base/jdk.internal.reflect.DelegatingMethodAccessorImpl.invoke(DelegatingMethodAccessorImpl.java:43)
)
2025-08-20 00:27:36.208 ERROR c.k.k.core.keyword.internal.KeywordMain  - ❌ Unable to verify text 'Thank you for filling out the form.' is present  (Root cause: com.kms.katalon.core.exception.StepFailedException: Unable to verify text 'Thank you for filling out the form.' is present 
	at com.kms.katalon.core.webui.keyword.internal.WebUIKeywordMain.stepFailed(WebUIKeywordMain.groovy:175)
	at com.kms.katalon.core.webui.keyword.internal.WebUIKeywordMain.runKeyword(WebUIKeywordMain.groovy:49)
	at com.kms.katalon.core.webui.keyword.builtin.VerifyTextPresentKeyword.verifyTextPresent(VerifyTextPresentKeyword.groovy:83)
	at com.kms.katalon.core.webui.keyword.builtin.VerifyTextPresentKeyword.execute(VerifyTextPresentKeyword.groovy:68)
	at com.kms.katalon.core.keyword.internal.KeywordExecutor.executeKeywordForPlatform(KeywordExecutor.groovy:79)
	at com.kms.katalon.core.webui.keyword.WebUiBuiltInKeywords.verifyTextPresent(WebUiBuiltInKeywords.groovy:1799)
	at TC10_DataDriven_Successful Submission.run(TC10_DataDriven_Successful Submission:67)
	at com.kms.katalon.core.main.ScriptEngine.run(ScriptEngine.java:194)
	at com.kms.katalon.core.main.ScriptEngine.runScriptAsRawText(ScriptEngine.java:119)
	at com.kms.katalon.core.main.TestCaseExecutor.runScript(TestCaseExecutor.java:486)
	at com.kms.katalon.core.main.TestCaseExecutor.doExecute(TestCaseExecutor.java:477)
	at com.kms.katalon.core.main.TestCaseExecutor.processExecutionPhase(TestCaseExecutor.java:456)
	at com.kms.katalon.core.main.TestCaseExecutor.accessMainPhase(TestCaseExecutor.java:448)
	at com.kms.katalon.core.main.TestCaseExecutor.execute(TestCaseExecutor.java:322)
	at com.kms.katalon.core.main.TestCaseExecutor.execute(TestCaseExecutor.java:406)
	at com.kms.katalon.core.common.CommonExecutor.accessTestCaseMainPhase(CommonExecutor.java:71)
	at com.kms.katalon.core.main.TestSuiteExecutor.accessTestSuiteMainPhase(TestSuiteExecutor.java:145)
	at com.kms.katalon.core.main.TestSuiteExecutor.execute(TestSuiteExecutor.java:104)
	at com.kms.katalon.core.main.TestCaseMain.startTestSuite(TestCaseMain.java:205)
	at TempTestSuite1755620794647.run(TempTestSuite1755620794647.groovy:35)
	at java.base/jdk.internal.reflect.NativeMethodAccessorImpl.invoke0(Native Method)
	at java.base/jdk.internal.reflect.NativeMethodAccessorImpl.invoke(NativeMethodAccessorImpl.java:77)
	at java.base/jdk.internal.reflect.DelegatingMethodAccessorImpl.invoke(DelegatingMethodAccessorImpl.java:43)
Caused by: com.kms.katalon.core.exception.StepFailedException: Text 'Thank you for filling out the form.' is not present on page 
	at com.kms.katalon.core.webui.keyword.internal.WebUIKeywordMain.stepFailed(WebUIKeywordMain.groovy:175)
	at com.kms.katalon.core.webui.keyword.builtin.VerifyTextPresentKeyword$_verifyTextPresent_closure1.doCall(VerifyTextPresentKeyword.groovy:79)
	at com.kms.katalon.core.webui.keyword.builtin.VerifyTextPresentKeyword$_verifyTextPresent_closure1.call(VerifyTextPresentKeyword.groovy)
	at com.kms.katalon.core.webui.keyword.internal.WebUIKeywordMain.runKeyword(WebUIKeywordMain.groovy:41)
	... 21 more
)
2025-08-20 00:27:36.213 ERROR c.k.katalon.core.main.TestCaseExecutor   - ❌ Test Cases/FormPage/TC10_DataDriven_Successful Submission FAILED.
Reason:
com.kms.katalon.core.exception.StepFailedException: Unable to verify text 'Thank you for filling out the form.' is present 
	at com.kms.katalon.core.webui.keyword.internal.WebUIKeywordMain.stepFailed(WebUIKeywordMain.groovy:175)
	at com.kms.katalon.core.webui.keyword.internal.WebUIKeywordMain.runKeyword(WebUIKeywordMain.groovy:49)
	at com.kms.katalon.core.webui.keyword.builtin.VerifyTextPresentKeyword.verifyTextPresent(VerifyTextPresentKeyword.groovy:83)
	at com.kms.katalon.core.webui.keyword.builtin.VerifyTextPresentKeyword.execute(VerifyTextPresentKeyword.groovy:68)
	at com.kms.katalon.core.keyword.internal.KeywordExecutor.executeKeywordForPlatform(KeywordExecutor.groovy:79)
	at com.kms.katalon.core.webui.keyword.WebUiBuiltInKeywords.verifyTextPresent(WebUiBuiltInKeywords.groovy:1799)
	at TC10_DataDriven_Successful Submission.run(TC10_DataDriven_Successful Submission:67)
	at com.kms.katalon.core.main.ScriptEngine.run(ScriptEngine.java:194)
	at com.kms.katalon.core.main.ScriptEngine.runScriptAsRawText(ScriptEngine.java:119)
	at com.kms.katalon.core.main.TestCaseExecutor.runScript(TestCaseExecutor.java:486)
	at com.kms.katalon.core.main.TestCaseExecutor.doExecute(TestCaseExecutor.java:477)
	at com.kms.katalon.core.main.TestCaseExecutor.processExecutionPhase(TestCaseExecutor.java:456)
	at com.kms.katalon.core.main.TestCaseExecutor.accessMainPhase(TestCaseExecutor.java:448)
	at com.kms.katalon.core.main.TestCaseExecutor.execute(TestCaseExecutor.java:322)
	at com.kms.katalon.core.main.TestCaseExecutor.execute(TestCaseExecutor.java:406)
	at com.kms.katalon.core.common.CommonExecutor.accessTestCaseMainPhase(CommonExecutor.java:71)
	at com.kms.katalon.core.main.TestSuiteExecutor.accessTestSuiteMainPhase(TestSuiteExecutor.java:145)
	at com.kms.katalon.core.main.TestSuiteExecutor.execute(TestSuiteExecutor.java:104)
	at com.kms.katalon.core.main.TestCaseMain.startTestSuite(TestCaseMain.java:205)
	at TempTestSuite1755620794647.run(TempTestSuite1755620794647.groovy:35)
	at java.base/jdk.internal.reflect.NativeMethodAccessorImpl.invoke0(Native Method)
	at java.base/jdk.internal.reflect.NativeMethodAccessorImpl.invoke(NativeMethodAccessorImpl.java:77)
	at java.base/jdk.internal.reflect.DelegatingMethodAccessorImpl.invoke(DelegatingMethodAccessorImpl.java:43)
Caused by: com.kms.katalon.core.exception.StepFailedException: Text 'Thank you for filling out the form.' is not present on page 
	at com.kms.katalon.core.webui.keyword.internal.WebUIKeywordMain.stepFailed(WebUIKeywordMain.groovy:175)
	at com.kms.katalon.core.webui.keyword.builtin.VerifyTextPresentKeyword$_verifyTextPresent_closure1.doCall(VerifyTextPresentKeyword.groovy:79)
	at com.kms.katalon.core.webui.keyword.builtin.VerifyTextPresentKeyword$_verifyTextPresent_closure1.call(VerifyTextPresentKeyword.groovy)
	at com.kms.katalon.core.webui.keyword.internal.WebUIKeywordMain.runKeyword(WebUIKeywordMain.groovy:41)
	... 21 more

2025-08-20 00:27:36.218 INFO  c.k.katalon.core.main.TestCaseExecutor   - END Test Cases/FormPage/TC10_DataDriven_Successful Submission
2025-08-20 00:27:36.223 INFO  c.k.katalon.core.main.TestCaseExecutor   - --------------------
2025-08-20 00:27:36.224 INFO  c.k.katalon.core.main.TestCaseExecutor   - START Test Cases/FormPage/TC10_DataDriven_Successful Submission
2025-08-20 00:27:36.258 INFO  c.k.katalon.core.main.TestCaseExecutor   - FirstName = Mark
2025-08-20 00:27:36.258 INFO  c.k.katalon.core.main.TestCaseExecutor   - LastName = Tan
2025-08-20 00:27:36.259 INFO  c.k.katalon.core.main.TestCaseExecutor   - Email = bt@yahoo.com
2025-08-20 00:27:36.260 INFO  c.k.katalon.core.main.TestCaseExecutor   - MobileNumber = 98765432
2025-08-20 00:27:36.261 INFO  c.k.katalon.core.main.TestCaseExecutor   - DateOfBirth = 12091970
2025-08-20 00:27:36.262 INFO  c.k.katalon.core.main.TestCaseExecutor   - Address = 712 Bukit Batok Singapore
2025-08-20 00:27:36.262 INFO  c.k.katalon.core.main.TestCaseExecutor   - Gender = Male
2025-08-20 00:27:36.263 INFO  c.k.katalon.core.main.TestCaseExecutor   - Hobby = Sport
2025-08-20 00:27:36.263 INFO  c.k.katalon.core.main.TestCaseExecutor   - Location = East
2025-08-20 00:27:36.266 DEBUG t.TC10_DataDriven_Successful Submission  - 1: callTestCase(findTestCase("Common/TC_Launch Browser"), [:], STOP_ON_FAILURE)
2025-08-20 00:27:36.329 INFO  c.k.katalon.core.main.TestCaseExecutor   - --------------------
2025-08-20 00:27:36.329 INFO  c.k.katalon.core.main.TestCaseExecutor   - CALL Test Cases/Common/TC_Launch Browser
2025-08-20 00:27:36.366 DEBUG testcase.TC_Launch Browser               - 1: openBrowser("http://go.gov.sg/gt-qe")
2025-08-20 00:27:36.372 WARN  c.k.k.core.webui.driver.DriverFactory    - A browser is already opened. Closing browser and opening a new one
2025-08-20 00:27:36.726 INFO  c.k.k.core.webui.driver.DriverFactory    - Starting 'Chrome' driver
2025-08-20 00:27:36.728 INFO  c.k.k.core.webui.driver.DriverFactory    - Action delay is set to 0 milliseconds
Aug 20, 2025 12:27:37 AM org.openqa.selenium.devtools.CdpVersionFinder findNearestMatch
WARNING: Unable to find an exact match for CDP version 139, returning the closest version; found: 135; Please update to a Selenium version that supports CDP version 139
2025-08-20 00:27:37.883 INFO  c.k.k.core.webui.driver.DriverFactory    - sessionId = 0b96c8bc4fa9a1f41d5868e7981b750f
2025-08-20 00:27:37.884 INFO  c.k.k.core.webui.driver.DriverFactory    - browser = Chrome 139.0.7258.128
2025-08-20 00:27:37.884 INFO  c.k.k.core.webui.driver.DriverFactory    - platform = Windows 11
2025-08-20 00:27:37.884 INFO  c.k.k.core.webui.driver.DriverFactory    - seleniumVersion = 4.28.1
2025-08-20 00:27:37.885 INFO  c.k.k.core.webui.driver.DriverFactory    - proxyInformation = ProxyInformation { proxyOption=NO_PROXY, proxyServerType=HTTP, username=, password=********, proxyServerAddress=, proxyServerPort=0, executionList="", isApplyToDesiredCapabilities=true }
2025-08-20 00:27:38.357 DEBUG testcase.TC_Launch Browser               - 2: maximizeWindow()
2025-08-20 00:27:38.440 DEBUG testcase.TC_Launch Browser               - 3: navigateToUrl("http://go.gov.sg/gt-qe")
2025-08-20 00:27:38.441 WARN  testcase.TC_Launch Browser               - SKIPPED NOT_RUN: navigateToUrl("http://go.gov.sg/gt-qe")
2025-08-20 00:27:38.441 DEBUG testcase.TC_Launch Browser               - 4: delay(5)
2025-08-20 00:27:43.448 INFO  c.k.katalon.core.main.TestCaseExecutor   - END CALL Test Cases/Common/TC_Launch Browser
2025-08-20 00:27:43.448 INFO  c.k.katalon.core.main.TestCaseExecutor   - --------------------
2025-08-20 00:27:43.451 DEBUG t.TC10_DataDriven_Successful Submission  - 2: setText(findTestObject("Module/Test Form/input_First Name"), FirstName)
2025-08-20 00:27:47.528 DEBUG t.TC10_DataDriven_Successful Submission  - 3: setText(findTestObject("Module/Test Form/input_Last Name"), LastName)
2025-08-20 00:27:48.371 DEBUG t.TC10_DataDriven_Successful Submission  - 4: setText(findTestObject("Module/Test Form/input_Email"), Email)
2025-08-20 00:27:49.161 DEBUG t.TC10_DataDriven_Successful Submission  - 5: if (Gender == "Male")
2025-08-20 00:27:49.162 DEBUG t.TC10_DataDriven_Successful Submission  - 1: click(findTestObject("Module/Test Form/radiobutton_Male"))
2025-08-20 00:27:49.681 DEBUG t.TC10_DataDriven_Successful Submission  - 7: setText(findTestObject("Module/Test Form/input_Mobile number"), MobileNumber)
2025-08-20 00:27:50.409 DEBUG t.TC10_DataDriven_Successful Submission  - 8: click(findTestObject("Module/Test Form/input_Date of Birth"))
2025-08-20 00:27:50.864 DEBUG t.TC10_DataDriven_Successful Submission  - 9: delay(3)
2025-08-20 00:27:53.868 DEBUG t.TC10_DataDriven_Successful Submission  - 10: focus(findTestObject("Module/Test Form/input_Date of Birth"), STOP_ON_FAILURE)
2025-08-20 00:27:54.168 DEBUG t.TC10_DataDriven_Successful Submission  - 11: sendKeys(findTestObject("Module/Test Form/input_Date of Birth"), DateOfBirth)
2025-08-20 00:27:54.577 DEBUG t.TC10_DataDriven_Successful Submission  - 12: if (Hobby == "Sport")
2025-08-20 00:27:54.580 DEBUG t.TC10_DataDriven_Successful Submission  - 1: click(findTestObject("Module/Test Form/checkbox_Sports"))
2025-08-20 00:27:55.059 DEBUG t.TC10_DataDriven_Successful Submission  - 15: click(findTestObject("Module/Test Form/dropdown_SelectLocation"))
2025-08-20 00:27:55.724 DEBUG t.TC10_DataDriven_Successful Submission  - 16: setText(findTestObject("Module/Test Form/input_Location(optional)"), Location, STOP_ON_FAILURE)
2025-08-20 00:27:56.851 DEBUG t.TC10_DataDriven_Successful Submission  - 17: delay(3)
2025-08-20 00:27:59.855 DEBUG t.TC10_DataDriven_Successful Submission  - 18: sendKeys(findTestObject("Module/Test Form/input_Location(optional)"), Keys.chord(ENTER))
2025-08-20 00:28:00.176 DEBUG t.TC10_DataDriven_Successful Submission  - 19: setText(findTestObject("Module/Test Form/textarea_Address(optional)"), Address)
2025-08-20 00:28:01.423 DEBUG t.TC10_DataDriven_Successful Submission  - 20: click(findTestObject("Module/Test Form/button_Submit now"))
2025-08-20 00:28:02.003 DEBUG t.TC10_DataDriven_Successful Submission  - 21: verifyTextPresent("Thank you for filling out the form.", false)
2025-08-20 00:28:02.633 ERROR c.k.k.core.keyword.internal.KeywordMain  - ❌ Text 'Thank you for filling out the form.' is not present on page  (Root cause: com.kms.katalon.core.exception.StepFailedException: Text 'Thank you for filling out the form.' is not present on page 
	at com.kms.katalon.core.webui.keyword.internal.WebUIKeywordMain.stepFailed(WebUIKeywordMain.groovy:175)
	at com.kms.katalon.core.webui.keyword.builtin.VerifyTextPresentKeyword$_verifyTextPresent_closure1.doCall(VerifyTextPresentKeyword.groovy:79)
	at com.kms.katalon.core.webui.keyword.builtin.VerifyTextPresentKeyword$_verifyTextPresent_closure1.call(VerifyTextPresentKeyword.groovy)
	at com.kms.katalon.core.webui.keyword.internal.WebUIKeywordMain.runKeyword(WebUIKeywordMain.groovy:41)
	at com.kms.katalon.core.webui.keyword.builtin.VerifyTextPresentKeyword.verifyTextPresent(VerifyTextPresentKeyword.groovy:83)
	at com.kms.katalon.core.webui.keyword.builtin.VerifyTextPresentKeyword.execute(VerifyTextPresentKeyword.groovy:68)
	at com.kms.katalon.core.keyword.internal.KeywordExecutor.executeKeywordForPlatform(KeywordExecutor.groovy:79)
	at com.kms.katalon.core.webui.keyword.WebUiBuiltInKeywords.verifyTextPresent(WebUiBuiltInKeywords.groovy:1799)
	at TC10_DataDriven_Successful Submission.run(TC10_DataDriven_Successful Submission:67)
	at com.kms.katalon.core.main.ScriptEngine.run(ScriptEngine.java:194)
	at com.kms.katalon.core.main.ScriptEngine.runScriptAsRawText(ScriptEngine.java:119)
	at com.kms.katalon.core.main.TestCaseExecutor.runScript(TestCaseExecutor.java:486)
	at com.kms.katalon.core.main.TestCaseExecutor.doExecute(TestCaseExecutor.java:477)
	at com.kms.katalon.core.main.TestCaseExecutor.processExecutionPhase(TestCaseExecutor.java:456)
	at com.kms.katalon.core.main.TestCaseExecutor.accessMainPhase(TestCaseExecutor.java:448)
	at com.kms.katalon.core.main.TestCaseExecutor.execute(TestCaseExecutor.java:322)
	at com.kms.katalon.core.main.TestCaseExecutor.execute(TestCaseExecutor.java:406)
	at com.kms.katalon.core.main.TestCaseExecutor.execute(TestCaseExecutor.java:406)
	at com.kms.katalon.core.common.CommonExecutor.accessTestCaseMainPhase(CommonExecutor.java:71)
	at com.kms.katalon.core.main.TestSuiteExecutor.accessTestSuiteMainPhase(TestSuiteExecutor.java:145)
	at com.kms.katalon.core.main.TestSuiteExecutor.execute(TestSuiteExecutor.java:104)
	at com.kms.katalon.core.main.TestCaseMain.startTestSuite(TestCaseMain.java:205)
	at TempTestSuite1755620794647.run(TempTestSuite1755620794647.groovy:35)
	at java.base/jdk.internal.reflect.NativeMethodAccessorImpl.invoke0(Native Method)
	at java.base/jdk.internal.reflect.NativeMethodAccessorImpl.invoke(NativeMethodAccessorImpl.java:77)
	at java.base/jdk.internal.reflect.DelegatingMethodAccessorImpl.invoke(DelegatingMethodAccessorImpl.java:43)
)
2025-08-20 00:28:02.882 ERROR c.k.k.core.keyword.internal.KeywordMain  - ❌ Unable to verify text 'Thank you for filling out the form.' is present  (Root cause: com.kms.katalon.core.exception.StepFailedException: Unable to verify text 'Thank you for filling out the form.' is present 
	at com.kms.katalon.core.webui.keyword.internal.WebUIKeywordMain.stepFailed(WebUIKeywordMain.groovy:175)
	at com.kms.katalon.core.webui.keyword.internal.WebUIKeywordMain.runKeyword(WebUIKeywordMain.groovy:49)
	at com.kms.katalon.core.webui.keyword.builtin.VerifyTextPresentKeyword.verifyTextPresent(VerifyTextPresentKeyword.groovy:83)
	at com.kms.katalon.core.webui.keyword.builtin.VerifyTextPresentKeyword.execute(VerifyTextPresentKeyword.groovy:68)
	at com.kms.katalon.core.keyword.internal.KeywordExecutor.executeKeywordForPlatform(KeywordExecutor.groovy:79)
	at com.kms.katalon.core.webui.keyword.WebUiBuiltInKeywords.verifyTextPresent(WebUiBuiltInKeywords.groovy:1799)
	at TC10_DataDriven_Successful Submission.run(TC10_DataDriven_Successful Submission:67)
	at com.kms.katalon.core.main.ScriptEngine.run(ScriptEngine.java:194)
	at com.kms.katalon.core.main.ScriptEngine.runScriptAsRawText(ScriptEngine.java:119)
	at com.kms.katalon.core.main.TestCaseExecutor.runScript(TestCaseExecutor.java:486)
	at com.kms.katalon.core.main.TestCaseExecutor.doExecute(TestCaseExecutor.java:477)
	at com.kms.katalon.core.main.TestCaseExecutor.processExecutionPhase(TestCaseExecutor.java:456)
	at com.kms.katalon.core.main.TestCaseExecutor.accessMainPhase(TestCaseExecutor.java:448)
	at com.kms.katalon.core.main.TestCaseExecutor.execute(TestCaseExecutor.java:322)
	at com.kms.katalon.core.main.TestCaseExecutor.execute(TestCaseExecutor.java:406)
	at com.kms.katalon.core.main.TestCaseExecutor.execute(TestCaseExecutor.java:406)
	at com.kms.katalon.core.common.CommonExecutor.accessTestCaseMainPhase(CommonExecutor.java:71)
	at com.kms.katalon.core.main.TestSuiteExecutor.accessTestSuiteMainPhase(TestSuiteExecutor.java:145)
	at com.kms.katalon.core.main.TestSuiteExecutor.execute(TestSuiteExecutor.java:104)
	at com.kms.katalon.core.main.TestCaseMain.startTestSuite(TestCaseMain.java:205)
	at TempTestSuite1755620794647.run(TempTestSuite1755620794647.groovy:35)
	at java.base/jdk.internal.reflect.NativeMethodAccessorImpl.invoke0(Native Method)
	at java.base/jdk.internal.reflect.NativeMethodAccessorImpl.invoke(NativeMethodAccessorImpl.java:77)
	at java.base/jdk.internal.reflect.DelegatingMethodAccessorImpl.invoke(DelegatingMethodAccessorImpl.java:43)
Caused by: com.kms.katalon.core.exception.StepFailedException: Text 'Thank you for filling out the form.' is not present on page 
	at com.kms.katalon.core.webui.keyword.internal.WebUIKeywordMain.stepFailed(WebUIKeywordMain.groovy:175)
	at com.kms.katalon.core.webui.keyword.builtin.VerifyTextPresentKeyword$_verifyTextPresent_closure1.doCall(VerifyTextPresentKeyword.groovy:79)
	at com.kms.katalon.core.webui.keyword.builtin.VerifyTextPresentKeyword$_verifyTextPresent_closure1.call(VerifyTextPresentKeyword.groovy)
	at com.kms.katalon.core.webui.keyword.internal.WebUIKeywordMain.runKeyword(WebUIKeywordMain.groovy:41)
	... 22 more
)
2025-08-20 00:28:02.887 ERROR c.k.katalon.core.main.TestCaseExecutor   - ❌ Test Cases/FormPage/TC10_DataDriven_Successful Submission FAILED.
Reason:
com.kms.katalon.core.exception.StepFailedException: Unable to verify text 'Thank you for filling out the form.' is present 
	at com.kms.katalon.core.webui.keyword.internal.WebUIKeywordMain.stepFailed(WebUIKeywordMain.groovy:175)
	at com.kms.katalon.core.webui.keyword.internal.WebUIKeywordMain.runKeyword(WebUIKeywordMain.groovy:49)
	at com.kms.katalon.core.webui.keyword.builtin.VerifyTextPresentKeyword.verifyTextPresent(VerifyTextPresentKeyword.groovy:83)
	at com.kms.katalon.core.webui.keyword.builtin.VerifyTextPresentKeyword.execute(VerifyTextPresentKeyword.groovy:68)
	at com.kms.katalon.core.keyword.internal.KeywordExecutor.executeKeywordForPlatform(KeywordExecutor.groovy:79)
	at com.kms.katalon.core.webui.keyword.WebUiBuiltInKeywords.verifyTextPresent(WebUiBuiltInKeywords.groovy:1799)
	at TC10_DataDriven_Successful Submission.run(TC10_DataDriven_Successful Submission:67)
	at com.kms.katalon.core.main.ScriptEngine.run(ScriptEngine.java:194)
	at com.kms.katalon.core.main.ScriptEngine.runScriptAsRawText(ScriptEngine.java:119)
	at com.kms.katalon.core.main.TestCaseExecutor.runScript(TestCaseExecutor.java:486)
	at com.kms.katalon.core.main.TestCaseExecutor.doExecute(TestCaseExecutor.java:477)
	at com.kms.katalon.core.main.TestCaseExecutor.processExecutionPhase(TestCaseExecutor.java:456)
	at com.kms.katalon.core.main.TestCaseExecutor.accessMainPhase(TestCaseExecutor.java:448)
	at com.kms.katalon.core.main.TestCaseExecutor.execute(TestCaseExecutor.java:322)
	at com.kms.katalon.core.main.TestCaseExecutor.execute(TestCaseExecutor.java:406)
	at com.kms.katalon.core.main.TestCaseExecutor.execute(TestCaseExecutor.java:406)
	at com.kms.katalon.core.common.CommonExecutor.accessTestCaseMainPhase(CommonExecutor.java:71)
	at com.kms.katalon.core.main.TestSuiteExecutor.accessTestSuiteMainPhase(TestSuiteExecutor.java:145)
	at com.kms.katalon.core.main.TestSuiteExecutor.execute(TestSuiteExecutor.java:104)
	at com.kms.katalon.core.main.TestCaseMain.startTestSuite(TestCaseMain.java:205)
	at TempTestSuite1755620794647.run(TempTestSuite1755620794647.groovy:35)
	at java.base/jdk.internal.reflect.NativeMethodAccessorImpl.invoke0(Native Method)
	at java.base/jdk.internal.reflect.NativeMethodAccessorImpl.invoke(NativeMethodAccessorImpl.java:77)
	at java.base/jdk.internal.reflect.DelegatingMethodAccessorImpl.invoke(DelegatingMethodAccessorImpl.java:43)
Caused by: com.kms.katalon.core.exception.StepFailedException: Text 'Thank you for filling out the form.' is not present on page 
	at com.kms.katalon.core.webui.keyword.internal.WebUIKeywordMain.stepFailed(WebUIKeywordMain.groovy:175)
	at com.kms.katalon.core.webui.keyword.builtin.VerifyTextPresentKeyword$_verifyTextPresent_closure1.doCall(VerifyTextPresentKeyword.groovy:79)
	at com.kms.katalon.core.webui.keyword.builtin.VerifyTextPresentKeyword$_verifyTextPresent_closure1.call(VerifyTextPresentKeyword.groovy)
	at com.kms.katalon.core.webui.keyword.internal.WebUIKeywordMain.runKeyword(WebUIKeywordMain.groovy:41)
	... 22 more

2025-08-20 00:28:02.890 INFO  c.k.katalon.core.main.TestCaseExecutor   - END Test Cases/FormPage/TC10_DataDriven_Successful Submission
2025-08-20 00:28:03.027 INFO  c.k.katalon.core.main.TestCaseExecutor   - --------------------
2025-08-20 00:28:03.027 INFO  c.k.katalon.core.main.TestCaseExecutor   - START Test Cases/FormPage/TC10_DataDriven_Successful Submission
2025-08-20 00:28:03.048 INFO  c.k.katalon.core.main.TestCaseExecutor   - FirstName = Mary
2025-08-20 00:28:03.048 INFO  c.k.katalon.core.main.TestCaseExecutor   - LastName = Ho
2025-08-20 00:28:03.048 INFO  c.k.katalon.core.main.TestCaseExecutor   - Email = mm@gmail.com
2025-08-20 00:28:03.049 INFO  c.k.katalon.core.main.TestCaseExecutor   - MobileNumber = 87654321
2025-08-20 00:28:03.049 INFO  c.k.katalon.core.main.TestCaseExecutor   - DateOfBirth = 19091960
2025-08-20 00:28:03.050 INFO  c.k.katalon.core.main.TestCaseExecutor   - Address = 12 #02-40 Ang Mo Kio Singapore
2025-08-20 00:28:03.050 INFO  c.k.katalon.core.main.TestCaseExecutor   - Gender = Female
2025-08-20 00:28:03.051 INFO  c.k.katalon.core.main.TestCaseExecutor   - Hobby = Music
2025-08-20 00:28:03.052 INFO  c.k.katalon.core.main.TestCaseExecutor   - Location = North
2025-08-20 00:28:03.054 DEBUG t.TC10_DataDriven_Successful Submission  - 1: callTestCase(findTestCase("Common/TC_Launch Browser"), [:], STOP_ON_FAILURE)
2025-08-20 00:28:03.114 INFO  c.k.katalon.core.main.TestCaseExecutor   - --------------------
2025-08-20 00:28:03.114 INFO  c.k.katalon.core.main.TestCaseExecutor   - CALL Test Cases/Common/TC_Launch Browser
2025-08-20 00:28:03.128 DEBUG testcase.TC_Launch Browser               - 1: openBrowser("http://go.gov.sg/gt-qe")
2025-08-20 00:28:03.131 WARN  c.k.k.core.webui.driver.DriverFactory    - A browser is already opened. Closing browser and opening a new one
2025-08-20 00:28:03.395 INFO  c.k.k.core.webui.driver.DriverFactory    - Starting 'Chrome' driver
2025-08-20 00:28:03.397 INFO  c.k.k.core.webui.driver.DriverFactory    - Action delay is set to 0 milliseconds
Aug 20, 2025 12:28:04 AM org.openqa.selenium.devtools.CdpVersionFinder findNearestMatch
WARNING: Unable to find an exact match for CDP version 139, returning the closest version; found: 135; Please update to a Selenium version that supports CDP version 139
2025-08-20 00:28:04.446 INFO  c.k.k.core.webui.driver.DriverFactory    - sessionId = ff55fcae4ba605838c0cd10d41666557
2025-08-20 00:28:04.447 INFO  c.k.k.core.webui.driver.DriverFactory    - browser = Chrome 139.0.7258.128
2025-08-20 00:28:04.448 INFO  c.k.k.core.webui.driver.DriverFactory    - platform = Windows 11
2025-08-20 00:28:04.448 INFO  c.k.k.core.webui.driver.DriverFactory    - seleniumVersion = 4.28.1
2025-08-20 00:28:04.449 INFO  c.k.k.core.webui.driver.DriverFactory    - proxyInformation = ProxyInformation { proxyOption=NO_PROXY, proxyServerType=HTTP, username=, password=********, proxyServerAddress=, proxyServerPort=0, executionList="", isApplyToDesiredCapabilities=true }
2025-08-20 00:28:04.750 DEBUG testcase.TC_Launch Browser               - 2: maximizeWindow()
2025-08-20 00:28:04.895 DEBUG testcase.TC_Launch Browser               - 3: navigateToUrl("http://go.gov.sg/gt-qe")
2025-08-20 00:28:04.896 WARN  testcase.TC_Launch Browser               - SKIPPED NOT_RUN: navigateToUrl("http://go.gov.sg/gt-qe")
2025-08-20 00:28:04.896 DEBUG testcase.TC_Launch Browser               - 4: delay(5)
2025-08-20 00:28:09.900 INFO  c.k.katalon.core.main.TestCaseExecutor   - END CALL Test Cases/Common/TC_Launch Browser
2025-08-20 00:28:09.900 INFO  c.k.katalon.core.main.TestCaseExecutor   - --------------------
2025-08-20 00:28:09.901 DEBUG t.TC10_DataDriven_Successful Submission  - 2: setText(findTestObject("Module/Test Form/input_First Name"), FirstName)
2025-08-20 00:28:13.765 DEBUG t.TC10_DataDriven_Successful Submission  - 3: setText(findTestObject("Module/Test Form/input_Last Name"), LastName)
2025-08-20 00:28:14.657 DEBUG t.TC10_DataDriven_Successful Submission  - 4: setText(findTestObject("Module/Test Form/input_Email"), Email)
2025-08-20 00:28:15.442 DEBUG t.TC10_DataDriven_Successful Submission  - 5: if (Gender == "Male")
2025-08-20 00:28:15.444 DEBUG t.TC10_DataDriven_Successful Submission  - 6: else
2025-08-20 00:28:15.446 DEBUG t.TC10_DataDriven_Successful Submission  - 1: click(findTestObject("Module/Test Form/radiobutton_Female"))
2025-08-20 00:28:15.956 DEBUG t.TC10_DataDriven_Successful Submission  - 7: setText(findTestObject("Module/Test Form/input_Mobile number"), MobileNumber)
2025-08-20 00:28:16.681 DEBUG t.TC10_DataDriven_Successful Submission  - 8: click(findTestObject("Module/Test Form/input_Date of Birth"))
2025-08-20 00:28:17.202 DEBUG t.TC10_DataDriven_Successful Submission  - 9: delay(3)
2025-08-20 00:28:20.207 DEBUG t.TC10_DataDriven_Successful Submission  - 10: focus(findTestObject("Module/Test Form/input_Date of Birth"), STOP_ON_FAILURE)
2025-08-20 00:28:20.477 DEBUG t.TC10_DataDriven_Successful Submission  - 11: sendKeys(findTestObject("Module/Test Form/input_Date of Birth"), DateOfBirth)
2025-08-20 00:28:20.884 DEBUG t.TC10_DataDriven_Successful Submission  - 12: if (Hobby == "Sport")
2025-08-20 00:28:20.887 DEBUG t.TC10_DataDriven_Successful Submission  - 13: else if (Hobby == "Music")
2025-08-20 00:28:20.889 DEBUG t.TC10_DataDriven_Successful Submission  - 1: click(findTestObject("Module/Test Form/checkbox_Music"))
2025-08-20 00:28:21.292 DEBUG t.TC10_DataDriven_Successful Submission  - 15: click(findTestObject("Module/Test Form/dropdown_SelectLocation"))
2025-08-20 00:28:21.850 DEBUG t.TC10_DataDriven_Successful Submission  - 16: setText(findTestObject("Module/Test Form/input_Location(optional)"), Location, STOP_ON_FAILURE)
2025-08-20 00:28:23.034 DEBUG t.TC10_DataDriven_Successful Submission  - 17: delay(3)
2025-08-20 00:28:26.038 DEBUG t.TC10_DataDriven_Successful Submission  - 18: sendKeys(findTestObject("Module/Test Form/input_Location(optional)"), Keys.chord(ENTER))
2025-08-20 00:28:26.378 DEBUG t.TC10_DataDriven_Successful Submission  - 19: setText(findTestObject("Module/Test Form/textarea_Address(optional)"), Address)
2025-08-20 00:28:27.650 DEBUG t.TC10_DataDriven_Successful Submission  - 20: click(findTestObject("Module/Test Form/button_Submit now"))
2025-08-20 00:28:28.209 DEBUG t.TC10_DataDriven_Successful Submission  - 21: verifyTextPresent("Thank you for filling out the form.", false)
2025-08-20 00:28:28.851 ERROR c.k.k.core.keyword.internal.KeywordMain  - ❌ Text 'Thank you for filling out the form.' is not present on page  (Root cause: com.kms.katalon.core.exception.StepFailedException: Text 'Thank you for filling out the form.' is not present on page 
	at com.kms.katalon.core.webui.keyword.internal.WebUIKeywordMain.stepFailed(WebUIKeywordMain.groovy:175)
	at com.kms.katalon.core.webui.keyword.builtin.VerifyTextPresentKeyword$_verifyTextPresent_closure1.doCall(VerifyTextPresentKeyword.groovy:79)
	at com.kms.katalon.core.webui.keyword.builtin.VerifyTextPresentKeyword$_verifyTextPresent_closure1.call(VerifyTextPresentKeyword.groovy)
	at com.kms.katalon.core.webui.keyword.internal.WebUIKeywordMain.runKeyword(WebUIKeywordMain.groovy:41)
	at com.kms.katalon.core.webui.keyword.builtin.VerifyTextPresentKeyword.verifyTextPresent(VerifyTextPresentKeyword.groovy:83)
	at com.kms.katalon.core.webui.keyword.builtin.VerifyTextPresentKeyword.execute(VerifyTextPresentKeyword.groovy:68)
	at com.kms.katalon.core.keyword.internal.KeywordExecutor.executeKeywordForPlatform(KeywordExecutor.groovy:79)
	at com.kms.katalon.core.webui.keyword.WebUiBuiltInKeywords.verifyTextPresent(WebUiBuiltInKeywords.groovy:1799)
	at TC10_DataDriven_Successful Submission.run(TC10_DataDriven_Successful Submission:67)
	at com.kms.katalon.core.main.ScriptEngine.run(ScriptEngine.java:194)
	at com.kms.katalon.core.main.ScriptEngine.runScriptAsRawText(ScriptEngine.java:119)
	at com.kms.katalon.core.main.TestCaseExecutor.runScript(TestCaseExecutor.java:486)
	at com.kms.katalon.core.main.TestCaseExecutor.doExecute(TestCaseExecutor.java:477)
	at com.kms.katalon.core.main.TestCaseExecutor.processExecutionPhase(TestCaseExecutor.java:456)
	at com.kms.katalon.core.main.TestCaseExecutor.accessMainPhase(TestCaseExecutor.java:448)
	at com.kms.katalon.core.main.TestCaseExecutor.execute(TestCaseExecutor.java:322)
	at com.kms.katalon.core.common.CommonExecutor.accessTestCaseMainPhase(CommonExecutor.java:71)
	at com.kms.katalon.core.main.TestSuiteExecutor.accessTestSuiteMainPhase(TestSuiteExecutor.java:145)
	at com.kms.katalon.core.main.TestSuiteExecutor.execute(TestSuiteExecutor.java:104)
	at com.kms.katalon.core.main.TestCaseMain.startTestSuite(TestCaseMain.java:205)
	at TempTestSuite1755620794647.run(TempTestSuite1755620794647.groovy:35)
	at java.base/jdk.internal.reflect.NativeMethodAccessorImpl.invoke0(Native Method)
	at java.base/jdk.internal.reflect.NativeMethodAccessorImpl.invoke(NativeMethodAccessorImpl.java:77)
	at java.base/jdk.internal.reflect.DelegatingMethodAccessorImpl.invoke(DelegatingMethodAccessorImpl.java:43)
)
2025-08-20 00:28:29.069 ERROR c.k.k.core.keyword.internal.KeywordMain  - ❌ Unable to verify text 'Thank you for filling out the form.' is present  (Root cause: com.kms.katalon.core.exception.StepFailedException: Unable to verify text 'Thank you for filling out the form.' is present 
	at com.kms.katalon.core.webui.keyword.internal.WebUIKeywordMain.stepFailed(WebUIKeywordMain.groovy:175)
	at com.kms.katalon.core.webui.keyword.internal.WebUIKeywordMain.runKeyword(WebUIKeywordMain.groovy:49)
	at com.kms.katalon.core.webui.keyword.builtin.VerifyTextPresentKeyword.verifyTextPresent(VerifyTextPresentKeyword.groovy:83)
	at com.kms.katalon.core.webui.keyword.builtin.VerifyTextPresentKeyword.execute(VerifyTextPresentKeyword.groovy:68)
	at com.kms.katalon.core.keyword.internal.KeywordExecutor.executeKeywordForPlatform(KeywordExecutor.groovy:79)
	at com.kms.katalon.core.webui.keyword.WebUiBuiltInKeywords.verifyTextPresent(WebUiBuiltInKeywords.groovy:1799)
	at TC10_DataDriven_Successful Submission.run(TC10_DataDriven_Successful Submission:67)
	at com.kms.katalon.core.main.ScriptEngine.run(ScriptEngine.java:194)
	at com.kms.katalon.core.main.ScriptEngine.runScriptAsRawText(ScriptEngine.java:119)
	at com.kms.katalon.core.main.TestCaseExecutor.runScript(TestCaseExecutor.java:486)
	at com.kms.katalon.core.main.TestCaseExecutor.doExecute(TestCaseExecutor.java:477)
	at com.kms.katalon.core.main.TestCaseExecutor.processExecutionPhase(TestCaseExecutor.java:456)
	at com.kms.katalon.core.main.TestCaseExecutor.accessMainPhase(TestCaseExecutor.java:448)
	at com.kms.katalon.core.main.TestCaseExecutor.execute(TestCaseExecutor.java:322)
	at com.kms.katalon.core.common.CommonExecutor.accessTestCaseMainPhase(CommonExecutor.java:71)
	at com.kms.katalon.core.main.TestSuiteExecutor.accessTestSuiteMainPhase(TestSuiteExecutor.java:145)
	at com.kms.katalon.core.main.TestSuiteExecutor.execute(TestSuiteExecutor.java:104)
	at com.kms.katalon.core.main.TestCaseMain.startTestSuite(TestCaseMain.java:205)
	at TempTestSuite1755620794647.run(TempTestSuite1755620794647.groovy:35)
	at java.base/jdk.internal.reflect.NativeMethodAccessorImpl.invoke0(Native Method)
	at java.base/jdk.internal.reflect.NativeMethodAccessorImpl.invoke(NativeMethodAccessorImpl.java:77)
	at java.base/jdk.internal.reflect.DelegatingMethodAccessorImpl.invoke(DelegatingMethodAccessorImpl.java:43)
Caused by: com.kms.katalon.core.exception.StepFailedException: Text 'Thank you for filling out the form.' is not present on page 
	at com.kms.katalon.core.webui.keyword.internal.WebUIKeywordMain.stepFailed(WebUIKeywordMain.groovy:175)
	at com.kms.katalon.core.webui.keyword.builtin.VerifyTextPresentKeyword$_verifyTextPresent_closure1.doCall(VerifyTextPresentKeyword.groovy:79)
	at com.kms.katalon.core.webui.keyword.builtin.VerifyTextPresentKeyword$_verifyTextPresent_closure1.call(VerifyTextPresentKeyword.groovy)
	at com.kms.katalon.core.webui.keyword.internal.WebUIKeywordMain.runKeyword(WebUIKeywordMain.groovy:41)
	... 20 more
)
2025-08-20 00:28:29.072 ERROR c.k.katalon.core.main.TestCaseExecutor   - ❌ Test Cases/FormPage/TC10_DataDriven_Successful Submission FAILED.
Reason:
com.kms.katalon.core.exception.StepFailedException: Unable to verify text 'Thank you for filling out the form.' is present 
	at com.kms.katalon.core.webui.keyword.internal.WebUIKeywordMain.stepFailed(WebUIKeywordMain.groovy:175)
	at com.kms.katalon.core.webui.keyword.internal.WebUIKeywordMain.runKeyword(WebUIKeywordMain.groovy:49)
	at com.kms.katalon.core.webui.keyword.builtin.VerifyTextPresentKeyword.verifyTextPresent(VerifyTextPresentKeyword.groovy:83)
	at com.kms.katalon.core.webui.keyword.builtin.VerifyTextPresentKeyword.execute(VerifyTextPresentKeyword.groovy:68)
	at com.kms.katalon.core.keyword.internal.KeywordExecutor.executeKeywordForPlatform(KeywordExecutor.groovy:79)
	at com.kms.katalon.core.webui.keyword.WebUiBuiltInKeywords.verifyTextPresent(WebUiBuiltInKeywords.groovy:1799)
	at TC10_DataDriven_Successful Submission.run(TC10_DataDriven_Successful Submission:67)
	at com.kms.katalon.core.main.ScriptEngine.run(ScriptEngine.java:194)
	at com.kms.katalon.core.main.ScriptEngine.runScriptAsRawText(ScriptEngine.java:119)
	at com.kms.katalon.core.main.TestCaseExecutor.runScript(TestCaseExecutor.java:486)
	at com.kms.katalon.core.main.TestCaseExecutor.doExecute(TestCaseExecutor.java:477)
	at com.kms.katalon.core.main.TestCaseExecutor.processExecutionPhase(TestCaseExecutor.java:456)
	at com.kms.katalon.core.main.TestCaseExecutor.accessMainPhase(TestCaseExecutor.java:448)
	at com.kms.katalon.core.main.TestCaseExecutor.execute(TestCaseExecutor.java:322)
	at com.kms.katalon.core.common.CommonExecutor.accessTestCaseMainPhase(CommonExecutor.java:71)
	at com.kms.katalon.core.main.TestSuiteExecutor.accessTestSuiteMainPhase(TestSuiteExecutor.java:145)
	at com.kms.katalon.core.main.TestSuiteExecutor.execute(TestSuiteExecutor.java:104)
	at com.kms.katalon.core.main.TestCaseMain.startTestSuite(TestCaseMain.java:205)
	at TempTestSuite1755620794647.run(TempTestSuite1755620794647.groovy:35)
	at java.base/jdk.internal.reflect.NativeMethodAccessorImpl.invoke0(Native Method)
	at java.base/jdk.internal.reflect.NativeMethodAccessorImpl.invoke(NativeMethodAccessorImpl.java:77)
	at java.base/jdk.internal.reflect.DelegatingMethodAccessorImpl.invoke(DelegatingMethodAccessorImpl.java:43)
Caused by: com.kms.katalon.core.exception.StepFailedException: Text 'Thank you for filling out the form.' is not present on page 
	at com.kms.katalon.core.webui.keyword.internal.WebUIKeywordMain.stepFailed(WebUIKeywordMain.groovy:175)
	at com.kms.katalon.core.webui.keyword.builtin.VerifyTextPresentKeyword$_verifyTextPresent_closure1.doCall(VerifyTextPresentKeyword.groovy:79)
	at com.kms.katalon.core.webui.keyword.builtin.VerifyTextPresentKeyword$_verifyTextPresent_closure1.call(VerifyTextPresentKeyword.groovy)
	at com.kms.katalon.core.webui.keyword.internal.WebUIKeywordMain.runKeyword(WebUIKeywordMain.groovy:41)
	... 20 more

2025-08-20 00:28:29.082 INFO  c.k.katalon.core.main.TestCaseExecutor   - END Test Cases/FormPage/TC10_DataDriven_Successful Submission
2025-08-20 00:28:29.086 INFO  c.k.katalon.core.main.TestCaseExecutor   - --------------------
2025-08-20 00:28:29.086 INFO  c.k.katalon.core.main.TestCaseExecutor   - START Test Cases/FormPage/TC10_DataDriven_Successful Submission
2025-08-20 00:28:29.112 INFO  c.k.katalon.core.main.TestCaseExecutor   - FirstName = Mary
2025-08-20 00:28:29.113 INFO  c.k.katalon.core.main.TestCaseExecutor   - LastName = Ho
2025-08-20 00:28:29.113 INFO  c.k.katalon.core.main.TestCaseExecutor   - Email = mm@gmail.com
2025-08-20 00:28:29.113 INFO  c.k.katalon.core.main.TestCaseExecutor   - MobileNumber = 87654321
2025-08-20 00:28:29.114 INFO  c.k.katalon.core.main.TestCaseExecutor   - DateOfBirth = 19091960
2025-08-20 00:28:29.114 INFO  c.k.katalon.core.main.TestCaseExecutor   - Address = 12 #02-40 Ang Mo Kio Singapore
2025-08-20 00:28:29.114 INFO  c.k.katalon.core.main.TestCaseExecutor   - Gender = Female
2025-08-20 00:28:29.115 INFO  c.k.katalon.core.main.TestCaseExecutor   - Hobby = Music
2025-08-20 00:28:29.115 INFO  c.k.katalon.core.main.TestCaseExecutor   - Location = North
2025-08-20 00:28:29.117 DEBUG t.TC10_DataDriven_Successful Submission  - 1: callTestCase(findTestCase("Common/TC_Launch Browser"), [:], STOP_ON_FAILURE)
2025-08-20 00:28:29.181 INFO  c.k.katalon.core.main.TestCaseExecutor   - --------------------
2025-08-20 00:28:29.182 INFO  c.k.katalon.core.main.TestCaseExecutor   - CALL Test Cases/Common/TC_Launch Browser
2025-08-20 00:28:29.198 DEBUG testcase.TC_Launch Browser               - 1: openBrowser("http://go.gov.sg/gt-qe")
2025-08-20 00:28:29.202 WARN  c.k.k.core.webui.driver.DriverFactory    - A browser is already opened. Closing browser and opening a new one
2025-08-20 00:28:29.467 INFO  c.k.k.core.webui.driver.DriverFactory    - Starting 'Chrome' driver
2025-08-20 00:28:29.468 INFO  c.k.k.core.webui.driver.DriverFactory    - Action delay is set to 0 milliseconds
Aug 20, 2025 12:28:30 AM org.openqa.selenium.devtools.CdpVersionFinder findNearestMatch
WARNING: Unable to find an exact match for CDP version 139, returning the closest version; found: 135; Please update to a Selenium version that supports CDP version 139
2025-08-20 00:28:30.558 INFO  c.k.k.core.webui.driver.DriverFactory    - sessionId = ccf88f61dba373024e9ba13b6aad99a6
2025-08-20 00:28:30.559 INFO  c.k.k.core.webui.driver.DriverFactory    - browser = Chrome 139.0.7258.128
2025-08-20 00:28:30.560 INFO  c.k.k.core.webui.driver.DriverFactory    - platform = Windows 11
2025-08-20 00:28:30.561 INFO  c.k.k.core.webui.driver.DriverFactory    - seleniumVersion = 4.28.1
2025-08-20 00:28:30.561 INFO  c.k.k.core.webui.driver.DriverFactory    - proxyInformation = ProxyInformation { proxyOption=NO_PROXY, proxyServerType=HTTP, username=, password=********, proxyServerAddress=, proxyServerPort=0, executionList="", isApplyToDesiredCapabilities=true }
2025-08-20 00:28:30.885 DEBUG testcase.TC_Launch Browser               - 2: maximizeWindow()
2025-08-20 00:28:30.957 DEBUG testcase.TC_Launch Browser               - 3: navigateToUrl("http://go.gov.sg/gt-qe")
2025-08-20 00:28:30.962 DEBUG testcase.TC_Launch Browser               - 4: delay(5)
2025-08-20 00:28:30.961 WARN  testcase.TC_Launch Browser               - SKIPPED NOT_RUN: navigateToUrl("http://go.gov.sg/gt-qe")
2025-08-20 00:28:35.965 INFO  c.k.katalon.core.main.TestCaseExecutor   - END CALL Test Cases/Common/TC_Launch Browser
2025-08-20 00:28:35.966 INFO  c.k.katalon.core.main.TestCaseExecutor   - --------------------
2025-08-20 00:28:35.966 DEBUG t.TC10_DataDriven_Successful Submission  - 2: setText(findTestObject("Module/Test Form/input_First Name"), FirstName)
2025-08-20 00:28:40.140 DEBUG t.TC10_DataDriven_Successful Submission  - 3: setText(findTestObject("Module/Test Form/input_Last Name"), LastName)
2025-08-20 00:28:41.125 DEBUG t.TC10_DataDriven_Successful Submission  - 4: setText(findTestObject("Module/Test Form/input_Email"), Email)
2025-08-20 00:28:41.948 DEBUG t.TC10_DataDriven_Successful Submission  - 5: if (Gender == "Male")
2025-08-20 00:28:41.948 DEBUG t.TC10_DataDriven_Successful Submission  - 6: else
2025-08-20 00:28:41.949 DEBUG t.TC10_DataDriven_Successful Submission  - 1: click(findTestObject("Module/Test Form/radiobutton_Female"))
2025-08-20 00:28:42.453 DEBUG t.TC10_DataDriven_Successful Submission  - 7: setText(findTestObject("Module/Test Form/input_Mobile number"), MobileNumber)
2025-08-20 00:28:43.191 DEBUG t.TC10_DataDriven_Successful Submission  - 8: click(findTestObject("Module/Test Form/input_Date of Birth"))
2025-08-20 00:28:43.598 DEBUG t.TC10_DataDriven_Successful Submission  - 9: delay(3)
2025-08-20 00:28:46.603 DEBUG t.TC10_DataDriven_Successful Submission  - 10: focus(findTestObject("Module/Test Form/input_Date of Birth"), STOP_ON_FAILURE)
2025-08-20 00:28:46.885 DEBUG t.TC10_DataDriven_Successful Submission  - 11: sendKeys(findTestObject("Module/Test Form/input_Date of Birth"), DateOfBirth)
2025-08-20 00:28:47.286 DEBUG t.TC10_DataDriven_Successful Submission  - 12: if (Hobby == "Sport")
2025-08-20 00:28:47.287 DEBUG t.TC10_DataDriven_Successful Submission  - 13: else if (Hobby == "Music")
2025-08-20 00:28:47.288 DEBUG t.TC10_DataDriven_Successful Submission  - 1: click(findTestObject("Module/Test Form/checkbox_Music"))
2025-08-20 00:28:47.719 DEBUG t.TC10_DataDriven_Successful Submission  - 15: click(findTestObject("Module/Test Form/dropdown_SelectLocation"))
2025-08-20 00:28:48.404 DEBUG t.TC10_DataDriven_Successful Submission  - 16: setText(findTestObject("Module/Test Form/input_Location(optional)"), Location, STOP_ON_FAILURE)
2025-08-20 00:28:49.561 DEBUG t.TC10_DataDriven_Successful Submission  - 17: delay(3)
2025-08-20 00:28:52.564 DEBUG t.TC10_DataDriven_Successful Submission  - 18: sendKeys(findTestObject("Module/Test Form/input_Location(optional)"), Keys.chord(ENTER))
2025-08-20 00:28:52.897 DEBUG t.TC10_DataDriven_Successful Submission  - 19: setText(findTestObject("Module/Test Form/textarea_Address(optional)"), Address)
2025-08-20 00:28:54.125 DEBUG t.TC10_DataDriven_Successful Submission  - 20: click(findTestObject("Module/Test Form/button_Submit now"))
2025-08-20 00:28:54.660 DEBUG t.TC10_DataDriven_Successful Submission  - 21: verifyTextPresent("Thank you for filling out the form.", false)
2025-08-20 00:28:55.285 ERROR c.k.k.core.keyword.internal.KeywordMain  - ❌ Text 'Thank you for filling out the form.' is not present on page  (Root cause: com.kms.katalon.core.exception.StepFailedException: Text 'Thank you for filling out the form.' is not present on page 
	at com.kms.katalon.core.webui.keyword.internal.WebUIKeywordMain.stepFailed(WebUIKeywordMain.groovy:175)
	at com.kms.katalon.core.webui.keyword.builtin.VerifyTextPresentKeyword$_verifyTextPresent_closure1.doCall(VerifyTextPresentKeyword.groovy:79)
	at com.kms.katalon.core.webui.keyword.builtin.VerifyTextPresentKeyword$_verifyTextPresent_closure1.call(VerifyTextPresentKeyword.groovy)
	at com.kms.katalon.core.webui.keyword.internal.WebUIKeywordMain.runKeyword(WebUIKeywordMain.groovy:41)
	at com.kms.katalon.core.webui.keyword.builtin.VerifyTextPresentKeyword.verifyTextPresent(VerifyTextPresentKeyword.groovy:83)
	at com.kms.katalon.core.webui.keyword.builtin.VerifyTextPresentKeyword.execute(VerifyTextPresentKeyword.groovy:68)
	at com.kms.katalon.core.keyword.internal.KeywordExecutor.executeKeywordForPlatform(KeywordExecutor.groovy:79)
	at com.kms.katalon.core.webui.keyword.WebUiBuiltInKeywords.verifyTextPresent(WebUiBuiltInKeywords.groovy:1799)
	at TC10_DataDriven_Successful Submission.run(TC10_DataDriven_Successful Submission:67)
	at com.kms.katalon.core.main.ScriptEngine.run(ScriptEngine.java:194)
	at com.kms.katalon.core.main.ScriptEngine.runScriptAsRawText(ScriptEngine.java:119)
	at com.kms.katalon.core.main.TestCaseExecutor.runScript(TestCaseExecutor.java:486)
	at com.kms.katalon.core.main.TestCaseExecutor.doExecute(TestCaseExecutor.java:477)
	at com.kms.katalon.core.main.TestCaseExecutor.processExecutionPhase(TestCaseExecutor.java:456)
	at com.kms.katalon.core.main.TestCaseExecutor.accessMainPhase(TestCaseExecutor.java:448)
	at com.kms.katalon.core.main.TestCaseExecutor.execute(TestCaseExecutor.java:322)
	at com.kms.katalon.core.main.TestCaseExecutor.execute(TestCaseExecutor.java:406)
	at com.kms.katalon.core.common.CommonExecutor.accessTestCaseMainPhase(CommonExecutor.java:71)
	at com.kms.katalon.core.main.TestSuiteExecutor.accessTestSuiteMainPhase(TestSuiteExecutor.java:145)
	at com.kms.katalon.core.main.TestSuiteExecutor.execute(TestSuiteExecutor.java:104)
	at com.kms.katalon.core.main.TestCaseMain.startTestSuite(TestCaseMain.java:205)
	at TempTestSuite1755620794647.run(TempTestSuite1755620794647.groovy:35)
	at java.base/jdk.internal.reflect.NativeMethodAccessorImpl.invoke0(Native Method)
	at java.base/jdk.internal.reflect.NativeMethodAccessorImpl.invoke(NativeMethodAccessorImpl.java:77)
	at java.base/jdk.internal.reflect.DelegatingMethodAccessorImpl.invoke(DelegatingMethodAccessorImpl.java:43)
)
2025-08-20 00:28:55.509 ERROR c.k.k.core.keyword.internal.KeywordMain  - ❌ Unable to verify text 'Thank you for filling out the form.' is present  (Root cause: com.kms.katalon.core.exception.StepFailedException: Unable to verify text 'Thank you for filling out the form.' is present 
	at com.kms.katalon.core.webui.keyword.internal.WebUIKeywordMain.stepFailed(WebUIKeywordMain.groovy:175)
	at com.kms.katalon.core.webui.keyword.internal.WebUIKeywordMain.runKeyword(WebUIKeywordMain.groovy:49)
	at com.kms.katalon.core.webui.keyword.builtin.VerifyTextPresentKeyword.verifyTextPresent(VerifyTextPresentKeyword.groovy:83)
	at com.kms.katalon.core.webui.keyword.builtin.VerifyTextPresentKeyword.execute(VerifyTextPresentKeyword.groovy:68)
	at com.kms.katalon.core.keyword.internal.KeywordExecutor.executeKeywordForPlatform(KeywordExecutor.groovy:79)
	at com.kms.katalon.core.webui.keyword.WebUiBuiltInKeywords.verifyTextPresent(WebUiBuiltInKeywords.groovy:1799)
	at TC10_DataDriven_Successful Submission.run(TC10_DataDriven_Successful Submission:67)
	at com.kms.katalon.core.main.ScriptEngine.run(ScriptEngine.java:194)
	at com.kms.katalon.core.main.ScriptEngine.runScriptAsRawText(ScriptEngine.java:119)
	at com.kms.katalon.core.main.TestCaseExecutor.runScript(TestCaseExecutor.java:486)
	at com.kms.katalon.core.main.TestCaseExecutor.doExecute(TestCaseExecutor.java:477)
	at com.kms.katalon.core.main.TestCaseExecutor.processExecutionPhase(TestCaseExecutor.java:456)
	at com.kms.katalon.core.main.TestCaseExecutor.accessMainPhase(TestCaseExecutor.java:448)
	at com.kms.katalon.core.main.TestCaseExecutor.execute(TestCaseExecutor.java:322)
	at com.kms.katalon.core.main.TestCaseExecutor.execute(TestCaseExecutor.java:406)
	at com.kms.katalon.core.common.CommonExecutor.accessTestCaseMainPhase(CommonExecutor.java:71)
	at com.kms.katalon.core.main.TestSuiteExecutor.accessTestSuiteMainPhase(TestSuiteExecutor.java:145)
	at com.kms.katalon.core.main.TestSuiteExecutor.execute(TestSuiteExecutor.java:104)
	at com.kms.katalon.core.main.TestCaseMain.startTestSuite(TestCaseMain.java:205)
	at TempTestSuite1755620794647.run(TempTestSuite1755620794647.groovy:35)
	at java.base/jdk.internal.reflect.NativeMethodAccessorImpl.invoke0(Native Method)
	at java.base/jdk.internal.reflect.NativeMethodAccessorImpl.invoke(NativeMethodAccessorImpl.java:77)
	at java.base/jdk.internal.reflect.DelegatingMethodAccessorImpl.invoke(DelegatingMethodAccessorImpl.java:43)
Caused by: com.kms.katalon.core.exception.StepFailedException: Text 'Thank you for filling out the form.' is not present on page 
	at com.kms.katalon.core.webui.keyword.internal.WebUIKeywordMain.stepFailed(WebUIKeywordMain.groovy:175)
	at com.kms.katalon.core.webui.keyword.builtin.VerifyTextPresentKeyword$_verifyTextPresent_closure1.doCall(VerifyTextPresentKeyword.groovy:79)
	at com.kms.katalon.core.webui.keyword.builtin.VerifyTextPresentKeyword$_verifyTextPresent_closure1.call(VerifyTextPresentKeyword.groovy)
	at com.kms.katalon.core.webui.keyword.internal.WebUIKeywordMain.runKeyword(WebUIKeywordMain.groovy:41)
	... 21 more
)
2025-08-20 00:28:55.512 ERROR c.k.katalon.core.main.TestCaseExecutor   - ❌ Test Cases/FormPage/TC10_DataDriven_Successful Submission FAILED.
Reason:
com.kms.katalon.core.exception.StepFailedException: Unable to verify text 'Thank you for filling out the form.' is present 
	at com.kms.katalon.core.webui.keyword.internal.WebUIKeywordMain.stepFailed(WebUIKeywordMain.groovy:175)
	at com.kms.katalon.core.webui.keyword.internal.WebUIKeywordMain.runKeyword(WebUIKeywordMain.groovy:49)
	at com.kms.katalon.core.webui.keyword.builtin.VerifyTextPresentKeyword.verifyTextPresent(VerifyTextPresentKeyword.groovy:83)
	at com.kms.katalon.core.webui.keyword.builtin.VerifyTextPresentKeyword.execute(VerifyTextPresentKeyword.groovy:68)
	at com.kms.katalon.core.keyword.internal.KeywordExecutor.executeKeywordForPlatform(KeywordExecutor.groovy:79)
	at com.kms.katalon.core.webui.keyword.WebUiBuiltInKeywords.verifyTextPresent(WebUiBuiltInKeywords.groovy:1799)
	at TC10_DataDriven_Successful Submission.run(TC10_DataDriven_Successful Submission:67)
	at com.kms.katalon.core.main.ScriptEngine.run(ScriptEngine.java:194)
	at com.kms.katalon.core.main.ScriptEngine.runScriptAsRawText(ScriptEngine.java:119)
	at com.kms.katalon.core.main.TestCaseExecutor.runScript(TestCaseExecutor.java:486)
	at com.kms.katalon.core.main.TestCaseExecutor.doExecute(TestCaseExecutor.java:477)
	at com.kms.katalon.core.main.TestCaseExecutor.processExecutionPhase(TestCaseExecutor.java:456)
	at com.kms.katalon.core.main.TestCaseExecutor.accessMainPhase(TestCaseExecutor.java:448)
	at com.kms.katalon.core.main.TestCaseExecutor.execute(TestCaseExecutor.java:322)
	at com.kms.katalon.core.main.TestCaseExecutor.execute(TestCaseExecutor.java:406)
	at com.kms.katalon.core.common.CommonExecutor.accessTestCaseMainPhase(CommonExecutor.java:71)
	at com.kms.katalon.core.main.TestSuiteExecutor.accessTestSuiteMainPhase(TestSuiteExecutor.java:145)
	at com.kms.katalon.core.main.TestSuiteExecutor.execute(TestSuiteExecutor.java:104)
	at com.kms.katalon.core.main.TestCaseMain.startTestSuite(TestCaseMain.java:205)
	at TempTestSuite1755620794647.run(TempTestSuite1755620794647.groovy:35)
	at java.base/jdk.internal.reflect.NativeMethodAccessorImpl.invoke0(Native Method)
	at java.base/jdk.internal.reflect.NativeMethodAccessorImpl.invoke(NativeMethodAccessorImpl.java:77)
	at java.base/jdk.internal.reflect.DelegatingMethodAccessorImpl.invoke(DelegatingMethodAccessorImpl.java:43)
Caused by: com.kms.katalon.core.exception.StepFailedException: Text 'Thank you for filling out the form.' is not present on page 
	at com.kms.katalon.core.webui.keyword.internal.WebUIKeywordMain.stepFailed(WebUIKeywordMain.groovy:175)
	at com.kms.katalon.core.webui.keyword.builtin.VerifyTextPresentKeyword$_verifyTextPresent_closure1.doCall(VerifyTextPresentKeyword.groovy:79)
	at com.kms.katalon.core.webui.keyword.builtin.VerifyTextPresentKeyword$_verifyTextPresent_closure1.call(VerifyTextPresentKeyword.groovy)
	at com.kms.katalon.core.webui.keyword.internal.WebUIKeywordMain.runKeyword(WebUIKeywordMain.groovy:41)
	... 21 more

2025-08-20 00:28:55.517 INFO  c.k.katalon.core.main.TestCaseExecutor   - END Test Cases/FormPage/TC10_DataDriven_Successful Submission
2025-08-20 00:28:55.521 INFO  c.k.katalon.core.main.TestCaseExecutor   - --------------------
2025-08-20 00:28:55.521 INFO  c.k.katalon.core.main.TestCaseExecutor   - START Test Cases/FormPage/TC10_DataDriven_Successful Submission
2025-08-20 00:28:55.541 INFO  c.k.katalon.core.main.TestCaseExecutor   - FirstName = Mary
2025-08-20 00:28:55.541 INFO  c.k.katalon.core.main.TestCaseExecutor   - LastName = Ho
2025-08-20 00:28:55.542 INFO  c.k.katalon.core.main.TestCaseExecutor   - Email = mm@gmail.com
2025-08-20 00:28:55.542 INFO  c.k.katalon.core.main.TestCaseExecutor   - MobileNumber = 87654321
2025-08-20 00:28:55.542 INFO  c.k.katalon.core.main.TestCaseExecutor   - DateOfBirth = 19091960
2025-08-20 00:28:55.543 INFO  c.k.katalon.core.main.TestCaseExecutor   - Address = 12 #02-40 Ang Mo Kio Singapore
2025-08-20 00:28:55.543 INFO  c.k.katalon.core.main.TestCaseExecutor   - Gender = Female
2025-08-20 00:28:55.546 INFO  c.k.katalon.core.main.TestCaseExecutor   - Hobby = Music
2025-08-20 00:28:55.547 INFO  c.k.katalon.core.main.TestCaseExecutor   - Location = North
2025-08-20 00:28:55.552 DEBUG t.TC10_DataDriven_Successful Submission  - 1: callTestCase(findTestCase("Common/TC_Launch Browser"), [:], STOP_ON_FAILURE)
2025-08-20 00:28:55.609 INFO  c.k.katalon.core.main.TestCaseExecutor   - --------------------
2025-08-20 00:28:55.609 INFO  c.k.katalon.core.main.TestCaseExecutor   - CALL Test Cases/Common/TC_Launch Browser
2025-08-20 00:28:55.623 DEBUG testcase.TC_Launch Browser               - 1: openBrowser("http://go.gov.sg/gt-qe")
2025-08-20 00:28:55.627 WARN  c.k.k.core.webui.driver.DriverFactory    - A browser is already opened. Closing browser and opening a new one
2025-08-20 00:28:55.917 INFO  c.k.k.core.webui.driver.DriverFactory    - Starting 'Chrome' driver
2025-08-20 00:28:55.919 INFO  c.k.k.core.webui.driver.DriverFactory    - Action delay is set to 0 milliseconds
Aug 20, 2025 12:28:56 AM org.openqa.selenium.devtools.CdpVersionFinder findNearestMatch
WARNING: Unable to find an exact match for CDP version 139, returning the closest version; found: 135; Please update to a Selenium version that supports CDP version 139
2025-08-20 00:28:57.020 INFO  c.k.k.core.webui.driver.DriverFactory    - sessionId = 2bd5706e2c3c47ec49acf164425c17ae
2025-08-20 00:28:57.021 INFO  c.k.k.core.webui.driver.DriverFactory    - browser = Chrome 139.0.7258.128
2025-08-20 00:28:57.021 INFO  c.k.k.core.webui.driver.DriverFactory    - platform = Windows 11
2025-08-20 00:28:57.022 INFO  c.k.k.core.webui.driver.DriverFactory    - seleniumVersion = 4.28.1
2025-08-20 00:28:57.023 INFO  c.k.k.core.webui.driver.DriverFactory    - proxyInformation = ProxyInformation { proxyOption=NO_PROXY, proxyServerType=HTTP, username=, password=********, proxyServerAddress=, proxyServerPort=0, executionList="", isApplyToDesiredCapabilities=true }
2025-08-20 00:28:57.423 DEBUG testcase.TC_Launch Browser               - 2: maximizeWindow()
2025-08-20 00:28:57.494 DEBUG testcase.TC_Launch Browser               - 3: navigateToUrl("http://go.gov.sg/gt-qe")
2025-08-20 00:28:57.494 WARN  testcase.TC_Launch Browser               - SKIPPED NOT_RUN: navigateToUrl("http://go.gov.sg/gt-qe")
2025-08-20 00:28:57.495 DEBUG testcase.TC_Launch Browser               - 4: delay(5)
2025-08-20 00:29:02.499 INFO  c.k.katalon.core.main.TestCaseExecutor   - END CALL Test Cases/Common/TC_Launch Browser
2025-08-20 00:29:02.500 INFO  c.k.katalon.core.main.TestCaseExecutor   - --------------------
2025-08-20 00:29:02.500 DEBUG t.TC10_DataDriven_Successful Submission  - 2: setText(findTestObject("Module/Test Form/input_First Name"), FirstName)
2025-08-20 00:29:06.635 DEBUG t.TC10_DataDriven_Successful Submission  - 3: setText(findTestObject("Module/Test Form/input_Last Name"), LastName)
2025-08-20 00:29:07.614 DEBUG t.TC10_DataDriven_Successful Submission  - 4: setText(findTestObject("Module/Test Form/input_Email"), Email)
2025-08-20 00:29:08.583 DEBUG t.TC10_DataDriven_Successful Submission  - 5: if (Gender == "Male")
2025-08-20 00:29:08.586 DEBUG t.TC10_DataDriven_Successful Submission  - 6: else
2025-08-20 00:29:08.586 DEBUG t.TC10_DataDriven_Successful Submission  - 1: click(findTestObject("Module/Test Form/radiobutton_Female"))
2025-08-20 00:29:09.123 DEBUG t.TC10_DataDriven_Successful Submission  - 7: setText(findTestObject("Module/Test Form/input_Mobile number"), MobileNumber)
2025-08-20 00:29:09.932 DEBUG t.TC10_DataDriven_Successful Submission  - 8: click(findTestObject("Module/Test Form/input_Date of Birth"))
2025-08-20 00:29:10.383 DEBUG t.TC10_DataDriven_Successful Submission  - 9: delay(3)
2025-08-20 00:29:13.387 DEBUG t.TC10_DataDriven_Successful Submission  - 10: focus(findTestObject("Module/Test Form/input_Date of Birth"), STOP_ON_FAILURE)
2025-08-20 00:29:13.666 DEBUG t.TC10_DataDriven_Successful Submission  - 11: sendKeys(findTestObject("Module/Test Form/input_Date of Birth"), DateOfBirth)
2025-08-20 00:29:14.074 DEBUG t.TC10_DataDriven_Successful Submission  - 12: if (Hobby == "Sport")
2025-08-20 00:29:14.075 DEBUG t.TC10_DataDriven_Successful Submission  - 13: else if (Hobby == "Music")
2025-08-20 00:29:14.075 DEBUG t.TC10_DataDriven_Successful Submission  - 1: click(findTestObject("Module/Test Form/checkbox_Music"))
2025-08-20 00:29:14.488 DEBUG t.TC10_DataDriven_Successful Submission  - 15: click(findTestObject("Module/Test Form/dropdown_SelectLocation"))
2025-08-20 00:29:15.152 DEBUG t.TC10_DataDriven_Successful Submission  - 16: setText(findTestObject("Module/Test Form/input_Location(optional)"), Location, STOP_ON_FAILURE)
2025-08-20 00:29:16.330 DEBUG t.TC10_DataDriven_Successful Submission  - 17: delay(3)
2025-08-20 00:29:19.332 DEBUG t.TC10_DataDriven_Successful Submission  - 18: sendKeys(findTestObject("Module/Test Form/input_Location(optional)"), Keys.chord(ENTER))
2025-08-20 00:29:19.655 DEBUG t.TC10_DataDriven_Successful Submission  - 19: setText(findTestObject("Module/Test Form/textarea_Address(optional)"), Address)
2025-08-20 00:29:20.884 DEBUG t.TC10_DataDriven_Successful Submission  - 20: click(findTestObject("Module/Test Form/button_Submit now"))
2025-08-20 00:29:21.389 DEBUG t.TC10_DataDriven_Successful Submission  - 21: verifyTextPresent("Thank you for filling out the form.", false)
2025-08-20 00:29:22.044 ERROR c.k.k.core.keyword.internal.KeywordMain  - ❌ Text 'Thank you for filling out the form.' is not present on page  (Root cause: com.kms.katalon.core.exception.StepFailedException: Text 'Thank you for filling out the form.' is not present on page 
	at com.kms.katalon.core.webui.keyword.internal.WebUIKeywordMain.stepFailed(WebUIKeywordMain.groovy:175)
	at com.kms.katalon.core.webui.keyword.builtin.VerifyTextPresentKeyword$_verifyTextPresent_closure1.doCall(VerifyTextPresentKeyword.groovy:79)
	at com.kms.katalon.core.webui.keyword.builtin.VerifyTextPresentKeyword$_verifyTextPresent_closure1.call(VerifyTextPresentKeyword.groovy)
	at com.kms.katalon.core.webui.keyword.internal.WebUIKeywordMain.runKeyword(WebUIKeywordMain.groovy:41)
	at com.kms.katalon.core.webui.keyword.builtin.VerifyTextPresentKeyword.verifyTextPresent(VerifyTextPresentKeyword.groovy:83)
	at com.kms.katalon.core.webui.keyword.builtin.VerifyTextPresentKeyword.execute(VerifyTextPresentKeyword.groovy:68)
	at com.kms.katalon.core.keyword.internal.KeywordExecutor.executeKeywordForPlatform(KeywordExecutor.groovy:79)
	at com.kms.katalon.core.webui.keyword.WebUiBuiltInKeywords.verifyTextPresent(WebUiBuiltInKeywords.groovy:1799)
	at TC10_DataDriven_Successful Submission.run(TC10_DataDriven_Successful Submission:67)
	at com.kms.katalon.core.main.ScriptEngine.run(ScriptEngine.java:194)
	at com.kms.katalon.core.main.ScriptEngine.runScriptAsRawText(ScriptEngine.java:119)
	at com.kms.katalon.core.main.TestCaseExecutor.runScript(TestCaseExecutor.java:486)
	at com.kms.katalon.core.main.TestCaseExecutor.doExecute(TestCaseExecutor.java:477)
	at com.kms.katalon.core.main.TestCaseExecutor.processExecutionPhase(TestCaseExecutor.java:456)
	at com.kms.katalon.core.main.TestCaseExecutor.accessMainPhase(TestCaseExecutor.java:448)
	at com.kms.katalon.core.main.TestCaseExecutor.execute(TestCaseExecutor.java:322)
	at com.kms.katalon.core.main.TestCaseExecutor.execute(TestCaseExecutor.java:406)
	at com.kms.katalon.core.main.TestCaseExecutor.execute(TestCaseExecutor.java:406)
	at com.kms.katalon.core.common.CommonExecutor.accessTestCaseMainPhase(CommonExecutor.java:71)
	at com.kms.katalon.core.main.TestSuiteExecutor.accessTestSuiteMainPhase(TestSuiteExecutor.java:145)
	at com.kms.katalon.core.main.TestSuiteExecutor.execute(TestSuiteExecutor.java:104)
	at com.kms.katalon.core.main.TestCaseMain.startTestSuite(TestCaseMain.java:205)
	at TempTestSuite1755620794647.run(TempTestSuite1755620794647.groovy:35)
	at java.base/jdk.internal.reflect.NativeMethodAccessorImpl.invoke0(Native Method)
	at java.base/jdk.internal.reflect.NativeMethodAccessorImpl.invoke(NativeMethodAccessorImpl.java:77)
	at java.base/jdk.internal.reflect.DelegatingMethodAccessorImpl.invoke(DelegatingMethodAccessorImpl.java:43)
)
2025-08-20 00:29:22.248 ERROR c.k.k.core.keyword.internal.KeywordMain  - ❌ Unable to verify text 'Thank you for filling out the form.' is present  (Root cause: com.kms.katalon.core.exception.StepFailedException: Unable to verify text 'Thank you for filling out the form.' is present 
	at com.kms.katalon.core.webui.keyword.internal.WebUIKeywordMain.stepFailed(WebUIKeywordMain.groovy:175)
	at com.kms.katalon.core.webui.keyword.internal.WebUIKeywordMain.runKeyword(WebUIKeywordMain.groovy:49)
	at com.kms.katalon.core.webui.keyword.builtin.VerifyTextPresentKeyword.verifyTextPresent(VerifyTextPresentKeyword.groovy:83)
	at com.kms.katalon.core.webui.keyword.builtin.VerifyTextPresentKeyword.execute(VerifyTextPresentKeyword.groovy:68)
	at com.kms.katalon.core.keyword.internal.KeywordExecutor.executeKeywordForPlatform(KeywordExecutor.groovy:79)
	at com.kms.katalon.core.webui.keyword.WebUiBuiltInKeywords.verifyTextPresent(WebUiBuiltInKeywords.groovy:1799)
	at TC10_DataDriven_Successful Submission.run(TC10_DataDriven_Successful Submission:67)
	at com.kms.katalon.core.main.ScriptEngine.run(ScriptEngine.java:194)
	at com.kms.katalon.core.main.ScriptEngine.runScriptAsRawText(ScriptEngine.java:119)
	at com.kms.katalon.core.main.TestCaseExecutor.runScript(TestCaseExecutor.java:486)
	at com.kms.katalon.core.main.TestCaseExecutor.doExecute(TestCaseExecutor.java:477)
	at com.kms.katalon.core.main.TestCaseExecutor.processExecutionPhase(TestCaseExecutor.java:456)
	at com.kms.katalon.core.main.TestCaseExecutor.accessMainPhase(TestCaseExecutor.java:448)
	at com.kms.katalon.core.main.TestCaseExecutor.execute(TestCaseExecutor.java:322)
	at com.kms.katalon.core.main.TestCaseExecutor.execute(TestCaseExecutor.java:406)
	at com.kms.katalon.core.main.TestCaseExecutor.execute(TestCaseExecutor.java:406)
	at com.kms.katalon.core.common.CommonExecutor.accessTestCaseMainPhase(CommonExecutor.java:71)
	at com.kms.katalon.core.main.TestSuiteExecutor.accessTestSuiteMainPhase(TestSuiteExecutor.java:145)
	at com.kms.katalon.core.main.TestSuiteExecutor.execute(TestSuiteExecutor.java:104)
	at com.kms.katalon.core.main.TestCaseMain.startTestSuite(TestCaseMain.java:205)
	at TempTestSuite1755620794647.run(TempTestSuite1755620794647.groovy:35)
	at java.base/jdk.internal.reflect.NativeMethodAccessorImpl.invoke0(Native Method)
	at java.base/jdk.internal.reflect.NativeMethodAccessorImpl.invoke(NativeMethodAccessorImpl.java:77)
	at java.base/jdk.internal.reflect.DelegatingMethodAccessorImpl.invoke(DelegatingMethodAccessorImpl.java:43)
Caused by: com.kms.katalon.core.exception.StepFailedException: Text 'Thank you for filling out the form.' is not present on page 
	at com.kms.katalon.core.webui.keyword.internal.WebUIKeywordMain.stepFailed(WebUIKeywordMain.groovy:175)
	at com.kms.katalon.core.webui.keyword.builtin.VerifyTextPresentKeyword$_verifyTextPresent_closure1.doCall(VerifyTextPresentKeyword.groovy:79)
	at com.kms.katalon.core.webui.keyword.builtin.VerifyTextPresentKeyword$_verifyTextPresent_closure1.call(VerifyTextPresentKeyword.groovy)
	at com.kms.katalon.core.webui.keyword.internal.WebUIKeywordMain.runKeyword(WebUIKeywordMain.groovy:41)
	... 22 more
)
2025-08-20 00:29:22.251 ERROR c.k.katalon.core.main.TestCaseExecutor   - ❌ Test Cases/FormPage/TC10_DataDriven_Successful Submission FAILED.
Reason:
com.kms.katalon.core.exception.StepFailedException: Unable to verify text 'Thank you for filling out the form.' is present 
	at com.kms.katalon.core.webui.keyword.internal.WebUIKeywordMain.stepFailed(WebUIKeywordMain.groovy:175)
	at com.kms.katalon.core.webui.keyword.internal.WebUIKeywordMain.runKeyword(WebUIKeywordMain.groovy:49)
	at com.kms.katalon.core.webui.keyword.builtin.VerifyTextPresentKeyword.verifyTextPresent(VerifyTextPresentKeyword.groovy:83)
	at com.kms.katalon.core.webui.keyword.builtin.VerifyTextPresentKeyword.execute(VerifyTextPresentKeyword.groovy:68)
	at com.kms.katalon.core.keyword.internal.KeywordExecutor.executeKeywordForPlatform(KeywordExecutor.groovy:79)
	at com.kms.katalon.core.webui.keyword.WebUiBuiltInKeywords.verifyTextPresent(WebUiBuiltInKeywords.groovy:1799)
	at TC10_DataDriven_Successful Submission.run(TC10_DataDriven_Successful Submission:67)
	at com.kms.katalon.core.main.ScriptEngine.run(ScriptEngine.java:194)
	at com.kms.katalon.core.main.ScriptEngine.runScriptAsRawText(ScriptEngine.java:119)
	at com.kms.katalon.core.main.TestCaseExecutor.runScript(TestCaseExecutor.java:486)
	at com.kms.katalon.core.main.TestCaseExecutor.doExecute(TestCaseExecutor.java:477)
	at com.kms.katalon.core.main.TestCaseExecutor.processExecutionPhase(TestCaseExecutor.java:456)
	at com.kms.katalon.core.main.TestCaseExecutor.accessMainPhase(TestCaseExecutor.java:448)
	at com.kms.katalon.core.main.TestCaseExecutor.execute(TestCaseExecutor.java:322)
	at com.kms.katalon.core.main.TestCaseExecutor.execute(TestCaseExecutor.java:406)
	at com.kms.katalon.core.main.TestCaseExecutor.execute(TestCaseExecutor.java:406)
	at com.kms.katalon.core.common.CommonExecutor.accessTestCaseMainPhase(CommonExecutor.java:71)
	at com.kms.katalon.core.main.TestSuiteExecutor.accessTestSuiteMainPhase(TestSuiteExecutor.java:145)
	at com.kms.katalon.core.main.TestSuiteExecutor.execute(TestSuiteExecutor.java:104)
	at com.kms.katalon.core.main.TestCaseMain.startTestSuite(TestCaseMain.java:205)
	at TempTestSuite1755620794647.run(TempTestSuite1755620794647.groovy:35)
	at java.base/jdk.internal.reflect.NativeMethodAccessorImpl.invoke0(Native Method)
	at java.base/jdk.internal.reflect.NativeMethodAccessorImpl.invoke(NativeMethodAccessorImpl.java:77)
	at java.base/jdk.internal.reflect.DelegatingMethodAccessorImpl.invoke(DelegatingMethodAccessorImpl.java:43)
Caused by: com.kms.katalon.core.exception.StepFailedException: Text 'Thank you for filling out the form.' is not present on page 
	at com.kms.katalon.core.webui.keyword.internal.WebUIKeywordMain.stepFailed(WebUIKeywordMain.groovy:175)
	at com.kms.katalon.core.webui.keyword.builtin.VerifyTextPresentKeyword$_verifyTextPresent_closure1.doCall(VerifyTextPresentKeyword.groovy:79)
	at com.kms.katalon.core.webui.keyword.builtin.VerifyTextPresentKeyword$_verifyTextPresent_closure1.call(VerifyTextPresentKeyword.groovy)
	at com.kms.katalon.core.webui.keyword.internal.WebUIKeywordMain.runKeyword(WebUIKeywordMain.groovy:41)
	... 22 more

2025-08-20 00:29:22.254 INFO  c.k.katalon.core.main.TestCaseExecutor   - END Test Cases/FormPage/TC10_DataDriven_Successful Submission
2025-08-20 00:29:22.423 INFO  c.k.katalon.core.main.TestCaseExecutor   - --------------------
2025-08-20 00:29:22.423 INFO  c.k.katalon.core.main.TestCaseExecutor   - START Test Cases/FormPage/TC10_DataDriven_Successful Submission
2025-08-20 00:29:22.438 INFO  c.k.katalon.core.main.TestCaseExecutor   - FirstName = Danie
2025-08-20 00:29:22.438 INFO  c.k.katalon.core.main.TestCaseExecutor   - LastName = Amy
2025-08-20 00:29:22.438 INFO  c.k.katalon.core.main.TestCaseExecutor   - Email = amy@hotmail.com
2025-08-20 00:29:22.439 INFO  c.k.katalon.core.main.TestCaseExecutor   - MobileNumber = 89876543
2025-08-20 00:29:22.439 INFO  c.k.katalon.core.main.TestCaseExecutor   - DateOfBirth = 23011980
2025-08-20 00:29:22.439 INFO  c.k.katalon.core.main.TestCaseExecutor   - Address = 345 Bukit Timah Singapore
2025-08-20 00:29:22.439 INFO  c.k.katalon.core.main.TestCaseExecutor   - Gender = Male
2025-08-20 00:29:22.440 INFO  c.k.katalon.core.main.TestCaseExecutor   - Hobby = Reading
2025-08-20 00:29:22.440 INFO  c.k.katalon.core.main.TestCaseExecutor   - Location = West
2025-08-20 00:29:22.444 DEBUG t.TC10_DataDriven_Successful Submission  - 1: callTestCase(findTestCase("Common/TC_Launch Browser"), [:], STOP_ON_FAILURE)
2025-08-20 00:29:22.501 INFO  c.k.katalon.core.main.TestCaseExecutor   - --------------------
2025-08-20 00:29:22.501 INFO  c.k.katalon.core.main.TestCaseExecutor   - CALL Test Cases/Common/TC_Launch Browser
2025-08-20 00:29:22.515 DEBUG testcase.TC_Launch Browser               - 1: openBrowser("http://go.gov.sg/gt-qe")
2025-08-20 00:29:22.518 WARN  c.k.k.core.webui.driver.DriverFactory    - A browser is already opened. Closing browser and opening a new one
2025-08-20 00:29:22.842 INFO  c.k.k.core.webui.driver.DriverFactory    - Starting 'Chrome' driver
2025-08-20 00:29:22.844 INFO  c.k.k.core.webui.driver.DriverFactory    - Action delay is set to 0 milliseconds
Aug 20, 2025 12:29:23 AM org.openqa.selenium.devtools.CdpVersionFinder findNearestMatch
WARNING: Unable to find an exact match for CDP version 139, returning the closest version; found: 135; Please update to a Selenium version that supports CDP version 139
2025-08-20 00:29:23.915 INFO  c.k.k.core.webui.driver.DriverFactory    - sessionId = 389592b0585d6cacecc3bb2dd0792e05
2025-08-20 00:29:23.916 INFO  c.k.k.core.webui.driver.DriverFactory    - browser = Chrome 139.0.7258.128
2025-08-20 00:29:23.916 INFO  c.k.k.core.webui.driver.DriverFactory    - platform = Windows 11
2025-08-20 00:29:23.916 INFO  c.k.k.core.webui.driver.DriverFactory    - seleniumVersion = 4.28.1
2025-08-20 00:29:23.917 INFO  c.k.k.core.webui.driver.DriverFactory    - proxyInformation = ProxyInformation { proxyOption=NO_PROXY, proxyServerType=HTTP, username=, password=********, proxyServerAddress=, proxyServerPort=0, executionList="", isApplyToDesiredCapabilities=true }
2025-08-20 00:29:24.325 DEBUG testcase.TC_Launch Browser               - 2: maximizeWindow()
2025-08-20 00:29:24.385 DEBUG testcase.TC_Launch Browser               - 3: navigateToUrl("http://go.gov.sg/gt-qe")
2025-08-20 00:29:24.386 WARN  testcase.TC_Launch Browser               - SKIPPED NOT_RUN: navigateToUrl("http://go.gov.sg/gt-qe")
2025-08-20 00:29:24.387 DEBUG testcase.TC_Launch Browser               - 4: delay(5)
2025-08-20 00:29:29.393 INFO  c.k.katalon.core.main.TestCaseExecutor   - END CALL Test Cases/Common/TC_Launch Browser
2025-08-20 00:29:29.393 INFO  c.k.katalon.core.main.TestCaseExecutor   - --------------------
2025-08-20 00:29:29.394 DEBUG t.TC10_DataDriven_Successful Submission  - 2: setText(findTestObject("Module/Test Form/input_First Name"), FirstName)
2025-08-20 00:29:33.103 DEBUG t.TC10_DataDriven_Successful Submission  - 3: setText(findTestObject("Module/Test Form/input_Last Name"), LastName)
2025-08-20 00:29:33.964 DEBUG t.TC10_DataDriven_Successful Submission  - 4: setText(findTestObject("Module/Test Form/input_Email"), Email)
2025-08-20 00:29:34.777 DEBUG t.TC10_DataDriven_Successful Submission  - 5: if (Gender == "Male")
2025-08-20 00:29:34.778 DEBUG t.TC10_DataDriven_Successful Submission  - 1: click(findTestObject("Module/Test Form/radiobutton_Male"))
2025-08-20 00:29:35.293 DEBUG t.TC10_DataDriven_Successful Submission  - 7: setText(findTestObject("Module/Test Form/input_Mobile number"), MobileNumber)
2025-08-20 00:29:35.991 DEBUG t.TC10_DataDriven_Successful Submission  - 8: click(findTestObject("Module/Test Form/input_Date of Birth"))
2025-08-20 00:29:36.394 DEBUG t.TC10_DataDriven_Successful Submission  - 9: delay(3)
2025-08-20 00:29:39.397 DEBUG t.TC10_DataDriven_Successful Submission  - 10: focus(findTestObject("Module/Test Form/input_Date of Birth"), STOP_ON_FAILURE)
2025-08-20 00:29:39.678 DEBUG t.TC10_DataDriven_Successful Submission  - 11: sendKeys(findTestObject("Module/Test Form/input_Date of Birth"), DateOfBirth)
2025-08-20 00:29:40.084 DEBUG t.TC10_DataDriven_Successful Submission  - 12: if (Hobby == "Sport")
2025-08-20 00:29:40.088 DEBUG t.TC10_DataDriven_Successful Submission  - 13: else if (Hobby == "Music")
2025-08-20 00:29:40.090 DEBUG t.TC10_DataDriven_Successful Submission  - 14: else
2025-08-20 00:29:40.094 DEBUG t.TC10_DataDriven_Successful Submission  - 1: click(findTestObject("Module/Test Form/checkbox_Reading"))
2025-08-20 00:29:40.551 DEBUG t.TC10_DataDriven_Successful Submission  - 15: click(findTestObject("Module/Test Form/dropdown_SelectLocation"))
2025-08-20 00:29:41.209 DEBUG t.TC10_DataDriven_Successful Submission  - 16: setText(findTestObject("Module/Test Form/input_Location(optional)"), Location, STOP_ON_FAILURE)
2025-08-20 00:29:42.393 DEBUG t.TC10_DataDriven_Successful Submission  - 17: delay(3)
2025-08-20 00:29:45.397 DEBUG t.TC10_DataDriven_Successful Submission  - 18: sendKeys(findTestObject("Module/Test Form/input_Location(optional)"), Keys.chord(ENTER))
2025-08-20 00:29:45.712 DEBUG t.TC10_DataDriven_Successful Submission  - 19: setText(findTestObject("Module/Test Form/textarea_Address(optional)"), Address)
2025-08-20 00:29:46.905 DEBUG t.TC10_DataDriven_Successful Submission  - 20: click(findTestObject("Module/Test Form/button_Submit now"))
2025-08-20 00:29:47.413 DEBUG t.TC10_DataDriven_Successful Submission  - 21: verifyTextPresent("Thank you for filling out the form.", false)
2025-08-20 00:29:48.054 ERROR c.k.k.core.keyword.internal.KeywordMain  - ❌ Text 'Thank you for filling out the form.' is not present on page  (Root cause: com.kms.katalon.core.exception.StepFailedException: Text 'Thank you for filling out the form.' is not present on page 
	at com.kms.katalon.core.webui.keyword.internal.WebUIKeywordMain.stepFailed(WebUIKeywordMain.groovy:175)
	at com.kms.katalon.core.webui.keyword.builtin.VerifyTextPresentKeyword$_verifyTextPresent_closure1.doCall(VerifyTextPresentKeyword.groovy:79)
	at com.kms.katalon.core.webui.keyword.builtin.VerifyTextPresentKeyword$_verifyTextPresent_closure1.call(VerifyTextPresentKeyword.groovy)
	at com.kms.katalon.core.webui.keyword.internal.WebUIKeywordMain.runKeyword(WebUIKeywordMain.groovy:41)
	at com.kms.katalon.core.webui.keyword.builtin.VerifyTextPresentKeyword.verifyTextPresent(VerifyTextPresentKeyword.groovy:83)
	at com.kms.katalon.core.webui.keyword.builtin.VerifyTextPresentKeyword.execute(VerifyTextPresentKeyword.groovy:68)
	at com.kms.katalon.core.keyword.internal.KeywordExecutor.executeKeywordForPlatform(KeywordExecutor.groovy:79)
	at com.kms.katalon.core.webui.keyword.WebUiBuiltInKeywords.verifyTextPresent(WebUiBuiltInKeywords.groovy:1799)
	at TC10_DataDriven_Successful Submission.run(TC10_DataDriven_Successful Submission:67)
	at com.kms.katalon.core.main.ScriptEngine.run(ScriptEngine.java:194)
	at com.kms.katalon.core.main.ScriptEngine.runScriptAsRawText(ScriptEngine.java:119)
	at com.kms.katalon.core.main.TestCaseExecutor.runScript(TestCaseExecutor.java:486)
	at com.kms.katalon.core.main.TestCaseExecutor.doExecute(TestCaseExecutor.java:477)
	at com.kms.katalon.core.main.TestCaseExecutor.processExecutionPhase(TestCaseExecutor.java:456)
	at com.kms.katalon.core.main.TestCaseExecutor.accessMainPhase(TestCaseExecutor.java:448)
	at com.kms.katalon.core.main.TestCaseExecutor.execute(TestCaseExecutor.java:322)
	at com.kms.katalon.core.common.CommonExecutor.accessTestCaseMainPhase(CommonExecutor.java:71)
	at com.kms.katalon.core.main.TestSuiteExecutor.accessTestSuiteMainPhase(TestSuiteExecutor.java:145)
	at com.kms.katalon.core.main.TestSuiteExecutor.execute(TestSuiteExecutor.java:104)
	at com.kms.katalon.core.main.TestCaseMain.startTestSuite(TestCaseMain.java:205)
	at TempTestSuite1755620794647.run(TempTestSuite1755620794647.groovy:35)
	at java.base/jdk.internal.reflect.NativeMethodAccessorImpl.invoke0(Native Method)
	at java.base/jdk.internal.reflect.NativeMethodAccessorImpl.invoke(NativeMethodAccessorImpl.java:77)
	at java.base/jdk.internal.reflect.DelegatingMethodAccessorImpl.invoke(DelegatingMethodAccessorImpl.java:43)
)
2025-08-20 00:29:48.244 ERROR c.k.k.core.keyword.internal.KeywordMain  - ❌ Unable to verify text 'Thank you for filling out the form.' is present  (Root cause: com.kms.katalon.core.exception.StepFailedException: Unable to verify text 'Thank you for filling out the form.' is present 
	at com.kms.katalon.core.webui.keyword.internal.WebUIKeywordMain.stepFailed(WebUIKeywordMain.groovy:175)
	at com.kms.katalon.core.webui.keyword.internal.WebUIKeywordMain.runKeyword(WebUIKeywordMain.groovy:49)
	at com.kms.katalon.core.webui.keyword.builtin.VerifyTextPresentKeyword.verifyTextPresent(VerifyTextPresentKeyword.groovy:83)
	at com.kms.katalon.core.webui.keyword.builtin.VerifyTextPresentKeyword.execute(VerifyTextPresentKeyword.groovy:68)
	at com.kms.katalon.core.keyword.internal.KeywordExecutor.executeKeywordForPlatform(KeywordExecutor.groovy:79)
	at com.kms.katalon.core.webui.keyword.WebUiBuiltInKeywords.verifyTextPresent(WebUiBuiltInKeywords.groovy:1799)
	at TC10_DataDriven_Successful Submission.run(TC10_DataDriven_Successful Submission:67)
	at com.kms.katalon.core.main.ScriptEngine.run(ScriptEngine.java:194)
	at com.kms.katalon.core.main.ScriptEngine.runScriptAsRawText(ScriptEngine.java:119)
	at com.kms.katalon.core.main.TestCaseExecutor.runScript(TestCaseExecutor.java:486)
	at com.kms.katalon.core.main.TestCaseExecutor.doExecute(TestCaseExecutor.java:477)
	at com.kms.katalon.core.main.TestCaseExecutor.processExecutionPhase(TestCaseExecutor.java:456)
	at com.kms.katalon.core.main.TestCaseExecutor.accessMainPhase(TestCaseExecutor.java:448)
	at com.kms.katalon.core.main.TestCaseExecutor.execute(TestCaseExecutor.java:322)
	at com.kms.katalon.core.common.CommonExecutor.accessTestCaseMainPhase(CommonExecutor.java:71)
	at com.kms.katalon.core.main.TestSuiteExecutor.accessTestSuiteMainPhase(TestSuiteExecutor.java:145)
	at com.kms.katalon.core.main.TestSuiteExecutor.execute(TestSuiteExecutor.java:104)
	at com.kms.katalon.core.main.TestCaseMain.startTestSuite(TestCaseMain.java:205)
	at TempTestSuite1755620794647.run(TempTestSuite1755620794647.groovy:35)
	at java.base/jdk.internal.reflect.NativeMethodAccessorImpl.invoke0(Native Method)
	at java.base/jdk.internal.reflect.NativeMethodAccessorImpl.invoke(NativeMethodAccessorImpl.java:77)
	at java.base/jdk.internal.reflect.DelegatingMethodAccessorImpl.invoke(DelegatingMethodAccessorImpl.java:43)
Caused by: com.kms.katalon.core.exception.StepFailedException: Text 'Thank you for filling out the form.' is not present on page 
	at com.kms.katalon.core.webui.keyword.internal.WebUIKeywordMain.stepFailed(WebUIKeywordMain.groovy:175)
	at com.kms.katalon.core.webui.keyword.builtin.VerifyTextPresentKeyword$_verifyTextPresent_closure1.doCall(VerifyTextPresentKeyword.groovy:79)
	at com.kms.katalon.core.webui.keyword.builtin.VerifyTextPresentKeyword$_verifyTextPresent_closure1.call(VerifyTextPresentKeyword.groovy)
	at com.kms.katalon.core.webui.keyword.internal.WebUIKeywordMain.runKeyword(WebUIKeywordMain.groovy:41)
	... 20 more
)
2025-08-20 00:29:48.245 ERROR c.k.katalon.core.main.TestCaseExecutor   - ❌ Test Cases/FormPage/TC10_DataDriven_Successful Submission FAILED.
Reason:
com.kms.katalon.core.exception.StepFailedException: Unable to verify text 'Thank you for filling out the form.' is present 
	at com.kms.katalon.core.webui.keyword.internal.WebUIKeywordMain.stepFailed(WebUIKeywordMain.groovy:175)
	at com.kms.katalon.core.webui.keyword.internal.WebUIKeywordMain.runKeyword(WebUIKeywordMain.groovy:49)
	at com.kms.katalon.core.webui.keyword.builtin.VerifyTextPresentKeyword.verifyTextPresent(VerifyTextPresentKeyword.groovy:83)
	at com.kms.katalon.core.webui.keyword.builtin.VerifyTextPresentKeyword.execute(VerifyTextPresentKeyword.groovy:68)
	at com.kms.katalon.core.keyword.internal.KeywordExecutor.executeKeywordForPlatform(KeywordExecutor.groovy:79)
	at com.kms.katalon.core.webui.keyword.WebUiBuiltInKeywords.verifyTextPresent(WebUiBuiltInKeywords.groovy:1799)
	at TC10_DataDriven_Successful Submission.run(TC10_DataDriven_Successful Submission:67)
	at com.kms.katalon.core.main.ScriptEngine.run(ScriptEngine.java:194)
	at com.kms.katalon.core.main.ScriptEngine.runScriptAsRawText(ScriptEngine.java:119)
	at com.kms.katalon.core.main.TestCaseExecutor.runScript(TestCaseExecutor.java:486)
	at com.kms.katalon.core.main.TestCaseExecutor.doExecute(TestCaseExecutor.java:477)
	at com.kms.katalon.core.main.TestCaseExecutor.processExecutionPhase(TestCaseExecutor.java:456)
	at com.kms.katalon.core.main.TestCaseExecutor.accessMainPhase(TestCaseExecutor.java:448)
	at com.kms.katalon.core.main.TestCaseExecutor.execute(TestCaseExecutor.java:322)
	at com.kms.katalon.core.common.CommonExecutor.accessTestCaseMainPhase(CommonExecutor.java:71)
	at com.kms.katalon.core.main.TestSuiteExecutor.accessTestSuiteMainPhase(TestSuiteExecutor.java:145)
	at com.kms.katalon.core.main.TestSuiteExecutor.execute(TestSuiteExecutor.java:104)
	at com.kms.katalon.core.main.TestCaseMain.startTestSuite(TestCaseMain.java:205)
	at TempTestSuite1755620794647.run(TempTestSuite1755620794647.groovy:35)
	at java.base/jdk.internal.reflect.NativeMethodAccessorImpl.invoke0(Native Method)
	at java.base/jdk.internal.reflect.NativeMethodAccessorImpl.invoke(NativeMethodAccessorImpl.java:77)
	at java.base/jdk.internal.reflect.DelegatingMethodAccessorImpl.invoke(DelegatingMethodAccessorImpl.java:43)
Caused by: com.kms.katalon.core.exception.StepFailedException: Text 'Thank you for filling out the form.' is not present on page 
	at com.kms.katalon.core.webui.keyword.internal.WebUIKeywordMain.stepFailed(WebUIKeywordMain.groovy:175)
	at com.kms.katalon.core.webui.keyword.builtin.VerifyTextPresentKeyword$_verifyTextPresent_closure1.doCall(VerifyTextPresentKeyword.groovy:79)
	at com.kms.katalon.core.webui.keyword.builtin.VerifyTextPresentKeyword$_verifyTextPresent_closure1.call(VerifyTextPresentKeyword.groovy)
	at com.kms.katalon.core.webui.keyword.internal.WebUIKeywordMain.runKeyword(WebUIKeywordMain.groovy:41)
	... 20 more

2025-08-20 00:29:48.248 INFO  c.k.katalon.core.main.TestCaseExecutor   - END Test Cases/FormPage/TC10_DataDriven_Successful Submission
2025-08-20 00:29:48.252 INFO  c.k.katalon.core.main.TestCaseExecutor   - --------------------
2025-08-20 00:29:48.252 INFO  c.k.katalon.core.main.TestCaseExecutor   - START Test Cases/FormPage/TC10_DataDriven_Successful Submission
2025-08-20 00:29:48.272 INFO  c.k.katalon.core.main.TestCaseExecutor   - FirstName = Danie
2025-08-20 00:29:48.273 INFO  c.k.katalon.core.main.TestCaseExecutor   - LastName = Amy
2025-08-20 00:29:48.274 INFO  c.k.katalon.core.main.TestCaseExecutor   - Email = amy@hotmail.com
2025-08-20 00:29:48.274 INFO  c.k.katalon.core.main.TestCaseExecutor   - MobileNumber = 89876543
2025-08-20 00:29:48.274 INFO  c.k.katalon.core.main.TestCaseExecutor   - DateOfBirth = 23011980
2025-08-20 00:29:48.275 INFO  c.k.katalon.core.main.TestCaseExecutor   - Address = 345 Bukit Timah Singapore
2025-08-20 00:29:48.278 INFO  c.k.katalon.core.main.TestCaseExecutor   - Gender = Male
2025-08-20 00:29:48.280 INFO  c.k.katalon.core.main.TestCaseExecutor   - Hobby = Reading
2025-08-20 00:29:48.280 INFO  c.k.katalon.core.main.TestCaseExecutor   - Location = West
2025-08-20 00:29:48.283 DEBUG t.TC10_DataDriven_Successful Submission  - 1: callTestCase(findTestCase("Common/TC_Launch Browser"), [:], STOP_ON_FAILURE)
2025-08-20 00:29:48.346 INFO  c.k.katalon.core.main.TestCaseExecutor   - --------------------
2025-08-20 00:29:48.346 INFO  c.k.katalon.core.main.TestCaseExecutor   - CALL Test Cases/Common/TC_Launch Browser
2025-08-20 00:29:48.357 DEBUG testcase.TC_Launch Browser               - 1: openBrowser("http://go.gov.sg/gt-qe")
2025-08-20 00:29:48.359 WARN  c.k.k.core.webui.driver.DriverFactory    - A browser is already opened. Closing browser and opening a new one
2025-08-20 00:29:48.663 INFO  c.k.k.core.webui.driver.DriverFactory    - Starting 'Chrome' driver
2025-08-20 00:29:48.664 INFO  c.k.k.core.webui.driver.DriverFactory    - Action delay is set to 0 milliseconds
Aug 20, 2025 12:29:49 AM org.openqa.selenium.devtools.CdpVersionFinder findNearestMatch
WARNING: Unable to find an exact match for CDP version 139, returning the closest version; found: 135; Please update to a Selenium version that supports CDP version 139
2025-08-20 00:29:49.697 INFO  c.k.k.core.webui.driver.DriverFactory    - sessionId = 279e49b5f482970970e2b1b7ac8426f7
2025-08-20 00:29:49.698 INFO  c.k.k.core.webui.driver.DriverFactory    - browser = Chrome 139.0.7258.128
2025-08-20 00:29:49.699 INFO  c.k.k.core.webui.driver.DriverFactory    - platform = Windows 11
2025-08-20 00:29:49.702 INFO  c.k.k.core.webui.driver.DriverFactory    - seleniumVersion = 4.28.1
2025-08-20 00:29:49.703 INFO  c.k.k.core.webui.driver.DriverFactory    - proxyInformation = ProxyInformation { proxyOption=NO_PROXY, proxyServerType=HTTP, username=, password=********, proxyServerAddress=, proxyServerPort=0, executionList="", isApplyToDesiredCapabilities=true }
2025-08-20 00:29:50.017 DEBUG testcase.TC_Launch Browser               - 2: maximizeWindow()
2025-08-20 00:29:50.123 DEBUG testcase.TC_Launch Browser               - 3: navigateToUrl("http://go.gov.sg/gt-qe")
2025-08-20 00:29:50.124 WARN  testcase.TC_Launch Browser               - SKIPPED NOT_RUN: navigateToUrl("http://go.gov.sg/gt-qe")
2025-08-20 00:29:50.125 DEBUG testcase.TC_Launch Browser               - 4: delay(5)
2025-08-20 00:29:55.130 INFO  c.k.katalon.core.main.TestCaseExecutor   - END CALL Test Cases/Common/TC_Launch Browser
2025-08-20 00:29:55.130 INFO  c.k.katalon.core.main.TestCaseExecutor   - --------------------
2025-08-20 00:29:55.132 DEBUG t.TC10_DataDriven_Successful Submission  - 2: setText(findTestObject("Module/Test Form/input_First Name"), FirstName)
2025-08-20 00:29:58.968 DEBUG t.TC10_DataDriven_Successful Submission  - 3: setText(findTestObject("Module/Test Form/input_Last Name"), LastName)
2025-08-20 00:29:59.931 DEBUG t.TC10_DataDriven_Successful Submission  - 4: setText(findTestObject("Module/Test Form/input_Email"), Email)
2025-08-20 00:30:00.672 DEBUG t.TC10_DataDriven_Successful Submission  - 5: if (Gender == "Male")
2025-08-20 00:30:00.673 DEBUG t.TC10_DataDriven_Successful Submission  - 1: click(findTestObject("Module/Test Form/radiobutton_Male"))
2025-08-20 00:30:01.216 DEBUG t.TC10_DataDriven_Successful Submission  - 7: setText(findTestObject("Module/Test Form/input_Mobile number"), MobileNumber)
2025-08-20 00:30:01.940 DEBUG t.TC10_DataDriven_Successful Submission  - 8: click(findTestObject("Module/Test Form/input_Date of Birth"))
2025-08-20 00:30:02.374 DEBUG t.TC10_DataDriven_Successful Submission  - 9: delay(3)
2025-08-20 00:30:05.378 DEBUG t.TC10_DataDriven_Successful Submission  - 10: focus(findTestObject("Module/Test Form/input_Date of Birth"), STOP_ON_FAILURE)
2025-08-20 00:30:05.668 DEBUG t.TC10_DataDriven_Successful Submission  - 11: sendKeys(findTestObject("Module/Test Form/input_Date of Birth"), DateOfBirth)
2025-08-20 00:30:06.074 DEBUG t.TC10_DataDriven_Successful Submission  - 12: if (Hobby == "Sport")
2025-08-20 00:30:06.075 DEBUG t.TC10_DataDriven_Successful Submission  - 13: else if (Hobby == "Music")
2025-08-20 00:30:06.079 DEBUG t.TC10_DataDriven_Successful Submission  - 14: else
2025-08-20 00:30:06.080 DEBUG t.TC10_DataDriven_Successful Submission  - 1: click(findTestObject("Module/Test Form/checkbox_Reading"))
2025-08-20 00:30:06.495 DEBUG t.TC10_DataDriven_Successful Submission  - 15: click(findTestObject("Module/Test Form/dropdown_SelectLocation"))
2025-08-20 00:30:07.158 DEBUG t.TC10_DataDriven_Successful Submission  - 16: setText(findTestObject("Module/Test Form/input_Location(optional)"), Location, STOP_ON_FAILURE)
2025-08-20 00:30:08.337 DEBUG t.TC10_DataDriven_Successful Submission  - 17: delay(3)
2025-08-20 00:30:11.341 DEBUG t.TC10_DataDriven_Successful Submission  - 18: sendKeys(findTestObject("Module/Test Form/input_Location(optional)"), Keys.chord(ENTER))
2025-08-20 00:30:11.689 DEBUG t.TC10_DataDriven_Successful Submission  - 19: setText(findTestObject("Module/Test Form/textarea_Address(optional)"), Address)
2025-08-20 00:30:12.935 DEBUG t.TC10_DataDriven_Successful Submission  - 20: click(findTestObject("Module/Test Form/button_Submit now"))
2025-08-20 00:30:13.462 DEBUG t.TC10_DataDriven_Successful Submission  - 21: verifyTextPresent("Thank you for filling out the form.", false)
2025-08-20 00:30:14.097 ERROR c.k.k.core.keyword.internal.KeywordMain  - ❌ Text 'Thank you for filling out the form.' is not present on page  (Root cause: com.kms.katalon.core.exception.StepFailedException: Text 'Thank you for filling out the form.' is not present on page 
	at com.kms.katalon.core.webui.keyword.internal.WebUIKeywordMain.stepFailed(WebUIKeywordMain.groovy:175)
	at com.kms.katalon.core.webui.keyword.builtin.VerifyTextPresentKeyword$_verifyTextPresent_closure1.doCall(VerifyTextPresentKeyword.groovy:79)
	at com.kms.katalon.core.webui.keyword.builtin.VerifyTextPresentKeyword$_verifyTextPresent_closure1.call(VerifyTextPresentKeyword.groovy)
	at com.kms.katalon.core.webui.keyword.internal.WebUIKeywordMain.runKeyword(WebUIKeywordMain.groovy:41)
	at com.kms.katalon.core.webui.keyword.builtin.VerifyTextPresentKeyword.verifyTextPresent(VerifyTextPresentKeyword.groovy:83)
	at com.kms.katalon.core.webui.keyword.builtin.VerifyTextPresentKeyword.execute(VerifyTextPresentKeyword.groovy:68)
	at com.kms.katalon.core.keyword.internal.KeywordExecutor.executeKeywordForPlatform(KeywordExecutor.groovy:79)
	at com.kms.katalon.core.webui.keyword.WebUiBuiltInKeywords.verifyTextPresent(WebUiBuiltInKeywords.groovy:1799)
	at TC10_DataDriven_Successful Submission.run(TC10_DataDriven_Successful Submission:67)
	at com.kms.katalon.core.main.ScriptEngine.run(ScriptEngine.java:194)
	at com.kms.katalon.core.main.ScriptEngine.runScriptAsRawText(ScriptEngine.java:119)
	at com.kms.katalon.core.main.TestCaseExecutor.runScript(TestCaseExecutor.java:486)
	at com.kms.katalon.core.main.TestCaseExecutor.doExecute(TestCaseExecutor.java:477)
	at com.kms.katalon.core.main.TestCaseExecutor.processExecutionPhase(TestCaseExecutor.java:456)
	at com.kms.katalon.core.main.TestCaseExecutor.accessMainPhase(TestCaseExecutor.java:448)
	at com.kms.katalon.core.main.TestCaseExecutor.execute(TestCaseExecutor.java:322)
	at com.kms.katalon.core.main.TestCaseExecutor.execute(TestCaseExecutor.java:406)
	at com.kms.katalon.core.common.CommonExecutor.accessTestCaseMainPhase(CommonExecutor.java:71)
	at com.kms.katalon.core.main.TestSuiteExecutor.accessTestSuiteMainPhase(TestSuiteExecutor.java:145)
	at com.kms.katalon.core.main.TestSuiteExecutor.execute(TestSuiteExecutor.java:104)
	at com.kms.katalon.core.main.TestCaseMain.startTestSuite(TestCaseMain.java:205)
	at TempTestSuite1755620794647.run(TempTestSuite1755620794647.groovy:35)
	at java.base/jdk.internal.reflect.NativeMethodAccessorImpl.invoke0(Native Method)
	at java.base/jdk.internal.reflect.NativeMethodAccessorImpl.invoke(NativeMethodAccessorImpl.java:77)
	at java.base/jdk.internal.reflect.DelegatingMethodAccessorImpl.invoke(DelegatingMethodAccessorImpl.java:43)
)
2025-08-20 00:30:14.303 ERROR c.k.k.core.keyword.internal.KeywordMain  - ❌ Unable to verify text 'Thank you for filling out the form.' is present  (Root cause: com.kms.katalon.core.exception.StepFailedException: Unable to verify text 'Thank you for filling out the form.' is present 
	at com.kms.katalon.core.webui.keyword.internal.WebUIKeywordMain.stepFailed(WebUIKeywordMain.groovy:175)
	at com.kms.katalon.core.webui.keyword.internal.WebUIKeywordMain.runKeyword(WebUIKeywordMain.groovy:49)
	at com.kms.katalon.core.webui.keyword.builtin.VerifyTextPresentKeyword.verifyTextPresent(VerifyTextPresentKeyword.groovy:83)
	at com.kms.katalon.core.webui.keyword.builtin.VerifyTextPresentKeyword.execute(VerifyTextPresentKeyword.groovy:68)
	at com.kms.katalon.core.keyword.internal.KeywordExecutor.executeKeywordForPlatform(KeywordExecutor.groovy:79)
	at com.kms.katalon.core.webui.keyword.WebUiBuiltInKeywords.verifyTextPresent(WebUiBuiltInKeywords.groovy:1799)
	at TC10_DataDriven_Successful Submission.run(TC10_DataDriven_Successful Submission:67)
	at com.kms.katalon.core.main.ScriptEngine.run(ScriptEngine.java:194)
	at com.kms.katalon.core.main.ScriptEngine.runScriptAsRawText(ScriptEngine.java:119)
	at com.kms.katalon.core.main.TestCaseExecutor.runScript(TestCaseExecutor.java:486)
	at com.kms.katalon.core.main.TestCaseExecutor.doExecute(TestCaseExecutor.java:477)
	at com.kms.katalon.core.main.TestCaseExecutor.processExecutionPhase(TestCaseExecutor.java:456)
	at com.kms.katalon.core.main.TestCaseExecutor.accessMainPhase(TestCaseExecutor.java:448)
	at com.kms.katalon.core.main.TestCaseExecutor.execute(TestCaseExecutor.java:322)
	at com.kms.katalon.core.main.TestCaseExecutor.execute(TestCaseExecutor.java:406)
	at com.kms.katalon.core.common.CommonExecutor.accessTestCaseMainPhase(CommonExecutor.java:71)
	at com.kms.katalon.core.main.TestSuiteExecutor.accessTestSuiteMainPhase(TestSuiteExecutor.java:145)
	at com.kms.katalon.core.main.TestSuiteExecutor.execute(TestSuiteExecutor.java:104)
	at com.kms.katalon.core.main.TestCaseMain.startTestSuite(TestCaseMain.java:205)
	at TempTestSuite1755620794647.run(TempTestSuite1755620794647.groovy:35)
	at java.base/jdk.internal.reflect.NativeMethodAccessorImpl.invoke0(Native Method)
	at java.base/jdk.internal.reflect.NativeMethodAccessorImpl.invoke(NativeMethodAccessorImpl.java:77)
	at java.base/jdk.internal.reflect.DelegatingMethodAccessorImpl.invoke(DelegatingMethodAccessorImpl.java:43)
Caused by: com.kms.katalon.core.exception.StepFailedException: Text 'Thank you for filling out the form.' is not present on page 
	at com.kms.katalon.core.webui.keyword.internal.WebUIKeywordMain.stepFailed(WebUIKeywordMain.groovy:175)
	at com.kms.katalon.core.webui.keyword.builtin.VerifyTextPresentKeyword$_verifyTextPresent_closure1.doCall(VerifyTextPresentKeyword.groovy:79)
	at com.kms.katalon.core.webui.keyword.builtin.VerifyTextPresentKeyword$_verifyTextPresent_closure1.call(VerifyTextPresentKeyword.groovy)
	at com.kms.katalon.core.webui.keyword.internal.WebUIKeywordMain.runKeyword(WebUIKeywordMain.groovy:41)
	... 21 more
)
2025-08-20 00:30:14.305 ERROR c.k.katalon.core.main.TestCaseExecutor   - ❌ Test Cases/FormPage/TC10_DataDriven_Successful Submission FAILED.
Reason:
com.kms.katalon.core.exception.StepFailedException: Unable to verify text 'Thank you for filling out the form.' is present 
	at com.kms.katalon.core.webui.keyword.internal.WebUIKeywordMain.stepFailed(WebUIKeywordMain.groovy:175)
	at com.kms.katalon.core.webui.keyword.internal.WebUIKeywordMain.runKeyword(WebUIKeywordMain.groovy:49)
	at com.kms.katalon.core.webui.keyword.builtin.VerifyTextPresentKeyword.verifyTextPresent(VerifyTextPresentKeyword.groovy:83)
	at com.kms.katalon.core.webui.keyword.builtin.VerifyTextPresentKeyword.execute(VerifyTextPresentKeyword.groovy:68)
	at com.kms.katalon.core.keyword.internal.KeywordExecutor.executeKeywordForPlatform(KeywordExecutor.groovy:79)
	at com.kms.katalon.core.webui.keyword.WebUiBuiltInKeywords.verifyTextPresent(WebUiBuiltInKeywords.groovy:1799)
	at TC10_DataDriven_Successful Submission.run(TC10_DataDriven_Successful Submission:67)
	at com.kms.katalon.core.main.ScriptEngine.run(ScriptEngine.java:194)
	at com.kms.katalon.core.main.ScriptEngine.runScriptAsRawText(ScriptEngine.java:119)
	at com.kms.katalon.core.main.TestCaseExecutor.runScript(TestCaseExecutor.java:486)
	at com.kms.katalon.core.main.TestCaseExecutor.doExecute(TestCaseExecutor.java:477)
	at com.kms.katalon.core.main.TestCaseExecutor.processExecutionPhase(TestCaseExecutor.java:456)
	at com.kms.katalon.core.main.TestCaseExecutor.accessMainPhase(TestCaseExecutor.java:448)
	at com.kms.katalon.core.main.TestCaseExecutor.execute(TestCaseExecutor.java:322)
	at com.kms.katalon.core.main.TestCaseExecutor.execute(TestCaseExecutor.java:406)
	at com.kms.katalon.core.common.CommonExecutor.accessTestCaseMainPhase(CommonExecutor.java:71)
	at com.kms.katalon.core.main.TestSuiteExecutor.accessTestSuiteMainPhase(TestSuiteExecutor.java:145)
	at com.kms.katalon.core.main.TestSuiteExecutor.execute(TestSuiteExecutor.java:104)
	at com.kms.katalon.core.main.TestCaseMain.startTestSuite(TestCaseMain.java:205)
	at TempTestSuite1755620794647.run(TempTestSuite1755620794647.groovy:35)
	at java.base/jdk.internal.reflect.NativeMethodAccessorImpl.invoke0(Native Method)
	at java.base/jdk.internal.reflect.NativeMethodAccessorImpl.invoke(NativeMethodAccessorImpl.java:77)
	at java.base/jdk.internal.reflect.DelegatingMethodAccessorImpl.invoke(DelegatingMethodAccessorImpl.java:43)
Caused by: com.kms.katalon.core.exception.StepFailedException: Text 'Thank you for filling out the form.' is not present on page 
	at com.kms.katalon.core.webui.keyword.internal.WebUIKeywordMain.stepFailed(WebUIKeywordMain.groovy:175)
	at com.kms.katalon.core.webui.keyword.builtin.VerifyTextPresentKeyword$_verifyTextPresent_closure1.doCall(VerifyTextPresentKeyword.groovy:79)
	at com.kms.katalon.core.webui.keyword.builtin.VerifyTextPresentKeyword$_verifyTextPresent_closure1.call(VerifyTextPresentKeyword.groovy)
	at com.kms.katalon.core.webui.keyword.internal.WebUIKeywordMain.runKeyword(WebUIKeywordMain.groovy:41)
	... 21 more

2025-08-20 00:30:14.307 INFO  c.k.katalon.core.main.TestCaseExecutor   - END Test Cases/FormPage/TC10_DataDriven_Successful Submission
2025-08-20 00:30:14.310 INFO  c.k.katalon.core.main.TestCaseExecutor   - --------------------
2025-08-20 00:30:14.311 INFO  c.k.katalon.core.main.TestCaseExecutor   - START Test Cases/FormPage/TC10_DataDriven_Successful Submission
2025-08-20 00:30:14.330 INFO  c.k.katalon.core.main.TestCaseExecutor   - FirstName = Danie
2025-08-20 00:30:14.330 INFO  c.k.katalon.core.main.TestCaseExecutor   - LastName = Amy
2025-08-20 00:30:14.331 INFO  c.k.katalon.core.main.TestCaseExecutor   - Email = amy@hotmail.com
2025-08-20 00:30:14.332 INFO  c.k.katalon.core.main.TestCaseExecutor   - MobileNumber = 89876543
2025-08-20 00:30:14.333 INFO  c.k.katalon.core.main.TestCaseExecutor   - DateOfBirth = 23011980
2025-08-20 00:30:14.334 INFO  c.k.katalon.core.main.TestCaseExecutor   - Address = 345 Bukit Timah Singapore
2025-08-20 00:30:14.335 INFO  c.k.katalon.core.main.TestCaseExecutor   - Gender = Male
2025-08-20 00:30:14.336 INFO  c.k.katalon.core.main.TestCaseExecutor   - Hobby = Reading
2025-08-20 00:30:14.337 INFO  c.k.katalon.core.main.TestCaseExecutor   - Location = West
2025-08-20 00:30:14.345 DEBUG t.TC10_DataDriven_Successful Submission  - 1: callTestCase(findTestCase("Common/TC_Launch Browser"), [:], STOP_ON_FAILURE)
2025-08-20 00:30:14.406 INFO  c.k.katalon.core.main.TestCaseExecutor   - --------------------
2025-08-20 00:30:14.411 INFO  c.k.katalon.core.main.TestCaseExecutor   - CALL Test Cases/Common/TC_Launch Browser
2025-08-20 00:30:14.449 DEBUG testcase.TC_Launch Browser               - 1: openBrowser("http://go.gov.sg/gt-qe")
2025-08-20 00:30:14.452 WARN  c.k.k.core.webui.driver.DriverFactory    - A browser is already opened. Closing browser and opening a new one
2025-08-20 00:30:14.759 INFO  c.k.k.core.webui.driver.DriverFactory    - Starting 'Chrome' driver
2025-08-20 00:30:14.760 INFO  c.k.k.core.webui.driver.DriverFactory    - Action delay is set to 0 milliseconds
Aug 20, 2025 12:30:15 AM org.openqa.selenium.devtools.CdpVersionFinder findNearestMatch
WARNING: Unable to find an exact match for CDP version 139, returning the closest version; found: 135; Please update to a Selenium version that supports CDP version 139
2025-08-20 00:30:15.831 INFO  c.k.k.core.webui.driver.DriverFactory    - sessionId = 08520a60df286e78c69b312d43c0022f
2025-08-20 00:30:15.831 INFO  c.k.k.core.webui.driver.DriverFactory    - browser = Chrome 139.0.7258.128
2025-08-20 00:30:15.832 INFO  c.k.k.core.webui.driver.DriverFactory    - platform = Windows 11
2025-08-20 00:30:15.832 INFO  c.k.k.core.webui.driver.DriverFactory    - seleniumVersion = 4.28.1
2025-08-20 00:30:15.832 INFO  c.k.k.core.webui.driver.DriverFactory    - proxyInformation = ProxyInformation { proxyOption=NO_PROXY, proxyServerType=HTTP, username=, password=********, proxyServerAddress=, proxyServerPort=0, executionList="", isApplyToDesiredCapabilities=true }
2025-08-20 00:30:16.353 DEBUG testcase.TC_Launch Browser               - 2: maximizeWindow()
2025-08-20 00:30:16.405 DEBUG testcase.TC_Launch Browser               - 3: navigateToUrl("http://go.gov.sg/gt-qe")
2025-08-20 00:30:16.407 WARN  testcase.TC_Launch Browser               - SKIPPED NOT_RUN: navigateToUrl("http://go.gov.sg/gt-qe")
2025-08-20 00:30:16.407 DEBUG testcase.TC_Launch Browser               - 4: delay(5)
2025-08-20 00:30:21.411 INFO  c.k.katalon.core.main.TestCaseExecutor   - END CALL Test Cases/Common/TC_Launch Browser
2025-08-20 00:30:21.411 INFO  c.k.katalon.core.main.TestCaseExecutor   - --------------------
2025-08-20 00:30:21.412 DEBUG t.TC10_DataDriven_Successful Submission  - 2: setText(findTestObject("Module/Test Form/input_First Name"), FirstName)
2025-08-20 00:30:25.576 DEBUG t.TC10_DataDriven_Successful Submission  - 3: setText(findTestObject("Module/Test Form/input_Last Name"), LastName)
2025-08-20 00:30:26.582 DEBUG t.TC10_DataDriven_Successful Submission  - 4: setText(findTestObject("Module/Test Form/input_Email"), Email)
2025-08-20 00:30:27.330 DEBUG t.TC10_DataDriven_Successful Submission  - 5: if (Gender == "Male")
2025-08-20 00:30:27.331 DEBUG t.TC10_DataDriven_Successful Submission  - 1: click(findTestObject("Module/Test Form/radiobutton_Male"))
2025-08-20 00:30:27.855 DEBUG t.TC10_DataDriven_Successful Submission  - 7: setText(findTestObject("Module/Test Form/input_Mobile number"), MobileNumber)
2025-08-20 00:30:28.608 DEBUG t.TC10_DataDriven_Successful Submission  - 8: click(findTestObject("Module/Test Form/input_Date of Birth"))
2025-08-20 00:30:29.048 DEBUG t.TC10_DataDriven_Successful Submission  - 9: delay(3)
2025-08-20 00:30:32.051 DEBUG t.TC10_DataDriven_Successful Submission  - 10: focus(findTestObject("Module/Test Form/input_Date of Birth"), STOP_ON_FAILURE)
2025-08-20 00:30:32.344 DEBUG t.TC10_DataDriven_Successful Submission  - 11: sendKeys(findTestObject("Module/Test Form/input_Date of Birth"), DateOfBirth)
2025-08-20 00:30:32.727 DEBUG t.TC10_DataDriven_Successful Submission  - 12: if (Hobby == "Sport")
2025-08-20 00:30:32.728 DEBUG t.TC10_DataDriven_Successful Submission  - 13: else if (Hobby == "Music")
2025-08-20 00:30:32.729 DEBUG t.TC10_DataDriven_Successful Submission  - 14: else
2025-08-20 00:30:32.730 DEBUG t.TC10_DataDriven_Successful Submission  - 1: click(findTestObject("Module/Test Form/checkbox_Reading"))
2025-08-20 00:30:33.177 DEBUG t.TC10_DataDriven_Successful Submission  - 15: click(findTestObject("Module/Test Form/dropdown_SelectLocation"))
2025-08-20 00:30:33.797 DEBUG t.TC10_DataDriven_Successful Submission  - 16: setText(findTestObject("Module/Test Form/input_Location(optional)"), Location, STOP_ON_FAILURE)
2025-08-20 00:30:34.927 DEBUG t.TC10_DataDriven_Successful Submission  - 17: delay(3)
2025-08-20 00:30:37.930 DEBUG t.TC10_DataDriven_Successful Submission  - 18: sendKeys(findTestObject("Module/Test Form/input_Location(optional)"), Keys.chord(ENTER))
2025-08-20 00:30:38.269 DEBUG t.TC10_DataDriven_Successful Submission  - 19: setText(findTestObject("Module/Test Form/textarea_Address(optional)"), Address)
2025-08-20 00:30:39.477 DEBUG t.TC10_DataDriven_Successful Submission  - 20: click(findTestObject("Module/Test Form/button_Submit now"))
2025-08-20 00:30:40.013 DEBUG t.TC10_DataDriven_Successful Submission  - 21: verifyTextPresent("Thank you for filling out the form.", false)
2025-08-20 00:30:40.660 ERROR c.k.k.core.keyword.internal.KeywordMain  - ❌ Text 'Thank you for filling out the form.' is not present on page  (Root cause: com.kms.katalon.core.exception.StepFailedException: Text 'Thank you for filling out the form.' is not present on page 
	at com.kms.katalon.core.webui.keyword.internal.WebUIKeywordMain.stepFailed(WebUIKeywordMain.groovy:175)
	at com.kms.katalon.core.webui.keyword.builtin.VerifyTextPresentKeyword$_verifyTextPresent_closure1.doCall(VerifyTextPresentKeyword.groovy:79)
	at com.kms.katalon.core.webui.keyword.builtin.VerifyTextPresentKeyword$_verifyTextPresent_closure1.call(VerifyTextPresentKeyword.groovy)
	at com.kms.katalon.core.webui.keyword.internal.WebUIKeywordMain.runKeyword(WebUIKeywordMain.groovy:41)
	at com.kms.katalon.core.webui.keyword.builtin.VerifyTextPresentKeyword.verifyTextPresent(VerifyTextPresentKeyword.groovy:83)
	at com.kms.katalon.core.webui.keyword.builtin.VerifyTextPresentKeyword.execute(VerifyTextPresentKeyword.groovy:68)
	at com.kms.katalon.core.keyword.internal.KeywordExecutor.executeKeywordForPlatform(KeywordExecutor.groovy:79)
	at com.kms.katalon.core.webui.keyword.WebUiBuiltInKeywords.verifyTextPresent(WebUiBuiltInKeywords.groovy:1799)
	at TC10_DataDriven_Successful Submission.run(TC10_DataDriven_Successful Submission:67)
	at com.kms.katalon.core.main.ScriptEngine.run(ScriptEngine.java:194)
	at com.kms.katalon.core.main.ScriptEngine.runScriptAsRawText(ScriptEngine.java:119)
	at com.kms.katalon.core.main.TestCaseExecutor.runScript(TestCaseExecutor.java:486)
	at com.kms.katalon.core.main.TestCaseExecutor.doExecute(TestCaseExecutor.java:477)
	at com.kms.katalon.core.main.TestCaseExecutor.processExecutionPhase(TestCaseExecutor.java:456)
	at com.kms.katalon.core.main.TestCaseExecutor.accessMainPhase(TestCaseExecutor.java:448)
	at com.kms.katalon.core.main.TestCaseExecutor.execute(TestCaseExecutor.java:322)
	at com.kms.katalon.core.main.TestCaseExecutor.execute(TestCaseExecutor.java:406)
	at com.kms.katalon.core.main.TestCaseExecutor.execute(TestCaseExecutor.java:406)
	at com.kms.katalon.core.common.CommonExecutor.accessTestCaseMainPhase(CommonExecutor.java:71)
	at com.kms.katalon.core.main.TestSuiteExecutor.accessTestSuiteMainPhase(TestSuiteExecutor.java:145)
	at com.kms.katalon.core.main.TestSuiteExecutor.execute(TestSuiteExecutor.java:104)
	at com.kms.katalon.core.main.TestCaseMain.startTestSuite(TestCaseMain.java:205)
	at TempTestSuite1755620794647.run(TempTestSuite1755620794647.groovy:35)
	at java.base/jdk.internal.reflect.NativeMethodAccessorImpl.invoke0(Native Method)
	at java.base/jdk.internal.reflect.NativeMethodAccessorImpl.invoke(NativeMethodAccessorImpl.java:77)
	at java.base/jdk.internal.reflect.DelegatingMethodAccessorImpl.invoke(DelegatingMethodAccessorImpl.java:43)
)
2025-08-20 00:30:40.862 ERROR c.k.k.core.keyword.internal.KeywordMain  - ❌ Unable to verify text 'Thank you for filling out the form.' is present  (Root cause: com.kms.katalon.core.exception.StepFailedException: Unable to verify text 'Thank you for filling out the form.' is present 
	at com.kms.katalon.core.webui.keyword.internal.WebUIKeywordMain.stepFailed(WebUIKeywordMain.groovy:175)
	at com.kms.katalon.core.webui.keyword.internal.WebUIKeywordMain.runKeyword(WebUIKeywordMain.groovy:49)
	at com.kms.katalon.core.webui.keyword.builtin.VerifyTextPresentKeyword.verifyTextPresent(VerifyTextPresentKeyword.groovy:83)
	at com.kms.katalon.core.webui.keyword.builtin.VerifyTextPresentKeyword.execute(VerifyTextPresentKeyword.groovy:68)
	at com.kms.katalon.core.keyword.internal.KeywordExecutor.executeKeywordForPlatform(KeywordExecutor.groovy:79)
	at com.kms.katalon.core.webui.keyword.WebUiBuiltInKeywords.verifyTextPresent(WebUiBuiltInKeywords.groovy:1799)
	at TC10_DataDriven_Successful Submission.run(TC10_DataDriven_Successful Submission:67)
	at com.kms.katalon.core.main.ScriptEngine.run(ScriptEngine.java:194)
	at com.kms.katalon.core.main.ScriptEngine.runScriptAsRawText(ScriptEngine.java:119)
	at com.kms.katalon.core.main.TestCaseExecutor.runScript(TestCaseExecutor.java:486)
	at com.kms.katalon.core.main.TestCaseExecutor.doExecute(TestCaseExecutor.java:477)
	at com.kms.katalon.core.main.TestCaseExecutor.processExecutionPhase(TestCaseExecutor.java:456)
	at com.kms.katalon.core.main.TestCaseExecutor.accessMainPhase(TestCaseExecutor.java:448)
	at com.kms.katalon.core.main.TestCaseExecutor.execute(TestCaseExecutor.java:322)
	at com.kms.katalon.core.main.TestCaseExecutor.execute(TestCaseExecutor.java:406)
	at com.kms.katalon.core.main.TestCaseExecutor.execute(TestCaseExecutor.java:406)
	at com.kms.katalon.core.common.CommonExecutor.accessTestCaseMainPhase(CommonExecutor.java:71)
	at com.kms.katalon.core.main.TestSuiteExecutor.accessTestSuiteMainPhase(TestSuiteExecutor.java:145)
	at com.kms.katalon.core.main.TestSuiteExecutor.execute(TestSuiteExecutor.java:104)
	at com.kms.katalon.core.main.TestCaseMain.startTestSuite(TestCaseMain.java:205)
	at TempTestSuite1755620794647.run(TempTestSuite1755620794647.groovy:35)
	at java.base/jdk.internal.reflect.NativeMethodAccessorImpl.invoke0(Native Method)
	at java.base/jdk.internal.reflect.NativeMethodAccessorImpl.invoke(NativeMethodAccessorImpl.java:77)
	at java.base/jdk.internal.reflect.DelegatingMethodAccessorImpl.invoke(DelegatingMethodAccessorImpl.java:43)
Caused by: com.kms.katalon.core.exception.StepFailedException: Text 'Thank you for filling out the form.' is not present on page 
	at com.kms.katalon.core.webui.keyword.internal.WebUIKeywordMain.stepFailed(WebUIKeywordMain.groovy:175)
	at com.kms.katalon.core.webui.keyword.builtin.VerifyTextPresentKeyword$_verifyTextPresent_closure1.doCall(VerifyTextPresentKeyword.groovy:79)
	at com.kms.katalon.core.webui.keyword.builtin.VerifyTextPresentKeyword$_verifyTextPresent_closure1.call(VerifyTextPresentKeyword.groovy)
	at com.kms.katalon.core.webui.keyword.internal.WebUIKeywordMain.runKeyword(WebUIKeywordMain.groovy:41)
	... 22 more
)
2025-08-20 00:30:40.864 ERROR c.k.katalon.core.main.TestCaseExecutor   - ❌ Test Cases/FormPage/TC10_DataDriven_Successful Submission FAILED.
Reason:
com.kms.katalon.core.exception.StepFailedException: Unable to verify text 'Thank you for filling out the form.' is present 
	at com.kms.katalon.core.webui.keyword.internal.WebUIKeywordMain.stepFailed(WebUIKeywordMain.groovy:175)
	at com.kms.katalon.core.webui.keyword.internal.WebUIKeywordMain.runKeyword(WebUIKeywordMain.groovy:49)
	at com.kms.katalon.core.webui.keyword.builtin.VerifyTextPresentKeyword.verifyTextPresent(VerifyTextPresentKeyword.groovy:83)
	at com.kms.katalon.core.webui.keyword.builtin.VerifyTextPresentKeyword.execute(VerifyTextPresentKeyword.groovy:68)
	at com.kms.katalon.core.keyword.internal.KeywordExecutor.executeKeywordForPlatform(KeywordExecutor.groovy:79)
	at com.kms.katalon.core.webui.keyword.WebUiBuiltInKeywords.verifyTextPresent(WebUiBuiltInKeywords.groovy:1799)
	at TC10_DataDriven_Successful Submission.run(TC10_DataDriven_Successful Submission:67)
	at com.kms.katalon.core.main.ScriptEngine.run(ScriptEngine.java:194)
	at com.kms.katalon.core.main.ScriptEngine.runScriptAsRawText(ScriptEngine.java:119)
	at com.kms.katalon.core.main.TestCaseExecutor.runScript(TestCaseExecutor.java:486)
	at com.kms.katalon.core.main.TestCaseExecutor.doExecute(TestCaseExecutor.java:477)
	at com.kms.katalon.core.main.TestCaseExecutor.processExecutionPhase(TestCaseExecutor.java:456)
	at com.kms.katalon.core.main.TestCaseExecutor.accessMainPhase(TestCaseExecutor.java:448)
	at com.kms.katalon.core.main.TestCaseExecutor.execute(TestCaseExecutor.java:322)
	at com.kms.katalon.core.main.TestCaseExecutor.execute(TestCaseExecutor.java:406)
	at com.kms.katalon.core.main.TestCaseExecutor.execute(TestCaseExecutor.java:406)
	at com.kms.katalon.core.common.CommonExecutor.accessTestCaseMainPhase(CommonExecutor.java:71)
	at com.kms.katalon.core.main.TestSuiteExecutor.accessTestSuiteMainPhase(TestSuiteExecutor.java:145)
	at com.kms.katalon.core.main.TestSuiteExecutor.execute(TestSuiteExecutor.java:104)
	at com.kms.katalon.core.main.TestCaseMain.startTestSuite(TestCaseMain.java:205)
	at TempTestSuite1755620794647.run(TempTestSuite1755620794647.groovy:35)
	at java.base/jdk.internal.reflect.NativeMethodAccessorImpl.invoke0(Native Method)
	at java.base/jdk.internal.reflect.NativeMethodAccessorImpl.invoke(NativeMethodAccessorImpl.java:77)
	at java.base/jdk.internal.reflect.DelegatingMethodAccessorImpl.invoke(DelegatingMethodAccessorImpl.java:43)
Caused by: com.kms.katalon.core.exception.StepFailedException: Text 'Thank you for filling out the form.' is not present on page 
	at com.kms.katalon.core.webui.keyword.internal.WebUIKeywordMain.stepFailed(WebUIKeywordMain.groovy:175)
	at com.kms.katalon.core.webui.keyword.builtin.VerifyTextPresentKeyword$_verifyTextPresent_closure1.doCall(VerifyTextPresentKeyword.groovy:79)
	at com.kms.katalon.core.webui.keyword.builtin.VerifyTextPresentKeyword$_verifyTextPresent_closure1.call(VerifyTextPresentKeyword.groovy)
	at com.kms.katalon.core.webui.keyword.internal.WebUIKeywordMain.runKeyword(WebUIKeywordMain.groovy:41)
	... 22 more

2025-08-20 00:30:40.868 INFO  c.k.katalon.core.main.TestCaseExecutor   - END Test Cases/FormPage/TC10_DataDriven_Successful Submission
2025-08-20 00:30:41.224 INFO  c.k.katalon.core.main.TestSuiteExecutor  - --------------------
2025-08-20 00:30:41.224 INFO  c.k.katalon.core.main.TestSuiteExecutor  - END Test Suites/TS2_Data Driven Suite
2025-08-20 00:30:41.224 INFO  c.k.katalon.core.main.TestSuiteExecutor  - ====================
