<?xml version="1.0" encoding="UTF-8"?>
<testsuites name="TS2_Data Driven Suite" time="241.64" tests="3" failures="3" errors="0">
   <testsuite name="TS2_Data Driven Suite" tests="3" failures="3" errors="0" time="241.64" skipped="0" timestamp="2025-08-19T16:26:39.228Z" hostname="Winnie Lim - LAPTOP-B1MJ4OTP" id="Test Suites/TS2_Data Driven Suite">
      <properties>
         <property name="deviceName" value=""/>
         <property name="devicePlatform"/>
         <property name="logFolder" value="C:\\Users\\Winnie Lim\\git\\ProjectTestForm\\Reports\\20250820_002633\\TS2_Data Driven Suite\\20250820_002634"/>
         <property name="logFiles" value="C:\\Users\\Winnie Lim\\git\\ProjectTestForm\\Reports\\20250820_002633\\TS2_Data Driven Suite\\20250820_002634\\console0.log, C:\\Users\\Winnie Lim\\git\\ProjectTestForm\\Reports\\20250820_002633\\TS2_Data Driven Suite\\20250820_002634\\execution0.log"/>
         <property name="attachments" value="C:\\Users\\Winnie Lim\\git\\ProjectTestForm\\Reports\\20250820_002633\\TS2_Data Driven Suite\\20250820_002634\\1755620829285.png, C:\\Users\\Winnie Lim\\git\\ProjectTestForm\\Reports\\20250820_002633\\TS2_Data Driven Suite\\20250820_002634\\1755620856024.png, C:\\Users\\Winnie Lim\\git\\ProjectTestForm\\Reports\\20250820_002633\\TS2_Data Driven Suite\\20250820_002634\\1755620882636.png, C:\\Users\\Winnie Lim\\git\\ProjectTestForm\\Reports\\20250820_002633\\TS2_Data Driven Suite\\20250820_002634\\1755620908852.png, C:\\Users\\Winnie Lim\\git\\ProjectTestForm\\Reports\\20250820_002633\\TS2_Data Driven Suite\\20250820_002634\\1755620935287.png, C:\\Users\\Winnie Lim\\git\\ProjectTestForm\\Reports\\20250820_002633\\TS2_Data Driven Suite\\20250820_002634\\1755620962046.png, C:\\Users\\Winnie Lim\\git\\ProjectTestForm\\Reports\\20250820_002633\\TS2_Data Driven Suite\\20250820_002634\\1755620988055.png, C:\\Users\\Winnie Lim\\git\\ProjectTestForm\\Reports\\20250820_002633\\TS2_Data Driven Suite\\20250820_002634\\1755621014098.png, C:\\Users\\Winnie Lim\\git\\ProjectTestForm\\Reports\\20250820_002633\\TS2_Data Driven Suite\\20250820_002634\\1755621040662.png"/>
         <property name="hostName" value="Winnie Lim - LAPTOP-B1MJ4OTP"/>
         <property name="os" value="Windows 11 64bit"/>
         <property name="katalonVersion" value="10.3.0.0"/>
         <property name="browser" value="Chrome 139.0.7258.128"/>
         <property name="userFullName" value="Win Eng"/>
         <property name="hostAddress" value="192.168.0.5"/>
         <property name="sessionId" value="08520a60df286e78c69b312d43c0022f"/>
         <property name="projectName" value="ProjectTestForm"/>
         <property name="seleniumVersion" value="4.28.1"/>
         <property name="proxyInformation" value="ProxyInformation { proxyOption=NO_PROXY, proxyServerType=HTTP, username=, password=********, proxyServerAddress=, proxyServerPort=0, executionList=&quot;&quot;, isApplyToDesiredCapabilities=true }"/>
         <property name="platform" value="Windows 11"/>
      </properties>
      <testcase name="Test Cases/FormPage/TC10_DataDriven_Successful Submission" time="26.666" classname="Test Cases/FormPage/TC10_DataDriven_Successful Submission" status="FAILED">
         <properties>
            <property name="data_binding"><![CDATA[{"DateOfBirth":"12091970","MobileNumber":"98765432","Email":"bt@yahoo.com","Address":"712 Bukit Batok Singapore","FirstName":"Mark","Hobby":"Sport","LastName":"Tan","Gender":"Male","Location":"East"}]]></property>
         </properties>
         <failure type="FAILED" message="Test Cases/FormPage/TC10_DataDriven_Successful Submission FAILED.&#xa;Reason:&#xa;com.kms.katalon.core.exception.StepFailedException: Unable to verify text 'Thank you for filling out the form.' is present &#xa;	at com.kms.katalon.core.webui.keyword.internal.WebUIKeywordMain.stepFailed(WebUIKeywordMain.groovy:175)&#xa;	at com.kms.katalon.core.webui.keyword.internal.WebUIKeywordMain.runKeyword(WebUIKeywordMain.groovy:49)&#xa;	at com.kms.katalon.core.webui.keyword.builtin.VerifyTextPresentKeyword.verifyTextPresent(VerifyTextPresentKeyword.groovy:83)&#xa;	at com.kms.katalon.core.webui.keyword.builtin.VerifyTextPresentKeyword.execute(VerifyTextPresentKeyword.groovy:68)&#xa;	at com.kms.katalon.core.keyword.internal.KeywordExecutor.executeKeywordForPlatform(KeywordExecutor.groovy:79)&#xa;	at com.kms.katalon.core.webui.keyword.WebUiBuiltInKeywords.verifyTextPresent(WebUiBuiltInKeywords.groovy:1799)&#xa;	at TC10_DataDriven_Successful Submission.run(TC10_DataDriven_Successful Submission:67)&#xa;	at com.kms.katalon.core.main.ScriptEngine.run(ScriptEngine.java:194)&#xa;	at com.kms.katalon.core.main.ScriptEngine.runScriptAsRawText(ScriptEngine.java:119)&#xa;	at com.kms.katalon.core.main.TestCaseExecutor.runScript(TestCaseExecutor.java:486)&#xa;	at com.kms.katalon.core.main.TestCaseExecutor.doExecute(TestCaseExecutor.java:477)&#xa;	at com.kms.katalon.core.main.TestCaseExecutor.processExecutionPhase(TestCaseExecutor.java:456)&#xa;	at com.kms.katalon.core.main.TestCaseExecutor.accessMainPhase(TestCaseExecutor.java:448)&#xa;	at com.kms.katalon.core.main.TestCaseExecutor.execute(TestCaseExecutor.java:322)&#xa;	at com.kms.katalon.core.main.TestCaseExecutor.execute(TestCaseExecutor.java:406)&#xa;	at com.kms.katalon.core.main.TestCaseExecutor.execute(TestCaseExecutor.java:406)&#xa;	at com.kms.katalon.core.common.CommonExecutor.accessTestCaseMainPhase(CommonExecutor.java:71)&#xa;	at com.kms.katalon.core.main.TestSuiteExecutor.accessTestSuiteMainPhase(TestSuiteExecutor.java:145)&#xa;	at com.kms.katalon.core.main.TestSuiteExecutor.execute(TestSuiteExecutor.java:104)&#xa;	at com.kms.katalon.core.main.TestCaseMain.startTestSuite(TestCaseMain.java:205)&#xa;	at TempTestSuite1755620794647.run(TempTestSuite1755620794647.groovy:35)&#xa;	at java.base/jdk.internal.reflect.NativeMethodAccessorImpl.invoke0(Native Method)&#xa;	at java.base/jdk.internal.reflect.NativeMethodAccessorImpl.invoke(NativeMethodAccessorImpl.java:77)&#xa;	at java.base/jdk.internal.reflect.DelegatingMethodAccessorImpl.invoke(DelegatingMethodAccessorImpl.java:43)&#xa;Caused by: com.kms.katalon.core.exception.StepFailedException: Text 'Thank you for filling out the form.' is not present on page &#xa;	at com.kms.katalon.core.webui.keyword.internal.WebUIKeywordMain.stepFailed(WebUIKeywordMain.groovy:175)&#xa;	at com.kms.katalon.core.webui.keyword.builtin.VerifyTextPresentKeyword$_verifyTextPresent_closure1.doCall(VerifyTextPresentKeyword.groovy:79)&#xa;	at com.kms.katalon.core.webui.keyword.builtin.VerifyTextPresentKeyword$_verifyTextPresent_closure1.call(VerifyTextPresentKeyword.groovy)&#xa;	at com.kms.katalon.core.webui.keyword.internal.WebUIKeywordMain.runKeyword(WebUIKeywordMain.groovy:41)&#xa;	... 22 more&#xa;"/>
         <system-out><![CDATA[20-08-2025T00:27:36 - [TEST_CASE][FAILED] - Test Cases/FormPage/TC10_DataDriven_Successful Submission: Test Cases/FormPage/TC10_DataDriven_Successful Submission FAILED.
Reason:
com.kms.katalon.core.exception.StepFailedException: Unable to verify text 'Thank you for filling out the form.' is present 
	at com.kms.katalon.core.webui.keyword.internal.WebUIKeywordMain.stepFailed(WebUIKeywordMain.groovy:175)
	at com.kms.katalon.core.webui.keyword.internal.WebUIKeywordMain.runKeyword(WebUIKeywordMain.groovy:49)
	at com.kms.katalon.core.webui.keyword.builtin.VerifyTextPresentKeyword.verifyTextPresent(VerifyTextPresentKeyword.groovy:83)
	at com.kms.katalon.core.webui.keyword.builtin.VerifyTextPresentKeyword.execute(VerifyTextPresentKeyword.groovy:68)
	at com.kms.katalon.core.keyword.internal.KeywordExecutor.executeKeywordForPlatform(KeywordExecutor.groovy:79)
	at com.kms.katalon.core.webui.keyword.WebUiBuiltInKeywords.verifyTextPresent(WebUiBuiltInKeywords.groovy:1799)
	at TC10_DataDriven_Successful Submission.run(TC10_DataDriven_Successful Submission:67)
	at com.kms.katalon.core.main.ScriptEngine.run(ScriptEngine.java:194)
	at com.kms.katalon.core.main.ScriptEngine.runScriptAsRawText(ScriptEngine.java:119)
	at com.kms.katalon.core.main.TestCaseExecutor.runScript(TestCaseExecutor.java:486)
	at com.kms.katalon.core.main.TestCaseExecutor.doExecute(TestCaseExecutor.java:477)
	at com.kms.katalon.core.main.TestCaseExecutor.processExecutionPhase(TestCaseExecutor.java:456)
	at com.kms.katalon.core.main.TestCaseExecutor.accessMainPhase(TestCaseExecutor.java:448)
	at com.kms.katalon.core.main.TestCaseExecutor.execute(TestCaseExecutor.java:322)
	at com.kms.katalon.core.main.TestCaseExecutor.execute(TestCaseExecutor.java:406)
	at com.kms.katalon.core.main.TestCaseExecutor.execute(TestCaseExecutor.java:406)
	at com.kms.katalon.core.common.CommonExecutor.accessTestCaseMainPhase(CommonExecutor.java:71)
	at com.kms.katalon.core.main.TestSuiteExecutor.accessTestSuiteMainPhase(TestSuiteExecutor.java:145)
	at com.kms.katalon.core.main.TestSuiteExecutor.execute(TestSuiteExecutor.java:104)
	at com.kms.katalon.core.main.TestCaseMain.startTestSuite(TestCaseMain.java:205)
	at TempTestSuite1755620794647.run(TempTestSuite1755620794647.groovy:35)
	at java.base/jdk.internal.reflect.NativeMethodAccessorImpl.invoke0(Native Method)
	at java.base/jdk.internal.reflect.NativeMethodAccessorImpl.invoke(NativeMethodAccessorImpl.java:77)
	at java.base/jdk.internal.reflect.DelegatingMethodAccessorImpl.invoke(DelegatingMethodAccessorImpl.java:43)
Caused by: com.kms.katalon.core.exception.StepFailedException: Text 'Thank you for filling out the form.' is not present on page 
	at com.kms.katalon.core.webui.keyword.internal.WebUIKeywordMain.stepFailed(WebUIKeywordMain.groovy:175)
	at com.kms.katalon.core.webui.keyword.builtin.VerifyTextPresentKeyword$_verifyTextPresent_closure1.doCall(VerifyTextPresentKeyword.groovy:79)
	at com.kms.katalon.core.webui.keyword.builtin.VerifyTextPresentKeyword$_verifyTextPresent_closure1.call(VerifyTextPresentKeyword.groovy)
	at com.kms.katalon.core.webui.keyword.internal.WebUIKeywordMain.runKeyword(WebUIKeywordMain.groovy:41)
	... 22 more


20-08-2025T00:27:36 - [TEST_STEP][PASSED] - callTestCase(findTestCase("Common/TC_Launch Browser"), [:], STOP_ON_FAILURE): Call Test Case 'Test Cases/Common/TC_Launch Browser' successfully

20-08-2025T00:27:36 - [TEST_CASE][PASSED] - Test Cases/Common/TC_Launch Browser: Test Cases/Common/TC_Launch Browser

20-08-2025T00:27:36 - [TEST_STEP][PASSED] - openBrowser("http://go.gov.sg/gt-qe"): Browser is opened with url: 'http://go.gov.sg/gt-qe'

20-08-2025T00:27:36 - [MESSAGE][WARNING] - A browser is already opened. Closing browser and opening a new one

20-08-2025T00:27:36 - [MESSAGE][INFO] - Starting 'Chrome' driver

20-08-2025T00:27:36 - [MESSAGE][INFO] - Action delay is set to 0 milliseconds

20-08-2025T00:27:38 - [MESSAGE][PASSED] - Browser is opened with url: 'http://go.gov.sg/gt-qe'

20-08-2025T00:27:38 - [TEST_STEP][PASSED] - maximizeWindow(): Current window maximized

20-08-2025T00:27:38 - [MESSAGE][PASSED] - Current window maximized

20-08-2025T00:27:38 - [TEST_STEP][NOT_RUN] - navigateToUrl("http://go.gov.sg/gt-qe"): NOT_RUN: navigateToUrl("http://go.gov.sg/gt-qe")

20-08-2025T00:27:38 - [MESSAGE][NOT_RUN] - NOT_RUN: navigateToUrl("http://go.gov.sg/gt-qe")

20-08-2025T00:27:38 - [TEST_STEP][PASSED] - delay(5): Delayed 5 second(s)

20-08-2025T00:27:43 - [MESSAGE][PASSED] - Delayed 5 second(s)

20-08-2025T00:27:43 - [MESSAGE][PASSED] - Call Test Case 'Test Cases/Common/TC_Launch Browser' successfully

20-08-2025T00:27:43 - [TEST_STEP][PASSED] - setText(findTestObject("Module/Test Form/input_First Name"), FirstName): Text 'Mark' is set on object 'Object Repository/Module/Test Form/input_First Name'

20-08-2025T00:27:47 - [MESSAGE][PASSED] - Text 'Mark' is set on object 'Object Repository/Module/Test Form/input_First Name'

20-08-2025T00:27:47 - [TEST_STEP][PASSED] - setText(findTestObject("Module/Test Form/input_Last Name"), LastName): Text 'Tan' is set on object 'Object Repository/Module/Test Form/input_Last Name'

20-08-2025T00:27:48 - [MESSAGE][PASSED] - Text 'Tan' is set on object 'Object Repository/Module/Test Form/input_Last Name'

20-08-2025T00:27:48 - [TEST_STEP][PASSED] - setText(findTestObject("Module/Test Form/input_Email"), Email): Text 'bt@yahoo.com' is set on object 'Object Repository/Module/Test Form/input_Email'

20-08-2025T00:27:49 - [MESSAGE][PASSED] - Text 'bt@yahoo.com' is set on object 'Object Repository/Module/Test Form/input_Email'

20-08-2025T00:27:49 - [TEST_STEP][PASSED] - if (Gender == "Male"): Object: 'Object Repository/Module/Test Form/radiobutton_Male' is clicked on

20-08-2025T00:27:49 - [TEST_STEP][PASSED] - click(findTestObject("Module/Test Form/radiobutton_Male")): Object: 'Object Repository/Module/Test Form/radiobutton_Male' is clicked on

20-08-2025T00:27:49 - [MESSAGE][PASSED] - Object: 'Object Repository/Module/Test Form/radiobutton_Male' is clicked on

20-08-2025T00:27:49 - [TEST_STEP][PASSED] - setText(findTestObject("Module/Test Form/input_Mobile number"), MobileNumber): Text '98765432' is set on object 'Object Repository/Module/Test Form/input_Mobile number'

20-08-2025T00:27:50 - [MESSAGE][PASSED] - Text '98765432' is set on object 'Object Repository/Module/Test Form/input_Mobile number'

20-08-2025T00:27:50 - [TEST_STEP][PASSED] - click(findTestObject("Module/Test Form/input_Date of Birth")): Object: 'Object Repository/Module/Test Form/input_Date of Birth' is clicked on

20-08-2025T00:27:50 - [MESSAGE][PASSED] - Object: 'Object Repository/Module/Test Form/input_Date of Birth' is clicked on

20-08-2025T00:27:50 - [TEST_STEP][PASSED] - delay(3): Delayed 3 second(s)

20-08-2025T00:27:53 - [MESSAGE][PASSED] - Delayed 3 second(s)

20-08-2025T00:27:53 - [TEST_STEP][PASSED] - focus(findTestObject("Module/Test Form/input_Date of Birth"), STOP_ON_FAILURE): Object: 'Object Repository/Module/Test Form/input_Date of Birth' is focused

20-08-2025T00:27:54 - [MESSAGE][PASSED] - Object: 'Object Repository/Module/Test Form/input_Date of Birth' is focused

20-08-2025T00:27:54 - [TEST_STEP][PASSED] - sendKeys(findTestObject("Module/Test Form/input_Date of Birth"), DateOfBirth): Keys '12091970' sent to object: 'Object Repository/Module/Test Form/input_Date of Birth'

20-08-2025T00:27:54 - [MESSAGE][PASSED] - Keys '12091970' sent to object: 'Object Repository/Module/Test Form/input_Date of Birth'

20-08-2025T00:27:54 - [TEST_STEP][PASSED] - if (Hobby == "Sport"): Object: 'Object Repository/Module/Test Form/checkbox_Sports' is clicked on

20-08-2025T00:27:54 - [TEST_STEP][PASSED] - click(findTestObject("Module/Test Form/checkbox_Sports")): Object: 'Object Repository/Module/Test Form/checkbox_Sports' is clicked on

20-08-2025T00:27:55 - [MESSAGE][PASSED] - Object: 'Object Repository/Module/Test Form/checkbox_Sports' is clicked on

20-08-2025T00:27:55 - [TEST_STEP][PASSED] - click(findTestObject("Module/Test Form/dropdown_SelectLocation")): Object: 'Object Repository/Module/Test Form/dropdown_SelectLocation' is clicked on

20-08-2025T00:27:55 - [MESSAGE][PASSED] - Object: 'Object Repository/Module/Test Form/dropdown_SelectLocation' is clicked on

20-08-2025T00:27:55 - [TEST_STEP][PASSED] - setText(findTestObject("Module/Test Form/input_Location(optional)"), Location, STOP_ON_FAILURE): Text 'East' is set on object 'Object Repository/Module/Test Form/input_Location(optional)'

20-08-2025T00:27:56 - [MESSAGE][PASSED] - Text 'East' is set on object 'Object Repository/Module/Test Form/input_Location(optional)'

20-08-2025T00:27:56 - [TEST_STEP][PASSED] - delay(3): Delayed 3 second(s)

20-08-2025T00:27:59 - [MESSAGE][PASSED] - Delayed 3 second(s)

20-08-2025T00:27:59 - [TEST_STEP][PASSED] - sendKeys(findTestObject("Module/Test Form/input_Location(optional)"), Keys.chord(ENTER)): Keys 'ENTER + ' sent to object: 'Object Repository/Module/Test Form/input_Location(optional)'

20-08-2025T00:28:00 - [MESSAGE][PASSED] - Keys 'ENTER + ' sent to object: 'Object Repository/Module/Test Form/input_Location(optional)'

20-08-2025T00:28:00 - [TEST_STEP][PASSED] - setText(findTestObject("Module/Test Form/textarea_Address(optional)"), Address): Text '712 Bukit Batok Singapore' is set on object 'Object Repository/Module/Test Form/textarea_Address(optional)'

20-08-2025T00:28:01 - [MESSAGE][PASSED] - Text '712 Bukit Batok Singapore' is set on object 'Object Repository/Module/Test Form/textarea_Address(optional)'

20-08-2025T00:28:01 - [TEST_STEP][PASSED] - click(findTestObject("Module/Test Form/button_Submit now")): Object: 'Object Repository/Module/Test Form/button_Submit now' is clicked on

20-08-2025T00:28:02 - [MESSAGE][PASSED] - Object: 'Object Repository/Module/Test Form/button_Submit now' is clicked on

20-08-2025T00:28:02 - [TEST_STEP][FAILED] - verifyTextPresent("Thank you for filling out the form.", false): Unable to verify text 'Thank you for filling out the form.' is present  (Root cause: com.kms.katalon.core.exception.StepFailedException: Unable to verify text 'Thank you for filling out the form.' is present 
	at com.kms.katalon.core.webui.keyword.internal.WebUIKeywordMain.stepFailed(WebUIKeywordMain.groovy:175)
	at com.kms.katalon.core.webui.keyword.internal.WebUIKeywordMain.runKeyword(WebUIKeywordMain.groovy:49)
	at com.kms.katalon.core.webui.keyword.builtin.VerifyTextPresentKeyword.verifyTextPresent(VerifyTextPresentKeyword.groovy:83)
	at com.kms.katalon.core.webui.keyword.builtin.VerifyTextPresentKeyword.execute(VerifyTextPresentKeyword.groovy:68)
	at com.kms.katalon.core.keyword.internal.KeywordExecutor.executeKeywordForPlatform(KeywordExecutor.groovy:79)
	at com.kms.katalon.core.webui.keyword.WebUiBuiltInKeywords.verifyTextPresent(WebUiBuiltInKeywords.groovy:1799)
	at TC10_DataDriven_Successful Submission.run(TC10_DataDriven_Successful Submission:67)
	at com.kms.katalon.core.main.ScriptEngine.run(ScriptEngine.java:194)
	at com.kms.katalon.core.main.ScriptEngine.runScriptAsRawText(ScriptEngine.java:119)
	at com.kms.katalon.core.main.TestCaseExecutor.runScript(TestCaseExecutor.java:486)
	at com.kms.katalon.core.main.TestCaseExecutor.doExecute(TestCaseExecutor.java:477)
	at com.kms.katalon.core.main.TestCaseExecutor.processExecutionPhase(TestCaseExecutor.java:456)
	at com.kms.katalon.core.main.TestCaseExecutor.accessMainPhase(TestCaseExecutor.java:448)
	at com.kms.katalon.core.main.TestCaseExecutor.execute(TestCaseExecutor.java:322)
	at com.kms.katalon.core.main.TestCaseExecutor.execute(TestCaseExecutor.java:406)
	at com.kms.katalon.core.main.TestCaseExecutor.execute(TestCaseExecutor.java:406)
	at com.kms.katalon.core.common.CommonExecutor.accessTestCaseMainPhase(CommonExecutor.java:71)
	at com.kms.katalon.core.main.TestSuiteExecutor.accessTestSuiteMainPhase(TestSuiteExecutor.java:145)
	at com.kms.katalon.core.main.TestSuiteExecutor.execute(TestSuiteExecutor.java:104)
	at com.kms.katalon.core.main.TestCaseMain.startTestSuite(TestCaseMain.java:205)
	at TempTestSuite1755620794647.run(TempTestSuite1755620794647.groovy:35)
	at java.base/jdk.internal.reflect.NativeMethodAccessorImpl.invoke0(Native Method)
	at java.base/jdk.internal.reflect.NativeMethodAccessorImpl.invoke(NativeMethodAccessorImpl.java:77)
	at java.base/jdk.internal.reflect.DelegatingMethodAccessorImpl.invoke(DelegatingMethodAccessorImpl.java:43)
Caused by: com.kms.katalon.core.exception.StepFailedException: Text 'Thank you for filling out the form.' is not present on page 
	at com.kms.katalon.core.webui.keyword.internal.WebUIKeywordMain.stepFailed(WebUIKeywordMain.groovy:175)
	at com.kms.katalon.core.webui.keyword.builtin.VerifyTextPresentKeyword$_verifyTextPresent_closure1.doCall(VerifyTextPresentKeyword.groovy:79)
	at com.kms.katalon.core.webui.keyword.builtin.VerifyTextPresentKeyword$_verifyTextPresent_closure1.call(VerifyTextPresentKeyword.groovy)
	at com.kms.katalon.core.webui.keyword.internal.WebUIKeywordMain.runKeyword(WebUIKeywordMain.groovy:41)
	... 22 more
)

20-08-2025T00:28:02 - [MESSAGE][FAILED] - Text 'Thank you for filling out the form.' is not present on page  (Root cause: com.kms.katalon.core.exception.StepFailedException: Text 'Thank you for filling out the form.' is not present on page 
	at com.kms.katalon.core.webui.keyword.internal.WebUIKeywordMain.stepFailed(WebUIKeywordMain.groovy:175)
	at com.kms.katalon.core.webui.keyword.builtin.VerifyTextPresentKeyword$_verifyTextPresent_closure1.doCall(VerifyTextPresentKeyword.groovy:79)
	at com.kms.katalon.core.webui.keyword.builtin.VerifyTextPresentKeyword$_verifyTextPresent_closure1.call(VerifyTextPresentKeyword.groovy)
	at com.kms.katalon.core.webui.keyword.internal.WebUIKeywordMain.runKeyword(WebUIKeywordMain.groovy:41)
	at com.kms.katalon.core.webui.keyword.builtin.VerifyTextPresentKeyword.verifyTextPresent(VerifyTextPresentKeyword.groovy:83)
	at com.kms.katalon.core.webui.keyword.builtin.VerifyTextPresentKeyword.execute(VerifyTextPresentKeyword.groovy:68)
	at com.kms.katalon.core.keyword.internal.KeywordExecutor.executeKeywordForPlatform(KeywordExecutor.groovy:79)
	at com.kms.katalon.core.webui.keyword.WebUiBuiltInKeywords.verifyTextPresent(WebUiBuiltInKeywords.groovy:1799)
	at TC10_DataDriven_Successful Submission.run(TC10_DataDriven_Successful Submission:67)
	at com.kms.katalon.core.main.ScriptEngine.run(ScriptEngine.java:194)
	at com.kms.katalon.core.main.ScriptEngine.runScriptAsRawText(ScriptEngine.java:119)
	at com.kms.katalon.core.main.TestCaseExecutor.runScript(TestCaseExecutor.java:486)
	at com.kms.katalon.core.main.TestCaseExecutor.doExecute(TestCaseExecutor.java:477)
	at com.kms.katalon.core.main.TestCaseExecutor.processExecutionPhase(TestCaseExecutor.java:456)
	at com.kms.katalon.core.main.TestCaseExecutor.accessMainPhase(TestCaseExecutor.java:448)
	at com.kms.katalon.core.main.TestCaseExecutor.execute(TestCaseExecutor.java:322)
	at com.kms.katalon.core.main.TestCaseExecutor.execute(TestCaseExecutor.java:406)
	at com.kms.katalon.core.main.TestCaseExecutor.execute(TestCaseExecutor.java:406)
	at com.kms.katalon.core.common.CommonExecutor.accessTestCaseMainPhase(CommonExecutor.java:71)
	at com.kms.katalon.core.main.TestSuiteExecutor.accessTestSuiteMainPhase(TestSuiteExecutor.java:145)
	at com.kms.katalon.core.main.TestSuiteExecutor.execute(TestSuiteExecutor.java:104)
	at com.kms.katalon.core.main.TestCaseMain.startTestSuite(TestCaseMain.java:205)
	at TempTestSuite1755620794647.run(TempTestSuite1755620794647.groovy:35)
	at java.base/jdk.internal.reflect.NativeMethodAccessorImpl.invoke0(Native Method)
	at java.base/jdk.internal.reflect.NativeMethodAccessorImpl.invoke(NativeMethodAccessorImpl.java:77)
	at java.base/jdk.internal.reflect.DelegatingMethodAccessorImpl.invoke(DelegatingMethodAccessorImpl.java:43)
)

20-08-2025T00:28:02 - [MESSAGE][FAILED] - Unable to verify text 'Thank you for filling out the form.' is present  (Root cause: com.kms.katalon.core.exception.StepFailedException: Unable to verify text 'Thank you for filling out the form.' is present 
	at com.kms.katalon.core.webui.keyword.internal.WebUIKeywordMain.stepFailed(WebUIKeywordMain.groovy:175)
	at com.kms.katalon.core.webui.keyword.internal.WebUIKeywordMain.runKeyword(WebUIKeywordMain.groovy:49)
	at com.kms.katalon.core.webui.keyword.builtin.VerifyTextPresentKeyword.verifyTextPresent(VerifyTextPresentKeyword.groovy:83)
	at com.kms.katalon.core.webui.keyword.builtin.VerifyTextPresentKeyword.execute(VerifyTextPresentKeyword.groovy:68)
	at com.kms.katalon.core.keyword.internal.KeywordExecutor.executeKeywordForPlatform(KeywordExecutor.groovy:79)
	at com.kms.katalon.core.webui.keyword.WebUiBuiltInKeywords.verifyTextPresent(WebUiBuiltInKeywords.groovy:1799)
	at TC10_DataDriven_Successful Submission.run(TC10_DataDriven_Successful Submission:67)
	at com.kms.katalon.core.main.ScriptEngine.run(ScriptEngine.java:194)
	at com.kms.katalon.core.main.ScriptEngine.runScriptAsRawText(ScriptEngine.java:119)
	at com.kms.katalon.core.main.TestCaseExecutor.runScript(TestCaseExecutor.java:486)
	at com.kms.katalon.core.main.TestCaseExecutor.doExecute(TestCaseExecutor.java:477)
	at com.kms.katalon.core.main.TestCaseExecutor.processExecutionPhase(TestCaseExecutor.java:456)
	at com.kms.katalon.core.main.TestCaseExecutor.accessMainPhase(TestCaseExecutor.java:448)
	at com.kms.katalon.core.main.TestCaseExecutor.execute(TestCaseExecutor.java:322)
	at com.kms.katalon.core.main.TestCaseExecutor.execute(TestCaseExecutor.java:406)
	at com.kms.katalon.core.main.TestCaseExecutor.execute(TestCaseExecutor.java:406)
	at com.kms.katalon.core.common.CommonExecutor.accessTestCaseMainPhase(CommonExecutor.java:71)
	at com.kms.katalon.core.main.TestSuiteExecutor.accessTestSuiteMainPhase(TestSuiteExecutor.java:145)
	at com.kms.katalon.core.main.TestSuiteExecutor.execute(TestSuiteExecutor.java:104)
	at com.kms.katalon.core.main.TestCaseMain.startTestSuite(TestCaseMain.java:205)
	at TempTestSuite1755620794647.run(TempTestSuite1755620794647.groovy:35)
	at java.base/jdk.internal.reflect.NativeMethodAccessorImpl.invoke0(Native Method)
	at java.base/jdk.internal.reflect.NativeMethodAccessorImpl.invoke(NativeMethodAccessorImpl.java:77)
	at java.base/jdk.internal.reflect.DelegatingMethodAccessorImpl.invoke(DelegatingMethodAccessorImpl.java:43)
Caused by: com.kms.katalon.core.exception.StepFailedException: Text 'Thank you for filling out the form.' is not present on page 
	at com.kms.katalon.core.webui.keyword.internal.WebUIKeywordMain.stepFailed(WebUIKeywordMain.groovy:175)
	at com.kms.katalon.core.webui.keyword.builtin.VerifyTextPresentKeyword$_verifyTextPresent_closure1.doCall(VerifyTextPresentKeyword.groovy:79)
	at com.kms.katalon.core.webui.keyword.builtin.VerifyTextPresentKeyword$_verifyTextPresent_closure1.call(VerifyTextPresentKeyword.groovy)
	at com.kms.katalon.core.webui.keyword.internal.WebUIKeywordMain.runKeyword(WebUIKeywordMain.groovy:41)
	... 22 more
)
[[ATTACHMENT|C:\\Users\\Winnie Lim\\git\\ProjectTestForm\\Reports\\20250820_002633\\TS2_Data Driven Suite\\20250820_002634\\1755620882636.png]]]]></system-out>
         <system-err><![CDATA[20-08-2025T00:27:36 - [TEST_CASE][FAILED] - Test Cases/FormPage/TC10_DataDriven_Successful Submission: Test Cases/FormPage/TC10_DataDriven_Successful Submission FAILED.
Reason:
com.kms.katalon.core.exception.StepFailedException: Unable to verify text 'Thank you for filling out the form.' is present 
	at com.kms.katalon.core.webui.keyword.internal.WebUIKeywordMain.stepFailed(WebUIKeywordMain.groovy:175)
	at com.kms.katalon.core.webui.keyword.internal.WebUIKeywordMain.runKeyword(WebUIKeywordMain.groovy:49)
	at com.kms.katalon.core.webui.keyword.builtin.VerifyTextPresentKeyword.verifyTextPresent(VerifyTextPresentKeyword.groovy:83)
	at com.kms.katalon.core.webui.keyword.builtin.VerifyTextPresentKeyword.execute(VerifyTextPresentKeyword.groovy:68)
	at com.kms.katalon.core.keyword.internal.KeywordExecutor.executeKeywordForPlatform(KeywordExecutor.groovy:79)
	at com.kms.katalon.core.webui.keyword.WebUiBuiltInKeywords.verifyTextPresent(WebUiBuiltInKeywords.groovy:1799)
	at TC10_DataDriven_Successful Submission.run(TC10_DataDriven_Successful Submission:67)
	at com.kms.katalon.core.main.ScriptEngine.run(ScriptEngine.java:194)
	at com.kms.katalon.core.main.ScriptEngine.runScriptAsRawText(ScriptEngine.java:119)
	at com.kms.katalon.core.main.TestCaseExecutor.runScript(TestCaseExecutor.java:486)
	at com.kms.katalon.core.main.TestCaseExecutor.doExecute(TestCaseExecutor.java:477)
	at com.kms.katalon.core.main.TestCaseExecutor.processExecutionPhase(TestCaseExecutor.java:456)
	at com.kms.katalon.core.main.TestCaseExecutor.accessMainPhase(TestCaseExecutor.java:448)
	at com.kms.katalon.core.main.TestCaseExecutor.execute(TestCaseExecutor.java:322)
	at com.kms.katalon.core.main.TestCaseExecutor.execute(TestCaseExecutor.java:406)
	at com.kms.katalon.core.main.TestCaseExecutor.execute(TestCaseExecutor.java:406)
	at com.kms.katalon.core.common.CommonExecutor.accessTestCaseMainPhase(CommonExecutor.java:71)
	at com.kms.katalon.core.main.TestSuiteExecutor.accessTestSuiteMainPhase(TestSuiteExecutor.java:145)
	at com.kms.katalon.core.main.TestSuiteExecutor.execute(TestSuiteExecutor.java:104)
	at com.kms.katalon.core.main.TestCaseMain.startTestSuite(TestCaseMain.java:205)
	at TempTestSuite1755620794647.run(TempTestSuite1755620794647.groovy:35)
	at java.base/jdk.internal.reflect.NativeMethodAccessorImpl.invoke0(Native Method)
	at java.base/jdk.internal.reflect.NativeMethodAccessorImpl.invoke(NativeMethodAccessorImpl.java:77)
	at java.base/jdk.internal.reflect.DelegatingMethodAccessorImpl.invoke(DelegatingMethodAccessorImpl.java:43)
Caused by: com.kms.katalon.core.exception.StepFailedException: Text 'Thank you for filling out the form.' is not present on page 
	at com.kms.katalon.core.webui.keyword.internal.WebUIKeywordMain.stepFailed(WebUIKeywordMain.groovy:175)
	at com.kms.katalon.core.webui.keyword.builtin.VerifyTextPresentKeyword$_verifyTextPresent_closure1.doCall(VerifyTextPresentKeyword.groovy:79)
	at com.kms.katalon.core.webui.keyword.builtin.VerifyTextPresentKeyword$_verifyTextPresent_closure1.call(VerifyTextPresentKeyword.groovy)
	at com.kms.katalon.core.webui.keyword.internal.WebUIKeywordMain.runKeyword(WebUIKeywordMain.groovy:41)
	... 22 more]]></system-err>
      </testcase>
      <testcase name="Test Cases/FormPage/TC10_DataDriven_Successful Submission" time="26.733" classname="Test Cases/FormPage/TC10_DataDriven_Successful Submission" status="FAILED">
         <properties>
            <property name="data_binding"><![CDATA[{"DateOfBirth":"19091960","MobileNumber":"87654321","Email":"mm@gmail.com","Address":"12 #02-40 Ang Mo Kio Singapore","FirstName":"Mary","Hobby":"Music","LastName":"Ho","Gender":"Female","Location":"North"}]]></property>
         </properties>
         <failure type="FAILED" message="Test Cases/FormPage/TC10_DataDriven_Successful Submission FAILED.&#xa;Reason:&#xa;com.kms.katalon.core.exception.StepFailedException: Unable to verify text 'Thank you for filling out the form.' is present &#xa;	at com.kms.katalon.core.webui.keyword.internal.WebUIKeywordMain.stepFailed(WebUIKeywordMain.groovy:175)&#xa;	at com.kms.katalon.core.webui.keyword.internal.WebUIKeywordMain.runKeyword(WebUIKeywordMain.groovy:49)&#xa;	at com.kms.katalon.core.webui.keyword.builtin.VerifyTextPresentKeyword.verifyTextPresent(VerifyTextPresentKeyword.groovy:83)&#xa;	at com.kms.katalon.core.webui.keyword.builtin.VerifyTextPresentKeyword.execute(VerifyTextPresentKeyword.groovy:68)&#xa;	at com.kms.katalon.core.keyword.internal.KeywordExecutor.executeKeywordForPlatform(KeywordExecutor.groovy:79)&#xa;	at com.kms.katalon.core.webui.keyword.WebUiBuiltInKeywords.verifyTextPresent(WebUiBuiltInKeywords.groovy:1799)&#xa;	at TC10_DataDriven_Successful Submission.run(TC10_DataDriven_Successful Submission:67)&#xa;	at com.kms.katalon.core.main.ScriptEngine.run(ScriptEngine.java:194)&#xa;	at com.kms.katalon.core.main.ScriptEngine.runScriptAsRawText(ScriptEngine.java:119)&#xa;	at com.kms.katalon.core.main.TestCaseExecutor.runScript(TestCaseExecutor.java:486)&#xa;	at com.kms.katalon.core.main.TestCaseExecutor.doExecute(TestCaseExecutor.java:477)&#xa;	at com.kms.katalon.core.main.TestCaseExecutor.processExecutionPhase(TestCaseExecutor.java:456)&#xa;	at com.kms.katalon.core.main.TestCaseExecutor.accessMainPhase(TestCaseExecutor.java:448)&#xa;	at com.kms.katalon.core.main.TestCaseExecutor.execute(TestCaseExecutor.java:322)&#xa;	at com.kms.katalon.core.main.TestCaseExecutor.execute(TestCaseExecutor.java:406)&#xa;	at com.kms.katalon.core.main.TestCaseExecutor.execute(TestCaseExecutor.java:406)&#xa;	at com.kms.katalon.core.common.CommonExecutor.accessTestCaseMainPhase(CommonExecutor.java:71)&#xa;	at com.kms.katalon.core.main.TestSuiteExecutor.accessTestSuiteMainPhase(TestSuiteExecutor.java:145)&#xa;	at com.kms.katalon.core.main.TestSuiteExecutor.execute(TestSuiteExecutor.java:104)&#xa;	at com.kms.katalon.core.main.TestCaseMain.startTestSuite(TestCaseMain.java:205)&#xa;	at TempTestSuite1755620794647.run(TempTestSuite1755620794647.groovy:35)&#xa;	at java.base/jdk.internal.reflect.NativeMethodAccessorImpl.invoke0(Native Method)&#xa;	at java.base/jdk.internal.reflect.NativeMethodAccessorImpl.invoke(NativeMethodAccessorImpl.java:77)&#xa;	at java.base/jdk.internal.reflect.DelegatingMethodAccessorImpl.invoke(DelegatingMethodAccessorImpl.java:43)&#xa;Caused by: com.kms.katalon.core.exception.StepFailedException: Text 'Thank you for filling out the form.' is not present on page &#xa;	at com.kms.katalon.core.webui.keyword.internal.WebUIKeywordMain.stepFailed(WebUIKeywordMain.groovy:175)&#xa;	at com.kms.katalon.core.webui.keyword.builtin.VerifyTextPresentKeyword$_verifyTextPresent_closure1.doCall(VerifyTextPresentKeyword.groovy:79)&#xa;	at com.kms.katalon.core.webui.keyword.builtin.VerifyTextPresentKeyword$_verifyTextPresent_closure1.call(VerifyTextPresentKeyword.groovy)&#xa;	at com.kms.katalon.core.webui.keyword.internal.WebUIKeywordMain.runKeyword(WebUIKeywordMain.groovy:41)&#xa;	... 22 more&#xa;"/>
         <system-out><![CDATA[20-08-2025T00:28:55 - [TEST_CASE][FAILED] - Test Cases/FormPage/TC10_DataDriven_Successful Submission: Test Cases/FormPage/TC10_DataDriven_Successful Submission FAILED.
Reason:
com.kms.katalon.core.exception.StepFailedException: Unable to verify text 'Thank you for filling out the form.' is present 
	at com.kms.katalon.core.webui.keyword.internal.WebUIKeywordMain.stepFailed(WebUIKeywordMain.groovy:175)
	at com.kms.katalon.core.webui.keyword.internal.WebUIKeywordMain.runKeyword(WebUIKeywordMain.groovy:49)
	at com.kms.katalon.core.webui.keyword.builtin.VerifyTextPresentKeyword.verifyTextPresent(VerifyTextPresentKeyword.groovy:83)
	at com.kms.katalon.core.webui.keyword.builtin.VerifyTextPresentKeyword.execute(VerifyTextPresentKeyword.groovy:68)
	at com.kms.katalon.core.keyword.internal.KeywordExecutor.executeKeywordForPlatform(KeywordExecutor.groovy:79)
	at com.kms.katalon.core.webui.keyword.WebUiBuiltInKeywords.verifyTextPresent(WebUiBuiltInKeywords.groovy:1799)
	at TC10_DataDriven_Successful Submission.run(TC10_DataDriven_Successful Submission:67)
	at com.kms.katalon.core.main.ScriptEngine.run(ScriptEngine.java:194)
	at com.kms.katalon.core.main.ScriptEngine.runScriptAsRawText(ScriptEngine.java:119)
	at com.kms.katalon.core.main.TestCaseExecutor.runScript(TestCaseExecutor.java:486)
	at com.kms.katalon.core.main.TestCaseExecutor.doExecute(TestCaseExecutor.java:477)
	at com.kms.katalon.core.main.TestCaseExecutor.processExecutionPhase(TestCaseExecutor.java:456)
	at com.kms.katalon.core.main.TestCaseExecutor.accessMainPhase(TestCaseExecutor.java:448)
	at com.kms.katalon.core.main.TestCaseExecutor.execute(TestCaseExecutor.java:322)
	at com.kms.katalon.core.main.TestCaseExecutor.execute(TestCaseExecutor.java:406)
	at com.kms.katalon.core.main.TestCaseExecutor.execute(TestCaseExecutor.java:406)
	at com.kms.katalon.core.common.CommonExecutor.accessTestCaseMainPhase(CommonExecutor.java:71)
	at com.kms.katalon.core.main.TestSuiteExecutor.accessTestSuiteMainPhase(TestSuiteExecutor.java:145)
	at com.kms.katalon.core.main.TestSuiteExecutor.execute(TestSuiteExecutor.java:104)
	at com.kms.katalon.core.main.TestCaseMain.startTestSuite(TestCaseMain.java:205)
	at TempTestSuite1755620794647.run(TempTestSuite1755620794647.groovy:35)
	at java.base/jdk.internal.reflect.NativeMethodAccessorImpl.invoke0(Native Method)
	at java.base/jdk.internal.reflect.NativeMethodAccessorImpl.invoke(NativeMethodAccessorImpl.java:77)
	at java.base/jdk.internal.reflect.DelegatingMethodAccessorImpl.invoke(DelegatingMethodAccessorImpl.java:43)
Caused by: com.kms.katalon.core.exception.StepFailedException: Text 'Thank you for filling out the form.' is not present on page 
	at com.kms.katalon.core.webui.keyword.internal.WebUIKeywordMain.stepFailed(WebUIKeywordMain.groovy:175)
	at com.kms.katalon.core.webui.keyword.builtin.VerifyTextPresentKeyword$_verifyTextPresent_closure1.doCall(VerifyTextPresentKeyword.groovy:79)
	at com.kms.katalon.core.webui.keyword.builtin.VerifyTextPresentKeyword$_verifyTextPresent_closure1.call(VerifyTextPresentKeyword.groovy)
	at com.kms.katalon.core.webui.keyword.internal.WebUIKeywordMain.runKeyword(WebUIKeywordMain.groovy:41)
	... 22 more


20-08-2025T00:28:55 - [TEST_STEP][PASSED] - callTestCase(findTestCase("Common/TC_Launch Browser"), [:], STOP_ON_FAILURE): Call Test Case 'Test Cases/Common/TC_Launch Browser' successfully

20-08-2025T00:28:55 - [TEST_CASE][PASSED] - Test Cases/Common/TC_Launch Browser: Test Cases/Common/TC_Launch Browser

20-08-2025T00:28:55 - [TEST_STEP][PASSED] - openBrowser("http://go.gov.sg/gt-qe"): Browser is opened with url: 'http://go.gov.sg/gt-qe'

20-08-2025T00:28:55 - [MESSAGE][WARNING] - A browser is already opened. Closing browser and opening a new one

20-08-2025T00:28:55 - [MESSAGE][INFO] - Starting 'Chrome' driver

20-08-2025T00:28:55 - [MESSAGE][INFO] - Action delay is set to 0 milliseconds

20-08-2025T00:28:57 - [MESSAGE][PASSED] - Browser is opened with url: 'http://go.gov.sg/gt-qe'

20-08-2025T00:28:57 - [TEST_STEP][PASSED] - maximizeWindow(): Current window maximized

20-08-2025T00:28:57 - [MESSAGE][PASSED] - Current window maximized

20-08-2025T00:28:57 - [TEST_STEP][NOT_RUN] - navigateToUrl("http://go.gov.sg/gt-qe"): NOT_RUN: navigateToUrl("http://go.gov.sg/gt-qe")

20-08-2025T00:28:57 - [MESSAGE][NOT_RUN] - NOT_RUN: navigateToUrl("http://go.gov.sg/gt-qe")

20-08-2025T00:28:57 - [TEST_STEP][PASSED] - delay(5): Delayed 5 second(s)

20-08-2025T00:29:02 - [MESSAGE][PASSED] - Delayed 5 second(s)

20-08-2025T00:29:02 - [MESSAGE][PASSED] - Call Test Case 'Test Cases/Common/TC_Launch Browser' successfully

20-08-2025T00:29:02 - [TEST_STEP][PASSED] - setText(findTestObject("Module/Test Form/input_First Name"), FirstName): Text 'Mary' is set on object 'Object Repository/Module/Test Form/input_First Name'

20-08-2025T00:29:06 - [MESSAGE][PASSED] - Text 'Mary' is set on object 'Object Repository/Module/Test Form/input_First Name'

20-08-2025T00:29:06 - [TEST_STEP][PASSED] - setText(findTestObject("Module/Test Form/input_Last Name"), LastName): Text 'Ho' is set on object 'Object Repository/Module/Test Form/input_Last Name'

20-08-2025T00:29:07 - [MESSAGE][PASSED] - Text 'Ho' is set on object 'Object Repository/Module/Test Form/input_Last Name'

20-08-2025T00:29:07 - [TEST_STEP][PASSED] - setText(findTestObject("Module/Test Form/input_Email"), Email): Text 'mm@gmail.com' is set on object 'Object Repository/Module/Test Form/input_Email'

20-08-2025T00:29:08 - [MESSAGE][PASSED] - Text 'mm@gmail.com' is set on object 'Object Repository/Module/Test Form/input_Email'

20-08-2025T00:29:08 - [TEST_STEP][PASSED] - if (Gender == "Male"): null

20-08-2025T00:29:08 - [TEST_STEP][PASSED] - else: Object: 'Object Repository/Module/Test Form/radiobutton_Female' is clicked on

20-08-2025T00:29:08 - [TEST_STEP][PASSED] - click(findTestObject("Module/Test Form/radiobutton_Female")): Object: 'Object Repository/Module/Test Form/radiobutton_Female' is clicked on

20-08-2025T00:29:09 - [MESSAGE][PASSED] - Object: 'Object Repository/Module/Test Form/radiobutton_Female' is clicked on

20-08-2025T00:29:09 - [TEST_STEP][PASSED] - setText(findTestObject("Module/Test Form/input_Mobile number"), MobileNumber): Text '87654321' is set on object 'Object Repository/Module/Test Form/input_Mobile number'

20-08-2025T00:29:09 - [MESSAGE][PASSED] - Text '87654321' is set on object 'Object Repository/Module/Test Form/input_Mobile number'

20-08-2025T00:29:09 - [TEST_STEP][PASSED] - click(findTestObject("Module/Test Form/input_Date of Birth")): Object: 'Object Repository/Module/Test Form/input_Date of Birth' is clicked on

20-08-2025T00:29:10 - [MESSAGE][PASSED] - Object: 'Object Repository/Module/Test Form/input_Date of Birth' is clicked on

20-08-2025T00:29:10 - [TEST_STEP][PASSED] - delay(3): Delayed 3 second(s)

20-08-2025T00:29:13 - [MESSAGE][PASSED] - Delayed 3 second(s)

20-08-2025T00:29:13 - [TEST_STEP][PASSED] - focus(findTestObject("Module/Test Form/input_Date of Birth"), STOP_ON_FAILURE): Object: 'Object Repository/Module/Test Form/input_Date of Birth' is focused

20-08-2025T00:29:13 - [MESSAGE][PASSED] - Object: 'Object Repository/Module/Test Form/input_Date of Birth' is focused

20-08-2025T00:29:13 - [TEST_STEP][PASSED] - sendKeys(findTestObject("Module/Test Form/input_Date of Birth"), DateOfBirth): Keys '19091960' sent to object: 'Object Repository/Module/Test Form/input_Date of Birth'

20-08-2025T00:29:14 - [MESSAGE][PASSED] - Keys '19091960' sent to object: 'Object Repository/Module/Test Form/input_Date of Birth'

20-08-2025T00:29:14 - [TEST_STEP][PASSED] - if (Hobby == "Sport"): null

20-08-2025T00:29:14 - [TEST_STEP][PASSED] - else if (Hobby == "Music"): Object: 'Object Repository/Module/Test Form/checkbox_Music' is clicked on

20-08-2025T00:29:14 - [TEST_STEP][PASSED] - click(findTestObject("Module/Test Form/checkbox_Music")): Object: 'Object Repository/Module/Test Form/checkbox_Music' is clicked on

20-08-2025T00:29:14 - [MESSAGE][PASSED] - Object: 'Object Repository/Module/Test Form/checkbox_Music' is clicked on

20-08-2025T00:29:14 - [TEST_STEP][PASSED] - click(findTestObject("Module/Test Form/dropdown_SelectLocation")): Object: 'Object Repository/Module/Test Form/dropdown_SelectLocation' is clicked on

20-08-2025T00:29:15 - [MESSAGE][PASSED] - Object: 'Object Repository/Module/Test Form/dropdown_SelectLocation' is clicked on

20-08-2025T00:29:15 - [TEST_STEP][PASSED] - setText(findTestObject("Module/Test Form/input_Location(optional)"), Location, STOP_ON_FAILURE): Text 'North' is set on object 'Object Repository/Module/Test Form/input_Location(optional)'

20-08-2025T00:29:16 - [MESSAGE][PASSED] - Text 'North' is set on object 'Object Repository/Module/Test Form/input_Location(optional)'

20-08-2025T00:29:16 - [TEST_STEP][PASSED] - delay(3): Delayed 3 second(s)

20-08-2025T00:29:19 - [MESSAGE][PASSED] - Delayed 3 second(s)

20-08-2025T00:29:19 - [TEST_STEP][PASSED] - sendKeys(findTestObject("Module/Test Form/input_Location(optional)"), Keys.chord(ENTER)): Keys 'ENTER + ' sent to object: 'Object Repository/Module/Test Form/input_Location(optional)'

20-08-2025T00:29:19 - [MESSAGE][PASSED] - Keys 'ENTER + ' sent to object: 'Object Repository/Module/Test Form/input_Location(optional)'

20-08-2025T00:29:19 - [TEST_STEP][PASSED] - setText(findTestObject("Module/Test Form/textarea_Address(optional)"), Address): Text '12 #02-40 Ang Mo Kio Singapore' is set on object 'Object Repository/Module/Test Form/textarea_Address(optional)'

20-08-2025T00:29:20 - [MESSAGE][PASSED] - Text '12 #02-40 Ang Mo Kio Singapore' is set on object 'Object Repository/Module/Test Form/textarea_Address(optional)'

20-08-2025T00:29:20 - [TEST_STEP][PASSED] - click(findTestObject("Module/Test Form/button_Submit now")): Object: 'Object Repository/Module/Test Form/button_Submit now' is clicked on

20-08-2025T00:29:21 - [MESSAGE][PASSED] - Object: 'Object Repository/Module/Test Form/button_Submit now' is clicked on

20-08-2025T00:29:21 - [TEST_STEP][FAILED] - verifyTextPresent("Thank you for filling out the form.", false): Unable to verify text 'Thank you for filling out the form.' is present  (Root cause: com.kms.katalon.core.exception.StepFailedException: Unable to verify text 'Thank you for filling out the form.' is present 
	at com.kms.katalon.core.webui.keyword.internal.WebUIKeywordMain.stepFailed(WebUIKeywordMain.groovy:175)
	at com.kms.katalon.core.webui.keyword.internal.WebUIKeywordMain.runKeyword(WebUIKeywordMain.groovy:49)
	at com.kms.katalon.core.webui.keyword.builtin.VerifyTextPresentKeyword.verifyTextPresent(VerifyTextPresentKeyword.groovy:83)
	at com.kms.katalon.core.webui.keyword.builtin.VerifyTextPresentKeyword.execute(VerifyTextPresentKeyword.groovy:68)
	at com.kms.katalon.core.keyword.internal.KeywordExecutor.executeKeywordForPlatform(KeywordExecutor.groovy:79)
	at com.kms.katalon.core.webui.keyword.WebUiBuiltInKeywords.verifyTextPresent(WebUiBuiltInKeywords.groovy:1799)
	at TC10_DataDriven_Successful Submission.run(TC10_DataDriven_Successful Submission:67)
	at com.kms.katalon.core.main.ScriptEngine.run(ScriptEngine.java:194)
	at com.kms.katalon.core.main.ScriptEngine.runScriptAsRawText(ScriptEngine.java:119)
	at com.kms.katalon.core.main.TestCaseExecutor.runScript(TestCaseExecutor.java:486)
	at com.kms.katalon.core.main.TestCaseExecutor.doExecute(TestCaseExecutor.java:477)
	at com.kms.katalon.core.main.TestCaseExecutor.processExecutionPhase(TestCaseExecutor.java:456)
	at com.kms.katalon.core.main.TestCaseExecutor.accessMainPhase(TestCaseExecutor.java:448)
	at com.kms.katalon.core.main.TestCaseExecutor.execute(TestCaseExecutor.java:322)
	at com.kms.katalon.core.main.TestCaseExecutor.execute(TestCaseExecutor.java:406)
	at com.kms.katalon.core.main.TestCaseExecutor.execute(TestCaseExecutor.java:406)
	at com.kms.katalon.core.common.CommonExecutor.accessTestCaseMainPhase(CommonExecutor.java:71)
	at com.kms.katalon.core.main.TestSuiteExecutor.accessTestSuiteMainPhase(TestSuiteExecutor.java:145)
	at com.kms.katalon.core.main.TestSuiteExecutor.execute(TestSuiteExecutor.java:104)
	at com.kms.katalon.core.main.TestCaseMain.startTestSuite(TestCaseMain.java:205)
	at TempTestSuite1755620794647.run(TempTestSuite1755620794647.groovy:35)
	at java.base/jdk.internal.reflect.NativeMethodAccessorImpl.invoke0(Native Method)
	at java.base/jdk.internal.reflect.NativeMethodAccessorImpl.invoke(NativeMethodAccessorImpl.java:77)
	at java.base/jdk.internal.reflect.DelegatingMethodAccessorImpl.invoke(DelegatingMethodAccessorImpl.java:43)
Caused by: com.kms.katalon.core.exception.StepFailedException: Text 'Thank you for filling out the form.' is not present on page 
	at com.kms.katalon.core.webui.keyword.internal.WebUIKeywordMain.stepFailed(WebUIKeywordMain.groovy:175)
	at com.kms.katalon.core.webui.keyword.builtin.VerifyTextPresentKeyword$_verifyTextPresent_closure1.doCall(VerifyTextPresentKeyword.groovy:79)
	at com.kms.katalon.core.webui.keyword.builtin.VerifyTextPresentKeyword$_verifyTextPresent_closure1.call(VerifyTextPresentKeyword.groovy)
	at com.kms.katalon.core.webui.keyword.internal.WebUIKeywordMain.runKeyword(WebUIKeywordMain.groovy:41)
	... 22 more
)

20-08-2025T00:29:22 - [MESSAGE][FAILED] - Text 'Thank you for filling out the form.' is not present on page  (Root cause: com.kms.katalon.core.exception.StepFailedException: Text 'Thank you for filling out the form.' is not present on page 
	at com.kms.katalon.core.webui.keyword.internal.WebUIKeywordMain.stepFailed(WebUIKeywordMain.groovy:175)
	at com.kms.katalon.core.webui.keyword.builtin.VerifyTextPresentKeyword$_verifyTextPresent_closure1.doCall(VerifyTextPresentKeyword.groovy:79)
	at com.kms.katalon.core.webui.keyword.builtin.VerifyTextPresentKeyword$_verifyTextPresent_closure1.call(VerifyTextPresentKeyword.groovy)
	at com.kms.katalon.core.webui.keyword.internal.WebUIKeywordMain.runKeyword(WebUIKeywordMain.groovy:41)
	at com.kms.katalon.core.webui.keyword.builtin.VerifyTextPresentKeyword.verifyTextPresent(VerifyTextPresentKeyword.groovy:83)
	at com.kms.katalon.core.webui.keyword.builtin.VerifyTextPresentKeyword.execute(VerifyTextPresentKeyword.groovy:68)
	at com.kms.katalon.core.keyword.internal.KeywordExecutor.executeKeywordForPlatform(KeywordExecutor.groovy:79)
	at com.kms.katalon.core.webui.keyword.WebUiBuiltInKeywords.verifyTextPresent(WebUiBuiltInKeywords.groovy:1799)
	at TC10_DataDriven_Successful Submission.run(TC10_DataDriven_Successful Submission:67)
	at com.kms.katalon.core.main.ScriptEngine.run(ScriptEngine.java:194)
	at com.kms.katalon.core.main.ScriptEngine.runScriptAsRawText(ScriptEngine.java:119)
	at com.kms.katalon.core.main.TestCaseExecutor.runScript(TestCaseExecutor.java:486)
	at com.kms.katalon.core.main.TestCaseExecutor.doExecute(TestCaseExecutor.java:477)
	at com.kms.katalon.core.main.TestCaseExecutor.processExecutionPhase(TestCaseExecutor.java:456)
	at com.kms.katalon.core.main.TestCaseExecutor.accessMainPhase(TestCaseExecutor.java:448)
	at com.kms.katalon.core.main.TestCaseExecutor.execute(TestCaseExecutor.java:322)
	at com.kms.katalon.core.main.TestCaseExecutor.execute(TestCaseExecutor.java:406)
	at com.kms.katalon.core.main.TestCaseExecutor.execute(TestCaseExecutor.java:406)
	at com.kms.katalon.core.common.CommonExecutor.accessTestCaseMainPhase(CommonExecutor.java:71)
	at com.kms.katalon.core.main.TestSuiteExecutor.accessTestSuiteMainPhase(TestSuiteExecutor.java:145)
	at com.kms.katalon.core.main.TestSuiteExecutor.execute(TestSuiteExecutor.java:104)
	at com.kms.katalon.core.main.TestCaseMain.startTestSuite(TestCaseMain.java:205)
	at TempTestSuite1755620794647.run(TempTestSuite1755620794647.groovy:35)
	at java.base/jdk.internal.reflect.NativeMethodAccessorImpl.invoke0(Native Method)
	at java.base/jdk.internal.reflect.NativeMethodAccessorImpl.invoke(NativeMethodAccessorImpl.java:77)
	at java.base/jdk.internal.reflect.DelegatingMethodAccessorImpl.invoke(DelegatingMethodAccessorImpl.java:43)
)

20-08-2025T00:29:22 - [MESSAGE][FAILED] - Unable to verify text 'Thank you for filling out the form.' is present  (Root cause: com.kms.katalon.core.exception.StepFailedException: Unable to verify text 'Thank you for filling out the form.' is present 
	at com.kms.katalon.core.webui.keyword.internal.WebUIKeywordMain.stepFailed(WebUIKeywordMain.groovy:175)
	at com.kms.katalon.core.webui.keyword.internal.WebUIKeywordMain.runKeyword(WebUIKeywordMain.groovy:49)
	at com.kms.katalon.core.webui.keyword.builtin.VerifyTextPresentKeyword.verifyTextPresent(VerifyTextPresentKeyword.groovy:83)
	at com.kms.katalon.core.webui.keyword.builtin.VerifyTextPresentKeyword.execute(VerifyTextPresentKeyword.groovy:68)
	at com.kms.katalon.core.keyword.internal.KeywordExecutor.executeKeywordForPlatform(KeywordExecutor.groovy:79)
	at com.kms.katalon.core.webui.keyword.WebUiBuiltInKeywords.verifyTextPresent(WebUiBuiltInKeywords.groovy:1799)
	at TC10_DataDriven_Successful Submission.run(TC10_DataDriven_Successful Submission:67)
	at com.kms.katalon.core.main.ScriptEngine.run(ScriptEngine.java:194)
	at com.kms.katalon.core.main.ScriptEngine.runScriptAsRawText(ScriptEngine.java:119)
	at com.kms.katalon.core.main.TestCaseExecutor.runScript(TestCaseExecutor.java:486)
	at com.kms.katalon.core.main.TestCaseExecutor.doExecute(TestCaseExecutor.java:477)
	at com.kms.katalon.core.main.TestCaseExecutor.processExecutionPhase(TestCaseExecutor.java:456)
	at com.kms.katalon.core.main.TestCaseExecutor.accessMainPhase(TestCaseExecutor.java:448)
	at com.kms.katalon.core.main.TestCaseExecutor.execute(TestCaseExecutor.java:322)
	at com.kms.katalon.core.main.TestCaseExecutor.execute(TestCaseExecutor.java:406)
	at com.kms.katalon.core.main.TestCaseExecutor.execute(TestCaseExecutor.java:406)
	at com.kms.katalon.core.common.CommonExecutor.accessTestCaseMainPhase(CommonExecutor.java:71)
	at com.kms.katalon.core.main.TestSuiteExecutor.accessTestSuiteMainPhase(TestSuiteExecutor.java:145)
	at com.kms.katalon.core.main.TestSuiteExecutor.execute(TestSuiteExecutor.java:104)
	at com.kms.katalon.core.main.TestCaseMain.startTestSuite(TestCaseMain.java:205)
	at TempTestSuite1755620794647.run(TempTestSuite1755620794647.groovy:35)
	at java.base/jdk.internal.reflect.NativeMethodAccessorImpl.invoke0(Native Method)
	at java.base/jdk.internal.reflect.NativeMethodAccessorImpl.invoke(NativeMethodAccessorImpl.java:77)
	at java.base/jdk.internal.reflect.DelegatingMethodAccessorImpl.invoke(DelegatingMethodAccessorImpl.java:43)
Caused by: com.kms.katalon.core.exception.StepFailedException: Text 'Thank you for filling out the form.' is not present on page 
	at com.kms.katalon.core.webui.keyword.internal.WebUIKeywordMain.stepFailed(WebUIKeywordMain.groovy:175)
	at com.kms.katalon.core.webui.keyword.builtin.VerifyTextPresentKeyword$_verifyTextPresent_closure1.doCall(VerifyTextPresentKeyword.groovy:79)
	at com.kms.katalon.core.webui.keyword.builtin.VerifyTextPresentKeyword$_verifyTextPresent_closure1.call(VerifyTextPresentKeyword.groovy)
	at com.kms.katalon.core.webui.keyword.internal.WebUIKeywordMain.runKeyword(WebUIKeywordMain.groovy:41)
	... 22 more
)
[[ATTACHMENT|C:\\Users\\Winnie Lim\\git\\ProjectTestForm\\Reports\\20250820_002633\\TS2_Data Driven Suite\\20250820_002634\\1755620962046.png]]]]></system-out>
         <system-err><![CDATA[20-08-2025T00:28:55 - [TEST_CASE][FAILED] - Test Cases/FormPage/TC10_DataDriven_Successful Submission: Test Cases/FormPage/TC10_DataDriven_Successful Submission FAILED.
Reason:
com.kms.katalon.core.exception.StepFailedException: Unable to verify text 'Thank you for filling out the form.' is present 
	at com.kms.katalon.core.webui.keyword.internal.WebUIKeywordMain.stepFailed(WebUIKeywordMain.groovy:175)
	at com.kms.katalon.core.webui.keyword.internal.WebUIKeywordMain.runKeyword(WebUIKeywordMain.groovy:49)
	at com.kms.katalon.core.webui.keyword.builtin.VerifyTextPresentKeyword.verifyTextPresent(VerifyTextPresentKeyword.groovy:83)
	at com.kms.katalon.core.webui.keyword.builtin.VerifyTextPresentKeyword.execute(VerifyTextPresentKeyword.groovy:68)
	at com.kms.katalon.core.keyword.internal.KeywordExecutor.executeKeywordForPlatform(KeywordExecutor.groovy:79)
	at com.kms.katalon.core.webui.keyword.WebUiBuiltInKeywords.verifyTextPresent(WebUiBuiltInKeywords.groovy:1799)
	at TC10_DataDriven_Successful Submission.run(TC10_DataDriven_Successful Submission:67)
	at com.kms.katalon.core.main.ScriptEngine.run(ScriptEngine.java:194)
	at com.kms.katalon.core.main.ScriptEngine.runScriptAsRawText(ScriptEngine.java:119)
	at com.kms.katalon.core.main.TestCaseExecutor.runScript(TestCaseExecutor.java:486)
	at com.kms.katalon.core.main.TestCaseExecutor.doExecute(TestCaseExecutor.java:477)
	at com.kms.katalon.core.main.TestCaseExecutor.processExecutionPhase(TestCaseExecutor.java:456)
	at com.kms.katalon.core.main.TestCaseExecutor.accessMainPhase(TestCaseExecutor.java:448)
	at com.kms.katalon.core.main.TestCaseExecutor.execute(TestCaseExecutor.java:322)
	at com.kms.katalon.core.main.TestCaseExecutor.execute(TestCaseExecutor.java:406)
	at com.kms.katalon.core.main.TestCaseExecutor.execute(TestCaseExecutor.java:406)
	at com.kms.katalon.core.common.CommonExecutor.accessTestCaseMainPhase(CommonExecutor.java:71)
	at com.kms.katalon.core.main.TestSuiteExecutor.accessTestSuiteMainPhase(TestSuiteExecutor.java:145)
	at com.kms.katalon.core.main.TestSuiteExecutor.execute(TestSuiteExecutor.java:104)
	at com.kms.katalon.core.main.TestCaseMain.startTestSuite(TestCaseMain.java:205)
	at TempTestSuite1755620794647.run(TempTestSuite1755620794647.groovy:35)
	at java.base/jdk.internal.reflect.NativeMethodAccessorImpl.invoke0(Native Method)
	at java.base/jdk.internal.reflect.NativeMethodAccessorImpl.invoke(NativeMethodAccessorImpl.java:77)
	at java.base/jdk.internal.reflect.DelegatingMethodAccessorImpl.invoke(DelegatingMethodAccessorImpl.java:43)
Caused by: com.kms.katalon.core.exception.StepFailedException: Text 'Thank you for filling out the form.' is not present on page 
	at com.kms.katalon.core.webui.keyword.internal.WebUIKeywordMain.stepFailed(WebUIKeywordMain.groovy:175)
	at com.kms.katalon.core.webui.keyword.builtin.VerifyTextPresentKeyword$_verifyTextPresent_closure1.doCall(VerifyTextPresentKeyword.groovy:79)
	at com.kms.katalon.core.webui.keyword.builtin.VerifyTextPresentKeyword$_verifyTextPresent_closure1.call(VerifyTextPresentKeyword.groovy)
	at com.kms.katalon.core.webui.keyword.internal.WebUIKeywordMain.runKeyword(WebUIKeywordMain.groovy:41)
	... 22 more]]></system-err>
      </testcase>
      <testcase name="Test Cases/FormPage/TC10_DataDriven_Successful Submission" time="26.557" classname="Test Cases/FormPage/TC10_DataDriven_Successful Submission" status="FAILED">
         <properties>
            <property name="data_binding"><![CDATA[{"DateOfBirth":"23011980","MobileNumber":"89876543","Email":"amy@hotmail.com","Address":"345 Bukit Timah Singapore","FirstName":"Danie","Hobby":"Reading","LastName":"Amy","Gender":"Male","Location":"West"}]]></property>
         </properties>
         <failure type="FAILED" message="Test Cases/FormPage/TC10_DataDriven_Successful Submission FAILED.&#xa;Reason:&#xa;com.kms.katalon.core.exception.StepFailedException: Unable to verify text 'Thank you for filling out the form.' is present &#xa;	at com.kms.katalon.core.webui.keyword.internal.WebUIKeywordMain.stepFailed(WebUIKeywordMain.groovy:175)&#xa;	at com.kms.katalon.core.webui.keyword.internal.WebUIKeywordMain.runKeyword(WebUIKeywordMain.groovy:49)&#xa;	at com.kms.katalon.core.webui.keyword.builtin.VerifyTextPresentKeyword.verifyTextPresent(VerifyTextPresentKeyword.groovy:83)&#xa;	at com.kms.katalon.core.webui.keyword.builtin.VerifyTextPresentKeyword.execute(VerifyTextPresentKeyword.groovy:68)&#xa;	at com.kms.katalon.core.keyword.internal.KeywordExecutor.executeKeywordForPlatform(KeywordExecutor.groovy:79)&#xa;	at com.kms.katalon.core.webui.keyword.WebUiBuiltInKeywords.verifyTextPresent(WebUiBuiltInKeywords.groovy:1799)&#xa;	at TC10_DataDriven_Successful Submission.run(TC10_DataDriven_Successful Submission:67)&#xa;	at com.kms.katalon.core.main.ScriptEngine.run(ScriptEngine.java:194)&#xa;	at com.kms.katalon.core.main.ScriptEngine.runScriptAsRawText(ScriptEngine.java:119)&#xa;	at com.kms.katalon.core.main.TestCaseExecutor.runScript(TestCaseExecutor.java:486)&#xa;	at com.kms.katalon.core.main.TestCaseExecutor.doExecute(TestCaseExecutor.java:477)&#xa;	at com.kms.katalon.core.main.TestCaseExecutor.processExecutionPhase(TestCaseExecutor.java:456)&#xa;	at com.kms.katalon.core.main.TestCaseExecutor.accessMainPhase(TestCaseExecutor.java:448)&#xa;	at com.kms.katalon.core.main.TestCaseExecutor.execute(TestCaseExecutor.java:322)&#xa;	at com.kms.katalon.core.main.TestCaseExecutor.execute(TestCaseExecutor.java:406)&#xa;	at com.kms.katalon.core.main.TestCaseExecutor.execute(TestCaseExecutor.java:406)&#xa;	at com.kms.katalon.core.common.CommonExecutor.accessTestCaseMainPhase(CommonExecutor.java:71)&#xa;	at com.kms.katalon.core.main.TestSuiteExecutor.accessTestSuiteMainPhase(TestSuiteExecutor.java:145)&#xa;	at com.kms.katalon.core.main.TestSuiteExecutor.execute(TestSuiteExecutor.java:104)&#xa;	at com.kms.katalon.core.main.TestCaseMain.startTestSuite(TestCaseMain.java:205)&#xa;	at TempTestSuite1755620794647.run(TempTestSuite1755620794647.groovy:35)&#xa;	at java.base/jdk.internal.reflect.NativeMethodAccessorImpl.invoke0(Native Method)&#xa;	at java.base/jdk.internal.reflect.NativeMethodAccessorImpl.invoke(NativeMethodAccessorImpl.java:77)&#xa;	at java.base/jdk.internal.reflect.DelegatingMethodAccessorImpl.invoke(DelegatingMethodAccessorImpl.java:43)&#xa;Caused by: com.kms.katalon.core.exception.StepFailedException: Text 'Thank you for filling out the form.' is not present on page &#xa;	at com.kms.katalon.core.webui.keyword.internal.WebUIKeywordMain.stepFailed(WebUIKeywordMain.groovy:175)&#xa;	at com.kms.katalon.core.webui.keyword.builtin.VerifyTextPresentKeyword$_verifyTextPresent_closure1.doCall(VerifyTextPresentKeyword.groovy:79)&#xa;	at com.kms.katalon.core.webui.keyword.builtin.VerifyTextPresentKeyword$_verifyTextPresent_closure1.call(VerifyTextPresentKeyword.groovy)&#xa;	at com.kms.katalon.core.webui.keyword.internal.WebUIKeywordMain.runKeyword(WebUIKeywordMain.groovy:41)&#xa;	... 22 more&#xa;"/>
         <system-out><![CDATA[20-08-2025T00:30:14 - [TEST_CASE][FAILED] - Test Cases/FormPage/TC10_DataDriven_Successful Submission: Test Cases/FormPage/TC10_DataDriven_Successful Submission FAILED.
Reason:
com.kms.katalon.core.exception.StepFailedException: Unable to verify text 'Thank you for filling out the form.' is present 
	at com.kms.katalon.core.webui.keyword.internal.WebUIKeywordMain.stepFailed(WebUIKeywordMain.groovy:175)
	at com.kms.katalon.core.webui.keyword.internal.WebUIKeywordMain.runKeyword(WebUIKeywordMain.groovy:49)
	at com.kms.katalon.core.webui.keyword.builtin.VerifyTextPresentKeyword.verifyTextPresent(VerifyTextPresentKeyword.groovy:83)
	at com.kms.katalon.core.webui.keyword.builtin.VerifyTextPresentKeyword.execute(VerifyTextPresentKeyword.groovy:68)
	at com.kms.katalon.core.keyword.internal.KeywordExecutor.executeKeywordForPlatform(KeywordExecutor.groovy:79)
	at com.kms.katalon.core.webui.keyword.WebUiBuiltInKeywords.verifyTextPresent(WebUiBuiltInKeywords.groovy:1799)
	at TC10_DataDriven_Successful Submission.run(TC10_DataDriven_Successful Submission:67)
	at com.kms.katalon.core.main.ScriptEngine.run(ScriptEngine.java:194)
	at com.kms.katalon.core.main.ScriptEngine.runScriptAsRawText(ScriptEngine.java:119)
	at com.kms.katalon.core.main.TestCaseExecutor.runScript(TestCaseExecutor.java:486)
	at com.kms.katalon.core.main.TestCaseExecutor.doExecute(TestCaseExecutor.java:477)
	at com.kms.katalon.core.main.TestCaseExecutor.processExecutionPhase(TestCaseExecutor.java:456)
	at com.kms.katalon.core.main.TestCaseExecutor.accessMainPhase(TestCaseExecutor.java:448)
	at com.kms.katalon.core.main.TestCaseExecutor.execute(TestCaseExecutor.java:322)
	at com.kms.katalon.core.main.TestCaseExecutor.execute(TestCaseExecutor.java:406)
	at com.kms.katalon.core.main.TestCaseExecutor.execute(TestCaseExecutor.java:406)
	at com.kms.katalon.core.common.CommonExecutor.accessTestCaseMainPhase(CommonExecutor.java:71)
	at com.kms.katalon.core.main.TestSuiteExecutor.accessTestSuiteMainPhase(TestSuiteExecutor.java:145)
	at com.kms.katalon.core.main.TestSuiteExecutor.execute(TestSuiteExecutor.java:104)
	at com.kms.katalon.core.main.TestCaseMain.startTestSuite(TestCaseMain.java:205)
	at TempTestSuite1755620794647.run(TempTestSuite1755620794647.groovy:35)
	at java.base/jdk.internal.reflect.NativeMethodAccessorImpl.invoke0(Native Method)
	at java.base/jdk.internal.reflect.NativeMethodAccessorImpl.invoke(NativeMethodAccessorImpl.java:77)
	at java.base/jdk.internal.reflect.DelegatingMethodAccessorImpl.invoke(DelegatingMethodAccessorImpl.java:43)
Caused by: com.kms.katalon.core.exception.StepFailedException: Text 'Thank you for filling out the form.' is not present on page 
	at com.kms.katalon.core.webui.keyword.internal.WebUIKeywordMain.stepFailed(WebUIKeywordMain.groovy:175)
	at com.kms.katalon.core.webui.keyword.builtin.VerifyTextPresentKeyword$_verifyTextPresent_closure1.doCall(VerifyTextPresentKeyword.groovy:79)
	at com.kms.katalon.core.webui.keyword.builtin.VerifyTextPresentKeyword$_verifyTextPresent_closure1.call(VerifyTextPresentKeyword.groovy)
	at com.kms.katalon.core.webui.keyword.internal.WebUIKeywordMain.runKeyword(WebUIKeywordMain.groovy:41)
	... 22 more


20-08-2025T00:30:14 - [TEST_STEP][PASSED] - callTestCase(findTestCase("Common/TC_Launch Browser"), [:], STOP_ON_FAILURE): Call Test Case 'Test Cases/Common/TC_Launch Browser' successfully

20-08-2025T00:30:14 - [TEST_CASE][PASSED] - Test Cases/Common/TC_Launch Browser: Test Cases/Common/TC_Launch Browser

20-08-2025T00:30:14 - [TEST_STEP][PASSED] - openBrowser("http://go.gov.sg/gt-qe"): Browser is opened with url: 'http://go.gov.sg/gt-qe'

20-08-2025T00:30:14 - [MESSAGE][WARNING] - A browser is already opened. Closing browser and opening a new one

20-08-2025T00:30:14 - [MESSAGE][INFO] - Starting 'Chrome' driver

20-08-2025T00:30:14 - [MESSAGE][INFO] - Action delay is set to 0 milliseconds

20-08-2025T00:30:16 - [MESSAGE][PASSED] - Browser is opened with url: 'http://go.gov.sg/gt-qe'

20-08-2025T00:30:16 - [TEST_STEP][PASSED] - maximizeWindow(): Current window maximized

20-08-2025T00:30:16 - [MESSAGE][PASSED] - Current window maximized

20-08-2025T00:30:16 - [TEST_STEP][NOT_RUN] - navigateToUrl("http://go.gov.sg/gt-qe"): NOT_RUN: navigateToUrl("http://go.gov.sg/gt-qe")

20-08-2025T00:30:16 - [MESSAGE][NOT_RUN] - NOT_RUN: navigateToUrl("http://go.gov.sg/gt-qe")

20-08-2025T00:30:16 - [TEST_STEP][PASSED] - delay(5): Delayed 5 second(s)

20-08-2025T00:30:21 - [MESSAGE][PASSED] - Delayed 5 second(s)

20-08-2025T00:30:21 - [MESSAGE][PASSED] - Call Test Case 'Test Cases/Common/TC_Launch Browser' successfully

20-08-2025T00:30:21 - [TEST_STEP][PASSED] - setText(findTestObject("Module/Test Form/input_First Name"), FirstName): Text 'Danie' is set on object 'Object Repository/Module/Test Form/input_First Name'

20-08-2025T00:30:25 - [MESSAGE][PASSED] - Text 'Danie' is set on object 'Object Repository/Module/Test Form/input_First Name'

20-08-2025T00:30:25 - [TEST_STEP][PASSED] - setText(findTestObject("Module/Test Form/input_Last Name"), LastName): Text 'Amy' is set on object 'Object Repository/Module/Test Form/input_Last Name'

20-08-2025T00:30:26 - [MESSAGE][PASSED] - Text 'Amy' is set on object 'Object Repository/Module/Test Form/input_Last Name'

20-08-2025T00:30:26 - [TEST_STEP][PASSED] - setText(findTestObject("Module/Test Form/input_Email"), Email): Text 'amy@hotmail.com' is set on object 'Object Repository/Module/Test Form/input_Email'

20-08-2025T00:30:27 - [MESSAGE][PASSED] - Text 'amy@hotmail.com' is set on object 'Object Repository/Module/Test Form/input_Email'

20-08-2025T00:30:27 - [TEST_STEP][PASSED] - if (Gender == "Male"): Object: 'Object Repository/Module/Test Form/radiobutton_Male' is clicked on

20-08-2025T00:30:27 - [TEST_STEP][PASSED] - click(findTestObject("Module/Test Form/radiobutton_Male")): Object: 'Object Repository/Module/Test Form/radiobutton_Male' is clicked on

20-08-2025T00:30:27 - [MESSAGE][PASSED] - Object: 'Object Repository/Module/Test Form/radiobutton_Male' is clicked on

20-08-2025T00:30:27 - [TEST_STEP][PASSED] - setText(findTestObject("Module/Test Form/input_Mobile number"), MobileNumber): Text '89876543' is set on object 'Object Repository/Module/Test Form/input_Mobile number'

20-08-2025T00:30:28 - [MESSAGE][PASSED] - Text '89876543' is set on object 'Object Repository/Module/Test Form/input_Mobile number'

20-08-2025T00:30:28 - [TEST_STEP][PASSED] - click(findTestObject("Module/Test Form/input_Date of Birth")): Object: 'Object Repository/Module/Test Form/input_Date of Birth' is clicked on

20-08-2025T00:30:29 - [MESSAGE][PASSED] - Object: 'Object Repository/Module/Test Form/input_Date of Birth' is clicked on

20-08-2025T00:30:29 - [TEST_STEP][PASSED] - delay(3): Delayed 3 second(s)

20-08-2025T00:30:32 - [MESSAGE][PASSED] - Delayed 3 second(s)

20-08-2025T00:30:32 - [TEST_STEP][PASSED] - focus(findTestObject("Module/Test Form/input_Date of Birth"), STOP_ON_FAILURE): Object: 'Object Repository/Module/Test Form/input_Date of Birth' is focused

20-08-2025T00:30:32 - [MESSAGE][PASSED] - Object: 'Object Repository/Module/Test Form/input_Date of Birth' is focused

20-08-2025T00:30:32 - [TEST_STEP][PASSED] - sendKeys(findTestObject("Module/Test Form/input_Date of Birth"), DateOfBirth): Keys '23011980' sent to object: 'Object Repository/Module/Test Form/input_Date of Birth'

20-08-2025T00:30:32 - [MESSAGE][PASSED] - Keys '23011980' sent to object: 'Object Repository/Module/Test Form/input_Date of Birth'

20-08-2025T00:30:32 - [TEST_STEP][PASSED] - if (Hobby == "Sport"): null

20-08-2025T00:30:32 - [TEST_STEP][PASSED] - else if (Hobby == "Music"): null

20-08-2025T00:30:32 - [TEST_STEP][PASSED] - else: Object: 'Object Repository/Module/Test Form/checkbox_Reading' is clicked on

20-08-2025T00:30:32 - [TEST_STEP][PASSED] - click(findTestObject("Module/Test Form/checkbox_Reading")): Object: 'Object Repository/Module/Test Form/checkbox_Reading' is clicked on

20-08-2025T00:30:33 - [MESSAGE][PASSED] - Object: 'Object Repository/Module/Test Form/checkbox_Reading' is clicked on

20-08-2025T00:30:33 - [TEST_STEP][PASSED] - click(findTestObject("Module/Test Form/dropdown_SelectLocation")): Object: 'Object Repository/Module/Test Form/dropdown_SelectLocation' is clicked on

20-08-2025T00:30:33 - [MESSAGE][PASSED] - Object: 'Object Repository/Module/Test Form/dropdown_SelectLocation' is clicked on

20-08-2025T00:30:33 - [TEST_STEP][PASSED] - setText(findTestObject("Module/Test Form/input_Location(optional)"), Location, STOP_ON_FAILURE): Text 'West' is set on object 'Object Repository/Module/Test Form/input_Location(optional)'

20-08-2025T00:30:34 - [MESSAGE][PASSED] - Text 'West' is set on object 'Object Repository/Module/Test Form/input_Location(optional)'

20-08-2025T00:30:34 - [TEST_STEP][PASSED] - delay(3): Delayed 3 second(s)

20-08-2025T00:30:37 - [MESSAGE][PASSED] - Delayed 3 second(s)

20-08-2025T00:30:37 - [TEST_STEP][PASSED] - sendKeys(findTestObject("Module/Test Form/input_Location(optional)"), Keys.chord(ENTER)): Keys 'ENTER + ' sent to object: 'Object Repository/Module/Test Form/input_Location(optional)'

20-08-2025T00:30:38 - [MESSAGE][PASSED] - Keys 'ENTER + ' sent to object: 'Object Repository/Module/Test Form/input_Location(optional)'

20-08-2025T00:30:38 - [TEST_STEP][PASSED] - setText(findTestObject("Module/Test Form/textarea_Address(optional)"), Address): Text '345 Bukit Timah Singapore' is set on object 'Object Repository/Module/Test Form/textarea_Address(optional)'

20-08-2025T00:30:39 - [MESSAGE][PASSED] - Text '345 Bukit Timah Singapore' is set on object 'Object Repository/Module/Test Form/textarea_Address(optional)'

20-08-2025T00:30:39 - [TEST_STEP][PASSED] - click(findTestObject("Module/Test Form/button_Submit now")): Object: 'Object Repository/Module/Test Form/button_Submit now' is clicked on

20-08-2025T00:30:40 - [MESSAGE][PASSED] - Object: 'Object Repository/Module/Test Form/button_Submit now' is clicked on

20-08-2025T00:30:40 - [TEST_STEP][FAILED] - verifyTextPresent("Thank you for filling out the form.", false): Unable to verify text 'Thank you for filling out the form.' is present  (Root cause: com.kms.katalon.core.exception.StepFailedException: Unable to verify text 'Thank you for filling out the form.' is present 
	at com.kms.katalon.core.webui.keyword.internal.WebUIKeywordMain.stepFailed(WebUIKeywordMain.groovy:175)
	at com.kms.katalon.core.webui.keyword.internal.WebUIKeywordMain.runKeyword(WebUIKeywordMain.groovy:49)
	at com.kms.katalon.core.webui.keyword.builtin.VerifyTextPresentKeyword.verifyTextPresent(VerifyTextPresentKeyword.groovy:83)
	at com.kms.katalon.core.webui.keyword.builtin.VerifyTextPresentKeyword.execute(VerifyTextPresentKeyword.groovy:68)
	at com.kms.katalon.core.keyword.internal.KeywordExecutor.executeKeywordForPlatform(KeywordExecutor.groovy:79)
	at com.kms.katalon.core.webui.keyword.WebUiBuiltInKeywords.verifyTextPresent(WebUiBuiltInKeywords.groovy:1799)
	at TC10_DataDriven_Successful Submission.run(TC10_DataDriven_Successful Submission:67)
	at com.kms.katalon.core.main.ScriptEngine.run(ScriptEngine.java:194)
	at com.kms.katalon.core.main.ScriptEngine.runScriptAsRawText(ScriptEngine.java:119)
	at com.kms.katalon.core.main.TestCaseExecutor.runScript(TestCaseExecutor.java:486)
	at com.kms.katalon.core.main.TestCaseExecutor.doExecute(TestCaseExecutor.java:477)
	at com.kms.katalon.core.main.TestCaseExecutor.processExecutionPhase(TestCaseExecutor.java:456)
	at com.kms.katalon.core.main.TestCaseExecutor.accessMainPhase(TestCaseExecutor.java:448)
	at com.kms.katalon.core.main.TestCaseExecutor.execute(TestCaseExecutor.java:322)
	at com.kms.katalon.core.main.TestCaseExecutor.execute(TestCaseExecutor.java:406)
	at com.kms.katalon.core.main.TestCaseExecutor.execute(TestCaseExecutor.java:406)
	at com.kms.katalon.core.common.CommonExecutor.accessTestCaseMainPhase(CommonExecutor.java:71)
	at com.kms.katalon.core.main.TestSuiteExecutor.accessTestSuiteMainPhase(TestSuiteExecutor.java:145)
	at com.kms.katalon.core.main.TestSuiteExecutor.execute(TestSuiteExecutor.java:104)
	at com.kms.katalon.core.main.TestCaseMain.startTestSuite(TestCaseMain.java:205)
	at TempTestSuite1755620794647.run(TempTestSuite1755620794647.groovy:35)
	at java.base/jdk.internal.reflect.NativeMethodAccessorImpl.invoke0(Native Method)
	at java.base/jdk.internal.reflect.NativeMethodAccessorImpl.invoke(NativeMethodAccessorImpl.java:77)
	at java.base/jdk.internal.reflect.DelegatingMethodAccessorImpl.invoke(DelegatingMethodAccessorImpl.java:43)
Caused by: com.kms.katalon.core.exception.StepFailedException: Text 'Thank you for filling out the form.' is not present on page 
	at com.kms.katalon.core.webui.keyword.internal.WebUIKeywordMain.stepFailed(WebUIKeywordMain.groovy:175)
	at com.kms.katalon.core.webui.keyword.builtin.VerifyTextPresentKeyword$_verifyTextPresent_closure1.doCall(VerifyTextPresentKeyword.groovy:79)
	at com.kms.katalon.core.webui.keyword.builtin.VerifyTextPresentKeyword$_verifyTextPresent_closure1.call(VerifyTextPresentKeyword.groovy)
	at com.kms.katalon.core.webui.keyword.internal.WebUIKeywordMain.runKeyword(WebUIKeywordMain.groovy:41)
	... 22 more
)

20-08-2025T00:30:40 - [MESSAGE][FAILED] - Text 'Thank you for filling out the form.' is not present on page  (Root cause: com.kms.katalon.core.exception.StepFailedException: Text 'Thank you for filling out the form.' is not present on page 
	at com.kms.katalon.core.webui.keyword.internal.WebUIKeywordMain.stepFailed(WebUIKeywordMain.groovy:175)
	at com.kms.katalon.core.webui.keyword.builtin.VerifyTextPresentKeyword$_verifyTextPresent_closure1.doCall(VerifyTextPresentKeyword.groovy:79)
	at com.kms.katalon.core.webui.keyword.builtin.VerifyTextPresentKeyword$_verifyTextPresent_closure1.call(VerifyTextPresentKeyword.groovy)
	at com.kms.katalon.core.webui.keyword.internal.WebUIKeywordMain.runKeyword(WebUIKeywordMain.groovy:41)
	at com.kms.katalon.core.webui.keyword.builtin.VerifyTextPresentKeyword.verifyTextPresent(VerifyTextPresentKeyword.groovy:83)
	at com.kms.katalon.core.webui.keyword.builtin.VerifyTextPresentKeyword.execute(VerifyTextPresentKeyword.groovy:68)
	at com.kms.katalon.core.keyword.internal.KeywordExecutor.executeKeywordForPlatform(KeywordExecutor.groovy:79)
	at com.kms.katalon.core.webui.keyword.WebUiBuiltInKeywords.verifyTextPresent(WebUiBuiltInKeywords.groovy:1799)
	at TC10_DataDriven_Successful Submission.run(TC10_DataDriven_Successful Submission:67)
	at com.kms.katalon.core.main.ScriptEngine.run(ScriptEngine.java:194)
	at com.kms.katalon.core.main.ScriptEngine.runScriptAsRawText(ScriptEngine.java:119)
	at com.kms.katalon.core.main.TestCaseExecutor.runScript(TestCaseExecutor.java:486)
	at com.kms.katalon.core.main.TestCaseExecutor.doExecute(TestCaseExecutor.java:477)
	at com.kms.katalon.core.main.TestCaseExecutor.processExecutionPhase(TestCaseExecutor.java:456)
	at com.kms.katalon.core.main.TestCaseExecutor.accessMainPhase(TestCaseExecutor.java:448)
	at com.kms.katalon.core.main.TestCaseExecutor.execute(TestCaseExecutor.java:322)
	at com.kms.katalon.core.main.TestCaseExecutor.execute(TestCaseExecutor.java:406)
	at com.kms.katalon.core.main.TestCaseExecutor.execute(TestCaseExecutor.java:406)
	at com.kms.katalon.core.common.CommonExecutor.accessTestCaseMainPhase(CommonExecutor.java:71)
	at com.kms.katalon.core.main.TestSuiteExecutor.accessTestSuiteMainPhase(TestSuiteExecutor.java:145)
	at com.kms.katalon.core.main.TestSuiteExecutor.execute(TestSuiteExecutor.java:104)
	at com.kms.katalon.core.main.TestCaseMain.startTestSuite(TestCaseMain.java:205)
	at TempTestSuite1755620794647.run(TempTestSuite1755620794647.groovy:35)
	at java.base/jdk.internal.reflect.NativeMethodAccessorImpl.invoke0(Native Method)
	at java.base/jdk.internal.reflect.NativeMethodAccessorImpl.invoke(NativeMethodAccessorImpl.java:77)
	at java.base/jdk.internal.reflect.DelegatingMethodAccessorImpl.invoke(DelegatingMethodAccessorImpl.java:43)
)

20-08-2025T00:30:40 - [MESSAGE][FAILED] - Unable to verify text 'Thank you for filling out the form.' is present  (Root cause: com.kms.katalon.core.exception.StepFailedException: Unable to verify text 'Thank you for filling out the form.' is present 
	at com.kms.katalon.core.webui.keyword.internal.WebUIKeywordMain.stepFailed(WebUIKeywordMain.groovy:175)
	at com.kms.katalon.core.webui.keyword.internal.WebUIKeywordMain.runKeyword(WebUIKeywordMain.groovy:49)
	at com.kms.katalon.core.webui.keyword.builtin.VerifyTextPresentKeyword.verifyTextPresent(VerifyTextPresentKeyword.groovy:83)
	at com.kms.katalon.core.webui.keyword.builtin.VerifyTextPresentKeyword.execute(VerifyTextPresentKeyword.groovy:68)
	at com.kms.katalon.core.keyword.internal.KeywordExecutor.executeKeywordForPlatform(KeywordExecutor.groovy:79)
	at com.kms.katalon.core.webui.keyword.WebUiBuiltInKeywords.verifyTextPresent(WebUiBuiltInKeywords.groovy:1799)
	at TC10_DataDriven_Successful Submission.run(TC10_DataDriven_Successful Submission:67)
	at com.kms.katalon.core.main.ScriptEngine.run(ScriptEngine.java:194)
	at com.kms.katalon.core.main.ScriptEngine.runScriptAsRawText(ScriptEngine.java:119)
	at com.kms.katalon.core.main.TestCaseExecutor.runScript(TestCaseExecutor.java:486)
	at com.kms.katalon.core.main.TestCaseExecutor.doExecute(TestCaseExecutor.java:477)
	at com.kms.katalon.core.main.TestCaseExecutor.processExecutionPhase(TestCaseExecutor.java:456)
	at com.kms.katalon.core.main.TestCaseExecutor.accessMainPhase(TestCaseExecutor.java:448)
	at com.kms.katalon.core.main.TestCaseExecutor.execute(TestCaseExecutor.java:322)
	at com.kms.katalon.core.main.TestCaseExecutor.execute(TestCaseExecutor.java:406)
	at com.kms.katalon.core.main.TestCaseExecutor.execute(TestCaseExecutor.java:406)
	at com.kms.katalon.core.common.CommonExecutor.accessTestCaseMainPhase(CommonExecutor.java:71)
	at com.kms.katalon.core.main.TestSuiteExecutor.accessTestSuiteMainPhase(TestSuiteExecutor.java:145)
	at com.kms.katalon.core.main.TestSuiteExecutor.execute(TestSuiteExecutor.java:104)
	at com.kms.katalon.core.main.TestCaseMain.startTestSuite(TestCaseMain.java:205)
	at TempTestSuite1755620794647.run(TempTestSuite1755620794647.groovy:35)
	at java.base/jdk.internal.reflect.NativeMethodAccessorImpl.invoke0(Native Method)
	at java.base/jdk.internal.reflect.NativeMethodAccessorImpl.invoke(NativeMethodAccessorImpl.java:77)
	at java.base/jdk.internal.reflect.DelegatingMethodAccessorImpl.invoke(DelegatingMethodAccessorImpl.java:43)
Caused by: com.kms.katalon.core.exception.StepFailedException: Text 'Thank you for filling out the form.' is not present on page 
	at com.kms.katalon.core.webui.keyword.internal.WebUIKeywordMain.stepFailed(WebUIKeywordMain.groovy:175)
	at com.kms.katalon.core.webui.keyword.builtin.VerifyTextPresentKeyword$_verifyTextPresent_closure1.doCall(VerifyTextPresentKeyword.groovy:79)
	at com.kms.katalon.core.webui.keyword.builtin.VerifyTextPresentKeyword$_verifyTextPresent_closure1.call(VerifyTextPresentKeyword.groovy)
	at com.kms.katalon.core.webui.keyword.internal.WebUIKeywordMain.runKeyword(WebUIKeywordMain.groovy:41)
	... 22 more
)
[[ATTACHMENT|C:\\Users\\Winnie Lim\\git\\ProjectTestForm\\Reports\\20250820_002633\\TS2_Data Driven Suite\\20250820_002634\\1755621040662.png]]]]></system-out>
         <system-err><![CDATA[20-08-2025T00:30:14 - [TEST_CASE][FAILED] - Test Cases/FormPage/TC10_DataDriven_Successful Submission: Test Cases/FormPage/TC10_DataDriven_Successful Submission FAILED.
Reason:
com.kms.katalon.core.exception.StepFailedException: Unable to verify text 'Thank you for filling out the form.' is present 
	at com.kms.katalon.core.webui.keyword.internal.WebUIKeywordMain.stepFailed(WebUIKeywordMain.groovy:175)
	at com.kms.katalon.core.webui.keyword.internal.WebUIKeywordMain.runKeyword(WebUIKeywordMain.groovy:49)
	at com.kms.katalon.core.webui.keyword.builtin.VerifyTextPresentKeyword.verifyTextPresent(VerifyTextPresentKeyword.groovy:83)
	at com.kms.katalon.core.webui.keyword.builtin.VerifyTextPresentKeyword.execute(VerifyTextPresentKeyword.groovy:68)
	at com.kms.katalon.core.keyword.internal.KeywordExecutor.executeKeywordForPlatform(KeywordExecutor.groovy:79)
	at com.kms.katalon.core.webui.keyword.WebUiBuiltInKeywords.verifyTextPresent(WebUiBuiltInKeywords.groovy:1799)
	at TC10_DataDriven_Successful Submission.run(TC10_DataDriven_Successful Submission:67)
	at com.kms.katalon.core.main.ScriptEngine.run(ScriptEngine.java:194)
	at com.kms.katalon.core.main.ScriptEngine.runScriptAsRawText(ScriptEngine.java:119)
	at com.kms.katalon.core.main.TestCaseExecutor.runScript(TestCaseExecutor.java:486)
	at com.kms.katalon.core.main.TestCaseExecutor.doExecute(TestCaseExecutor.java:477)
	at com.kms.katalon.core.main.TestCaseExecutor.processExecutionPhase(TestCaseExecutor.java:456)
	at com.kms.katalon.core.main.TestCaseExecutor.accessMainPhase(TestCaseExecutor.java:448)
	at com.kms.katalon.core.main.TestCaseExecutor.execute(TestCaseExecutor.java:322)
	at com.kms.katalon.core.main.TestCaseExecutor.execute(TestCaseExecutor.java:406)
	at com.kms.katalon.core.main.TestCaseExecutor.execute(TestCaseExecutor.java:406)
	at com.kms.katalon.core.common.CommonExecutor.accessTestCaseMainPhase(CommonExecutor.java:71)
	at com.kms.katalon.core.main.TestSuiteExecutor.accessTestSuiteMainPhase(TestSuiteExecutor.java:145)
	at com.kms.katalon.core.main.TestSuiteExecutor.execute(TestSuiteExecutor.java:104)
	at com.kms.katalon.core.main.TestCaseMain.startTestSuite(TestCaseMain.java:205)
	at TempTestSuite1755620794647.run(TempTestSuite1755620794647.groovy:35)
	at java.base/jdk.internal.reflect.NativeMethodAccessorImpl.invoke0(Native Method)
	at java.base/jdk.internal.reflect.NativeMethodAccessorImpl.invoke(NativeMethodAccessorImpl.java:77)
	at java.base/jdk.internal.reflect.DelegatingMethodAccessorImpl.invoke(DelegatingMethodAccessorImpl.java:43)
Caused by: com.kms.katalon.core.exception.StepFailedException: Text 'Thank you for filling out the form.' is not present on page 
	at com.kms.katalon.core.webui.keyword.internal.WebUIKeywordMain.stepFailed(WebUIKeywordMain.groovy:175)
	at com.kms.katalon.core.webui.keyword.builtin.VerifyTextPresentKeyword$_verifyTextPresent_closure1.doCall(VerifyTextPresentKeyword.groovy:79)
	at com.kms.katalon.core.webui.keyword.builtin.VerifyTextPresentKeyword$_verifyTextPresent_closure1.call(VerifyTextPresentKeyword.groovy)
	at com.kms.katalon.core.webui.keyword.internal.WebUIKeywordMain.runKeyword(WebUIKeywordMain.groovy:41)
	... 22 more]]></system-err>
      </testcase>
      <system-out><![CDATA[20-08-2025T00:26:39 - [TEST_SUITE][FAILED] - TS2_Data Driven Suite: null]]></system-out>
      <system-err><![CDATA[20-08-2025T00:26:39 - [TEST_SUITE][FAILED] - TS2_Data Driven Suite: null]]></system-err>
   </testsuite>
</testsuites>
